{"total": {"lines":{"total":7669,"covered":1694,"skipped":0,"pct":22.08},"statements":{"total":7964,"covered":1826,"skipped":0,"pct":22.92},"functions":{"total":2576,"covered":427,"skipped":0,"pct":16.57},"branches":{"total":3014,"covered":508,"skipped":0,"pct":16.85},"branchesTrue":{"total":0,"covered":0,"skipped":0,"pct":100}}
,"/Volumes/Crucial_X8/code/SQE/updating/ScrollEditor/src/App.vue": {"lines":{"total":27,"covered":13,"skipped":0,"pct":48.14},"functions":{"total":10,"covered":3,"skipped":0,"pct":30},"statements":{"total":28,"covered":14,"skipped":0,"pct":50},"branches":{"total":10,"covered":8,"skipped":0,"pct":80}}
,"/Volumes/Crucial_X8/code/SQE/updating/ScrollEditor/src/main.ts": {"lines":{"total":16,"covered":16,"skipped":0,"pct":100},"functions":{"total":0,"covered":0,"skipped":0,"pct":100},"statements":{"total":16,"covered":16,"skipped":0,"pct":100},"branches":{"total":4,"covered":4,"skipped":0,"pct":100}}
,"/Volumes/Crucial_X8/code/SQE/updating/ScrollEditor/src/router.ts": {"lines":{"total":8,"covered":4,"skipped":0,"pct":50},"functions":{"total":2,"covered":2,"skipped":0,"pct":100},"statements":{"total":9,"covered":5,"skipped":0,"pct":55.55},"branches":{"total":4,"covered":0,"skipped":0,"pct":0}}
,"/Volumes/Crucial_X8/code/SQE/updating/ScrollEditor/src/components/search-bar.vue": {"lines":{"total":27,"covered":13,"skipped":0,"pct":48.14},"functions":{"total":19,"covered":4,"skipped":0,"pct":21.05},"statements":{"total":28,"covered":14,"skipped":0,"pct":50},"branches":{"total":24,"covered":14,"skipped":0,"pct":58.33}}
,"/Volumes/Crucial_X8/code/SQE/updating/ScrollEditor/src/components/artefact/artefact-data-mixin.ts": {"lines":{"total":20,"covered":4,"skipped":0,"pct":20},"functions":{"total":1,"covered":0,"skipped":0,"pct":0},"statements":{"total":20,"covered":4,"skipped":0,"pct":20},"branches":{"total":13,"covered":0,"skipped":0,"pct":0}}
,"/Volumes/Crucial_X8/code/SQE/updating/ScrollEditor/src/components/artefact/artefact-image.vue": {"lines":{"total":16,"covered":5,"skipped":0,"pct":31.25},"functions":{"total":5,"covered":0,"skipped":0,"pct":0},"statements":{"total":19,"covered":6,"skipped":0,"pct":31.57},"branches":{"total":4,"covered":0,"skipped":0,"pct":0}}
,"/Volumes/Crucial_X8/code/SQE/updating/ScrollEditor/src/components/artefact/artefact-svg.vue": {"lines":{"total":25,"covered":3,"skipped":0,"pct":12},"functions":{"total":5,"covered":0,"skipped":0,"pct":0},"statements":{"total":26,"covered":4,"skipped":0,"pct":15.38},"branches":{"total":8,"covered":0,"skipped":0,"pct":0}}
,"/Volumes/Crucial_X8/code/SQE/updating/ScrollEditor/src/components/artefact/async-mounted-mixin-base.ts": {"lines":{"total":3,"covered":2,"skipped":0,"pct":66.66},"functions":{"total":2,"covered":0,"skipped":0,"pct":0},"statements":{"total":3,"covered":2,"skipped":0,"pct":66.66},"branches":{"total":0,"covered":0,"skipped":0,"pct":100}}
,"/Volumes/Crucial_X8/code/SQE/updating/ScrollEditor/src/components/comment/comment.vue": {"lines":{"total":35,"covered":7,"skipped":0,"pct":20},"functions":{"total":18,"covered":0,"skipped":0,"pct":0},"statements":{"total":36,"covered":8,"skipped":0,"pct":22.22},"branches":{"total":32,"covered":0,"skipped":0,"pct":0}}
,"/Volumes/Crucial_X8/code/SQE/updating/ScrollEditor/src/components/cues/edition-icons.vue": {"lines":{"total":7,"covered":7,"skipped":0,"pct":100},"functions":{"total":3,"covered":3,"skipped":0,"pct":100},"statements":{"total":10,"covered":10,"skipped":0,"pct":100},"branches":{"total":8,"covered":5,"skipped":0,"pct":62.5}}
,"/Volumes/Crucial_X8/code/SQE/updating/ScrollEditor/src/components/image-settings/ImageSettings.vue": {"lines":{"total":7,"covered":4,"skipped":0,"pct":57.14},"functions":{"total":2,"covered":0,"skipped":0,"pct":0},"statements":{"total":8,"covered":5,"skipped":0,"pct":62.5},"branches":{"total":2,"covered":0,"skipped":0,"pct":0}}
,"/Volumes/Crucial_X8/code/SQE/updating/ScrollEditor/src/components/image-settings/SingleImageSetting.vue": {"lines":{"total":21,"covered":8,"skipped":0,"pct":38.09},"functions":{"total":9,"covered":0,"skipped":0,"pct":0},"statements":{"total":24,"covered":9,"skipped":0,"pct":37.5},"branches":{"total":5,"covered":0,"skipped":0,"pct":0}}
,"/Volumes/Crucial_X8/code/SQE/updating/ScrollEditor/src/components/image-settings/types.ts": {"lines":{"total":13,"covered":0,"skipped":0,"pct":0},"functions":{"total":3,"covered":0,"skipped":0,"pct":0},"statements":{"total":15,"covered":0,"skipped":0,"pct":0},"branches":{"total":3,"covered":0,"skipped":0,"pct":0}}
,"/Volumes/Crucial_X8/code/SQE/updating/ScrollEditor/src/components/images/IIIFImage.vue": {"lines":{"total":185,"covered":15,"skipped":0,"pct":8.1},"functions":{"total":39,"covered":0,"skipped":0,"pct":0},"statements":{"total":207,"covered":16,"skipped":0,"pct":7.72},"branches":{"total":66,"covered":0,"skipped":0,"pct":0}}
,"/Volumes/Crucial_X8/code/SQE/updating/ScrollEditor/src/components/misc/CorruptedStateDialog.vue": {"lines":{"total":10,"covered":4,"skipped":0,"pct":40},"functions":{"total":5,"covered":0,"skipped":0,"pct":0},"statements":{"total":11,"covered":5,"skipped":0,"pct":45.45},"branches":{"total":7,"covered":2,"skipped":0,"pct":28.57}}
,"/Volumes/Crucial_X8/code/SQE/updating/ScrollEditor/src/components/misc/Waiting.vue": {"lines":{"total":3,"covered":3,"skipped":0,"pct":100},"functions":{"total":0,"covered":0,"skipped":0,"pct":100},"statements":{"total":4,"covered":4,"skipped":0,"pct":100},"branches":{"total":0,"covered":0,"skipped":0,"pct":100}}
,"/Volumes/Crucial_X8/code/SQE/updating/ScrollEditor/src/components/misc/resizeBar.vue": {"lines":{"total":24,"covered":16,"skipped":0,"pct":66.66},"functions":{"total":8,"covered":6,"skipped":0,"pct":75},"statements":{"total":27,"covered":19,"skipped":0,"pct":70.37},"branches":{"total":9,"covered":7,"skipped":0,"pct":77.77}}
,"/Volumes/Crucial_X8/code/SQE/updating/ScrollEditor/src/components/misc/zoomer.vue": {"lines":{"total":36,"covered":8,"skipped":0,"pct":22.22},"functions":{"total":8,"covered":0,"skipped":0,"pct":0},"statements":{"total":37,"covered":9,"skipped":0,"pct":24.32},"branches":{"total":9,"covered":2,"skipped":0,"pct":22.22}}
,"/Volumes/Crucial_X8/code/SQE/updating/ScrollEditor/src/components/navigation/CitationModal.vue": {"lines":{"total":6,"covered":3,"skipped":0,"pct":50},"functions":{"total":3,"covered":0,"skipped":0,"pct":0},"statements":{"total":7,"covered":4,"skipped":0,"pct":57.14},"branches":{"total":7,"covered":2,"skipped":0,"pct":28.57}}
,"/Volumes/Crucial_X8/code/SQE/updating/ScrollEditor/src/components/navigation/Eula-modal.vue": {"lines":{"total":10,"covered":4,"skipped":0,"pct":40},"functions":{"total":7,"covered":1,"skipped":0,"pct":14.28},"statements":{"total":11,"covered":5,"skipped":0,"pct":45.45},"branches":{"total":3,"covered":2,"skipped":0,"pct":66.66}}
,"/Volumes/Crucial_X8/code/SQE/updating/ScrollEditor/src/components/navigation/Faq-modal.vue": {"lines":{"total":6,"covered":3,"skipped":0,"pct":50},"functions":{"total":3,"covered":0,"skipped":0,"pct":0},"statements":{"total":7,"covered":4,"skipped":0,"pct":57.14},"branches":{"total":3,"covered":2,"skipped":0,"pct":66.66}}
,"/Volumes/Crucial_X8/code/SQE/updating/ScrollEditor/src/components/navigation/Login.vue": {"lines":{"total":43,"covered":36,"skipped":0,"pct":83.72},"functions":{"total":18,"covered":13,"skipped":0,"pct":72.22},"statements":{"total":44,"covered":37,"skipped":0,"pct":84.09},"branches":{"total":14,"covered":13,"skipped":0,"pct":92.85}}
,"/Volumes/Crucial_X8/code/SQE/updating/ScrollEditor/src/components/navigation/Navbar.vue": {"lines":{"total":76,"covered":30,"skipped":0,"pct":39.47},"functions":{"total":57,"covered":23,"skipped":0,"pct":40.35},"statements":{"total":77,"covered":31,"skipped":0,"pct":40.25},"branches":{"total":34,"covered":17,"skipped":0,"pct":50}}
,"/Volumes/Crucial_X8/code/SQE/updating/ScrollEditor/src/components/navigation/report-problem-modal.vue": {"lines":{"total":35,"covered":9,"skipped":0,"pct":25.71},"functions":{"total":16,"covered":1,"skipped":0,"pct":6.25},"statements":{"total":36,"covered":10,"skipped":0,"pct":27.77},"branches":{"total":24,"covered":2,"skipped":0,"pct":8.33}}
,"/Volumes/Crucial_X8/code/SQE/updating/ScrollEditor/src/components/polygons/boundary-drawer.vue": {"lines":{"total":116,"covered":7,"skipped":0,"pct":6.03},"functions":{"total":24,"covered":0,"skipped":0,"pct":0},"statements":{"total":119,"covered":8,"skipped":0,"pct":6.72},"branches":{"total":46,"covered":0,"skipped":0,"pct":0}}
,"/Volumes/Crucial_X8/code/SQE/updating/ScrollEditor/src/components/sign-attributes/sign-attribute-badge.vue": {"lines":{"total":7,"covered":4,"skipped":0,"pct":57.14},"functions":{"total":3,"covered":0,"skipped":0,"pct":0},"statements":{"total":8,"covered":5,"skipped":0,"pct":62.5},"branches":{"total":3,"covered":0,"skipped":0,"pct":0}}
,"/Volumes/Crucial_X8/code/SQE/updating/ScrollEditor/src/components/sign-attributes/sign-attribute-modal.vue": {"lines":{"total":86,"covered":6,"skipped":0,"pct":6.97},"functions":{"total":26,"covered":0,"skipped":0,"pct":0},"statements":{"total":89,"covered":7,"skipped":0,"pct":7.86},"branches":{"total":41,"covered":0,"skipped":0,"pct":0}}
,"/Volumes/Crucial_X8/code/SQE/updating/ScrollEditor/src/components/sign-attributes/sign-attribute-pane.vue": {"lines":{"total":106,"covered":5,"skipped":0,"pct":4.71},"functions":{"total":37,"covered":0,"skipped":0,"pct":0},"statements":{"total":109,"covered":6,"skipped":0,"pct":5.5},"branches":{"total":45,"covered":0,"skipped":0,"pct":0}}
,"/Volumes/Crucial_X8/code/SQE/updating/ScrollEditor/src/components/sign-attributes/sign-attribute.vue": {"lines":{"total":8,"covered":5,"skipped":0,"pct":62.5},"functions":{"total":3,"covered":0,"skipped":0,"pct":0},"statements":{"total":10,"covered":6,"skipped":0,"pct":60},"branches":{"total":4,"covered":0,"skipped":0,"pct":0}}
,"/Volumes/Crucial_X8/code/SQE/updating/ScrollEditor/src/components/text/add-line-modal.vue": {"lines":{"total":87,"covered":3,"skipped":0,"pct":3.44},"functions":{"total":20,"covered":0,"skipped":0,"pct":0},"statements":{"total":90,"covered":4,"skipped":0,"pct":4.44},"branches":{"total":49,"covered":0,"skipped":0,"pct":0}}
,"/Volumes/Crucial_X8/code/SQE/updating/ScrollEditor/src/components/text/delete-line-modal.vue": {"lines":{"total":45,"covered":3,"skipped":0,"pct":6.66},"functions":{"total":16,"covered":0,"skipped":0,"pct":0},"statements":{"total":46,"covered":4,"skipped":0,"pct":8.69},"branches":{"total":15,"covered":0,"skipped":0,"pct":0}}
,"/Volumes/Crucial_X8/code/SQE/updating/ScrollEditor/src/components/text/edit-line-modal.vue": {"lines":{"total":79,"covered":4,"skipped":0,"pct":5.06},"functions":{"total":30,"covered":0,"skipped":0,"pct":0},"statements":{"total":80,"covered":5,"skipped":0,"pct":6.25},"branches":{"total":30,"covered":0,"skipped":0,"pct":0}}
,"/Volumes/Crucial_X8/code/SQE/updating/ScrollEditor/src/components/text/edit-sign-modal.vue": {"lines":{"total":66,"covered":3,"skipped":0,"pct":4.54},"functions":{"total":34,"covered":0,"skipped":0,"pct":0},"statements":{"total":67,"covered":4,"skipped":0,"pct":5.97},"branches":{"total":43,"covered":0,"skipped":0,"pct":0}}
,"/Volumes/Crucial_X8/code/SQE/updating/ScrollEditor/src/components/text/edit-virtual-artefact-text.vue": {"lines":{"total":36,"covered":4,"skipped":0,"pct":11.11},"functions":{"total":11,"covered":0,"skipped":0,"pct":0},"statements":{"total":37,"covered":5,"skipped":0,"pct":13.51},"branches":{"total":12,"covered":0,"skipped":0,"pct":0}}
,"/Volumes/Crucial_X8/code/SQE/updating/ScrollEditor/src/components/text/text-fragment.vue": {"lines":{"total":5,"covered":5,"skipped":0,"pct":100},"functions":{"total":0,"covered":0,"skipped":0,"pct":100},"statements":{"total":6,"covered":6,"skipped":0,"pct":100},"branches":{"total":0,"covered":0,"skipped":0,"pct":100}}
,"/Volumes/Crucial_X8/code/SQE/updating/ScrollEditor/src/components/text/text-line.vue": {"lines":{"total":87,"covered":9,"skipped":0,"pct":10.34},"functions":{"total":31,"covered":0,"skipped":0,"pct":0},"statements":{"total":89,"covered":10,"skipped":0,"pct":11.23},"branches":{"total":63,"covered":0,"skipped":0,"pct":0}}
,"/Volumes/Crucial_X8/code/SQE/updating/ScrollEditor/src/components/text/text-sign.vue": {"lines":{"total":69,"covered":6,"skipped":0,"pct":8.69},"functions":{"total":29,"covered":0,"skipped":0,"pct":0},"statements":{"total":70,"covered":7,"skipped":0,"pct":10},"branches":{"total":40,"covered":0,"skipped":0,"pct":0}}
,"/Volumes/Crucial_X8/code/SQE/updating/ScrollEditor/src/components/toolbars/adjust-image-toolbox.vue": {"lines":{"total":7,"covered":5,"skipped":0,"pct":71.42},"functions":{"total":2,"covered":0,"skipped":0,"pct":0},"statements":{"total":8,"covered":6,"skipped":0,"pct":75},"branches":{"total":2,"covered":0,"skipped":0,"pct":0}}
,"/Volumes/Crucial_X8/code/SQE/updating/ScrollEditor/src/components/toolbars/copy-edition-toolbox.vue": {"lines":{"total":17,"covered":8,"skipped":0,"pct":47.05},"functions":{"total":11,"covered":3,"skipped":0,"pct":27.27},"statements":{"total":18,"covered":9,"skipped":0,"pct":50},"branches":{"total":8,"covered":3,"skipped":0,"pct":37.5}}
,"/Volumes/Crucial_X8/code/SQE/updating/ScrollEditor/src/components/toolbars/edition-toolbox.vue": {"lines":{"total":10,"covered":2,"skipped":0,"pct":20},"functions":{"total":6,"covered":0,"skipped":0,"pct":0},"statements":{"total":11,"covered":3,"skipped":0,"pct":27.27},"branches":{"total":8,"covered":0,"skipped":0,"pct":0}}
,"/Volumes/Crucial_X8/code/SQE/updating/ScrollEditor/src/components/toolbars/font-size-button-toolbox.vue": {"lines":{"total":15,"covered":6,"skipped":0,"pct":40},"functions":{"total":6,"covered":0,"skipped":0,"pct":0},"statements":{"total":16,"covered":7,"skipped":0,"pct":43.75},"branches":{"total":8,"covered":0,"skipped":0,"pct":0}}
,"/Volumes/Crucial_X8/code/SQE/updating/ScrollEditor/src/components/toolbars/rotate-button.vue": {"lines":{"total":27,"covered":5,"skipped":0,"pct":18.51},"functions":{"total":9,"covered":0,"skipped":0,"pct":0},"statements":{"total":29,"covered":6,"skipped":0,"pct":20.68},"branches":{"total":6,"covered":0,"skipped":0,"pct":0}}
,"/Volumes/Crucial_X8/code/SQE/updating/ScrollEditor/src/components/toolbars/rotation-toolbox.vue": {"lines":{"total":19,"covered":6,"skipped":0,"pct":31.57},"functions":{"total":8,"covered":0,"skipped":0,"pct":0},"statements":{"total":20,"covered":7,"skipped":0,"pct":35},"branches":{"total":9,"covered":0,"skipped":0,"pct":0}}
,"/Volumes/Crucial_X8/code/SQE/updating/ScrollEditor/src/components/toolbars/toolbar-icon-button.vue": {"lines":{"total":17,"covered":16,"skipped":0,"pct":94.11},"functions":{"total":3,"covered":2,"skipped":0,"pct":66.66},"statements":{"total":18,"covered":17,"skipped":0,"pct":94.44},"branches":{"total":5,"covered":5,"skipped":0,"pct":100}}
,"/Volumes/Crucial_X8/code/SQE/updating/ScrollEditor/src/components/toolbars/toolbar.vue": {"lines":{"total":4,"covered":4,"skipped":0,"pct":100},"functions":{"total":1,"covered":1,"skipped":0,"pct":100},"statements":{"total":5,"covered":5,"skipped":0,"pct":100},"branches":{"total":0,"covered":0,"skipped":0,"pct":100}}
,"/Volumes/Crucial_X8/code/SQE/updating/ScrollEditor/src/components/toolbars/toolbox.vue": {"lines":{"total":15,"covered":13,"skipped":0,"pct":86.66},"functions":{"total":1,"covered":1,"skipped":0,"pct":100},"statements":{"total":16,"covered":14,"skipped":0,"pct":87.5},"branches":{"total":5,"covered":3,"skipped":0,"pct":60}}
,"/Volumes/Crucial_X8/code/SQE/updating/ScrollEditor/src/components/toolbars/undo-redo-toolbox.vue": {"lines":{"total":7,"covered":5,"skipped":0,"pct":71.42},"functions":{"total":4,"covered":2,"skipped":0,"pct":50},"statements":{"total":8,"covered":6,"skipped":0,"pct":75},"branches":{"total":4,"covered":4,"skipped":0,"pct":100}}
,"/Volumes/Crucial_X8/code/SQE/updating/ScrollEditor/src/components/toolbars/zoom-toolbox.vue": {"lines":{"total":28,"covered":11,"skipped":0,"pct":39.28},"functions":{"total":11,"covered":3,"skipped":0,"pct":27.27},"statements":{"total":29,"covered":12,"skipped":0,"pct":41.37},"branches":{"total":19,"covered":12,"skipped":0,"pct":63.15}}
,"/Volumes/Crucial_X8/code/SQE/updating/ScrollEditor/src/components/welcome/welcome.vue": {"lines":{"total":45,"covered":39,"skipped":0,"pct":86.66},"functions":{"total":12,"covered":9,"skipped":0,"pct":75},"statements":{"total":46,"covered":40,"skipped":0,"pct":86.95},"branches":{"total":30,"covered":30,"skipped":0,"pct":100}}
,"/Volumes/Crucial_X8/code/SQE/updating/ScrollEditor/src/dtos/sqe-signalr.ts": {"lines":{"total":192,"covered":2,"skipped":0,"pct":1.04},"functions":{"total":192,"covered":2,"skipped":0,"pct":1.04},"statements":{"total":192,"covered":2,"skipped":0,"pct":1.04},"branches":{"total":0,"covered":0,"skipped":0,"pct":100}}
,"/Volumes/Crucial_X8/code/SQE/updating/ScrollEditor/src/i18n/index.ts": {"lines":{"total":1,"covered":1,"skipped":0,"pct":100},"functions":{"total":0,"covered":0,"skipped":0,"pct":100},"statements":{"total":1,"covered":1,"skipped":0,"pct":100},"branches":{"total":0,"covered":0,"skipped":0,"pct":100}}
,"/Volumes/Crucial_X8/code/SQE/updating/ScrollEditor/src/models/artefact.ts": {"lines":{"total":85,"covered":32,"skipped":0,"pct":37.64},"functions":{"total":12,"covered":4,"skipped":0,"pct":33.33},"statements":{"total":86,"covered":32,"skipped":0,"pct":37.2},"branches":{"total":22,"covered":8,"skipped":0,"pct":36.36}}
,"/Volumes/Crucial_X8/code/SQE/updating/ScrollEditor/src/models/edition.ts": {"lines":{"total":96,"covered":42,"skipped":0,"pct":43.75},"functions":{"total":25,"covered":10,"skipped":0,"pct":40},"statements":{"total":97,"covered":42,"skipped":0,"pct":43.29},"branches":{"total":14,"covered":6,"skipped":0,"pct":42.85}}
,"/Volumes/Crucial_X8/code/SQE/updating/ScrollEditor/src/models/image.ts": {"lines":{"total":64,"covered":33,"skipped":0,"pct":51.56},"functions":{"total":17,"covered":8,"skipped":0,"pct":47.05},"statements":{"total":65,"covered":34,"skipped":0,"pct":52.3},"branches":{"total":24,"covered":5,"skipped":0,"pct":20.83}}
,"/Volumes/Crucial_X8/code/SQE/updating/ScrollEditor/src/models/imaged-object.ts": {"lines":{"total":14,"covered":7,"skipped":0,"pct":50},"functions":{"total":5,"covered":1,"skipped":0,"pct":20},"statements":{"total":16,"covered":7,"skipped":0,"pct":43.75},"branches":{"total":9,"covered":7,"skipped":0,"pct":77.77}}
,"/Volumes/Crucial_X8/code/SQE/updating/ScrollEditor/src/models/misc.ts": {"lines":{"total":1,"covered":0,"skipped":0,"pct":0},"functions":{"total":1,"covered":0,"skipped":0,"pct":0},"statements":{"total":1,"covered":0,"skipped":0,"pct":0},"branches":{"total":0,"covered":0,"skipped":0,"pct":100}}
,"/Volumes/Crucial_X8/code/SQE/updating/ScrollEditor/src/models/script.ts": {"lines":{"total":19,"covered":0,"skipped":0,"pct":0},"functions":{"total":4,"covered":0,"skipped":0,"pct":0},"statements":{"total":19,"covered":0,"skipped":0,"pct":0},"branches":{"total":2,"covered":0,"skipped":0,"pct":0}}
,"/Volumes/Crucial_X8/code/SQE/updating/ScrollEditor/src/models/text.ts": {"lines":{"total":146,"covered":56,"skipped":0,"pct":38.35},"functions":{"total":40,"covered":12,"skipped":0,"pct":30},"statements":{"total":158,"covered":58,"skipped":0,"pct":36.7},"branches":{"total":45,"covered":9,"skipped":0,"pct":20}}
,"/Volumes/Crucial_X8/code/SQE/updating/ScrollEditor/src/plugins/rendering-optimization.ts": {"lines":{"total":3,"covered":2,"skipped":0,"pct":66.66},"functions":{"total":3,"covered":2,"skipped":0,"pct":66.66},"statements":{"total":4,"covered":3,"skipped":0,"pct":75},"branches":{"total":0,"covered":0,"skipped":0,"pct":100}}
,"/Volumes/Crucial_X8/code/SQE/updating/ScrollEditor/src/services/api-routes.ts": {"lines":{"total":91,"covered":35,"skipped":0,"pct":38.46},"functions":{"total":45,"covered":13,"skipped":0,"pct":28.88},"statements":{"total":91,"covered":35,"skipped":0,"pct":38.46},"branches":{"total":22,"covered":5,"skipped":0,"pct":22.72}}
,"/Volumes/Crucial_X8/code/SQE/updating/ScrollEditor/src/services/artefact.ts": {"lines":{"total":43,"covered":10,"skipped":0,"pct":23.25},"functions":{"total":11,"covered":4,"skipped":0,"pct":36.36},"statements":{"total":45,"covered":10,"skipped":0,"pct":22.22},"branches":{"total":12,"covered":6,"skipped":0,"pct":50}}
,"/Volumes/Crucial_X8/code/SQE/updating/ScrollEditor/src/services/comm-helper.ts": {"lines":{"total":14,"covered":11,"skipped":0,"pct":78.57},"functions":{"total":7,"covered":5,"skipped":0,"pct":71.42},"statements":{"total":14,"covered":11,"skipped":0,"pct":78.57},"branches":{"total":12,"covered":8,"skipped":0,"pct":66.66}}
,"/Volumes/Crucial_X8/code/SQE/updating/ScrollEditor/src/services/edition.ts": {"lines":{"total":112,"covered":24,"skipped":0,"pct":21.42},"functions":{"total":29,"covered":11,"skipped":0,"pct":37.93},"statements":{"total":116,"covered":27,"skipped":0,"pct":23.27},"branches":{"total":14,"covered":2,"skipped":0,"pct":14.28}}
,"/Volumes/Crucial_X8/code/SQE/updating/ScrollEditor/src/services/error.ts": {"lines":{"total":2,"covered":2,"skipped":0,"pct":100},"functions":{"total":2,"covered":2,"skipped":0,"pct":100},"statements":{"total":2,"covered":2,"skipped":0,"pct":100},"branches":{"total":0,"covered":0,"skipped":0,"pct":100}}
,"/Volumes/Crucial_X8/code/SQE/updating/ScrollEditor/src/services/image.ts": {"lines":{"total":2,"covered":0,"skipped":0,"pct":0},"functions":{"total":1,"covered":0,"skipped":0,"pct":0},"statements":{"total":2,"covered":0,"skipped":0,"pct":0},"branches":{"total":0,"covered":0,"skipped":0,"pct":100}}
,"/Volumes/Crucial_X8/code/SQE/updating/ScrollEditor/src/services/imaged-object.ts": {"lines":{"total":6,"covered":5,"skipped":0,"pct":83.33},"functions":{"total":3,"covered":3,"skipped":0,"pct":100},"statements":{"total":7,"covered":6,"skipped":0,"pct":85.71},"branches":{"total":1,"covered":0,"skipped":0,"pct":0}}
,"/Volumes/Crucial_X8/code/SQE/updating/ScrollEditor/src/services/qwb-proxy.ts": {"lines":{"total":6,"covered":0,"skipped":0,"pct":0},"functions":{"total":3,"covered":0,"skipped":0,"pct":0},"statements":{"total":6,"covered":0,"skipped":0,"pct":0},"branches":{"total":0,"covered":0,"skipped":0,"pct":100}}
,"/Volumes/Crucial_X8/code/SQE/updating/ScrollEditor/src/services/search.ts": {"lines":{"total":6,"covered":0,"skipped":0,"pct":0},"functions":{"total":1,"covered":0,"skipped":0,"pct":0},"statements":{"total":6,"covered":0,"skipped":0,"pct":0},"branches":{"total":2,"covered":0,"skipped":0,"pct":0}}
,"/Volumes/Crucial_X8/code/SQE/updating/ScrollEditor/src/services/session.ts": {"lines":{"total":33,"covered":13,"skipped":0,"pct":39.39},"functions":{"total":11,"covered":3,"skipped":0,"pct":27.27},"statements":{"total":33,"covered":13,"skipped":0,"pct":39.39},"branches":{"total":1,"covered":1,"skipped":0,"pct":100}}
,"/Volumes/Crucial_X8/code/SQE/updating/ScrollEditor/src/services/sign-interpretation.ts": {"lines":{"total":48,"covered":0,"skipped":0,"pct":0},"functions":{"total":9,"covered":0,"skipped":0,"pct":0},"statements":{"total":48,"covered":0,"skipped":0,"pct":0},"branches":{"total":10,"covered":0,"skipped":0,"pct":0}}
,"/Volumes/Crucial_X8/code/SQE/updating/ScrollEditor/src/services/text.ts": {"lines":{"total":76,"covered":6,"skipped":0,"pct":7.89},"functions":{"total":19,"covered":4,"skipped":0,"pct":21.05},"statements":{"total":80,"covered":6,"skipped":0,"pct":7.5},"branches":{"total":15,"covered":0,"skipped":0,"pct":0}}
,"/Volumes/Crucial_X8/code/SQE/updating/ScrollEditor/src/services/utils.ts": {"lines":{"total":4,"covered":0,"skipped":0,"pct":0},"functions":{"total":1,"covered":0,"skipped":0,"pct":0},"statements":{"total":4,"covered":0,"skipped":0,"pct":0},"branches":{"total":0,"covered":0,"skipped":0,"pct":100}}
,"/Volumes/Crucial_X8/code/SQE/updating/ScrollEditor/src/services/virtual-artefact.ts": {"lines":{"total":190,"covered":0,"skipped":0,"pct":0},"functions":{"total":29,"covered":0,"skipped":0,"pct":0},"statements":{"total":194,"covered":0,"skipped":0,"pct":0},"branches":{"total":61,"covered":0,"skipped":0,"pct":0}}
,"/Volumes/Crucial_X8/code/SQE/updating/ScrollEditor/src/state/artefact-editor.ts": {"lines":{"total":11,"covered":4,"skipped":0,"pct":36.36},"functions":{"total":5,"covered":1,"skipped":0,"pct":20},"statements":{"total":11,"covered":4,"skipped":0,"pct":36.36},"branches":{"total":5,"covered":0,"skipped":0,"pct":0}}
,"/Volumes/Crucial_X8/code/SQE/updating/ScrollEditor/src/state/event-bus.ts": {"lines":{"total":4,"covered":2,"skipped":0,"pct":50},"functions":{"total":4,"covered":2,"skipped":0,"pct":50},"statements":{"total":4,"covered":2,"skipped":0,"pct":50},"branches":{"total":2,"covered":0,"skipped":0,"pct":0}}
,"/Volumes/Crucial_X8/code/SQE/updating/ScrollEditor/src/state/imaged-object.ts": {"lines":{"total":3,"covered":2,"skipped":0,"pct":66.66},"functions":{"total":2,"covered":1,"skipped":0,"pct":50},"statements":{"total":3,"covered":2,"skipped":0,"pct":66.66},"branches":{"total":0,"covered":0,"skipped":0,"pct":100}}
,"/Volumes/Crucial_X8/code/SQE/updating/ScrollEditor/src/state/index.ts": {"lines":{"total":27,"covered":21,"skipped":0,"pct":77.77},"functions":{"total":4,"covered":2,"skipped":0,"pct":50},"statements":{"total":27,"covered":21,"skipped":0,"pct":77.77},"branches":{"total":2,"covered":1,"skipped":0,"pct":50}}
,"/Volumes/Crucial_X8/code/SQE/updating/ScrollEditor/src/state/notification-coverage.ts": {"lines":{"total":3,"covered":2,"skipped":0,"pct":66.66},"functions":{"total":2,"covered":0,"skipped":0,"pct":0},"statements":{"total":4,"covered":2,"skipped":0,"pct":50},"branches":{"total":0,"covered":0,"skipped":0,"pct":100}}
,"/Volumes/Crucial_X8/code/SQE/updating/ScrollEditor/src/state/notification-handler.ts": {"lines":{"total":180,"covered":1,"skipped":0,"pct":0.55},"functions":{"total":42,"covered":0,"skipped":0,"pct":0},"statements":{"total":192,"covered":1,"skipped":0,"pct":0.52},"branches":{"total":66,"covered":0,"skipped":0,"pct":0}}
,"/Volumes/Crucial_X8/code/SQE/updating/ScrollEditor/src/state/scroll-editor.ts": {"lines":{"total":42,"covered":21,"skipped":0,"pct":50},"functions":{"total":9,"covered":5,"skipped":0,"pct":55.55},"statements":{"total":42,"covered":21,"skipped":0,"pct":50},"branches":{"total":8,"covered":1,"skipped":0,"pct":12.5}}
,"/Volumes/Crucial_X8/code/SQE/updating/ScrollEditor/src/state/session.ts": {"lines":{"total":7,"covered":5,"skipped":0,"pct":71.42},"functions":{"total":5,"covered":4,"skipped":0,"pct":80},"statements":{"total":7,"covered":5,"skipped":0,"pct":71.42},"branches":{"total":6,"covered":5,"skipped":0,"pct":83.33}}
,"/Volumes/Crucial_X8/code/SQE/updating/ScrollEditor/src/state/signalr-connection.ts": {"lines":{"total":65,"covered":45,"skipped":0,"pct":69.23},"functions":{"total":18,"covered":14,"skipped":0,"pct":77.77},"statements":{"total":67,"covered":47,"skipped":0,"pct":70.14},"branches":{"total":24,"covered":9,"skipped":0,"pct":37.5}}
,"/Volumes/Crucial_X8/code/SQE/updating/ScrollEditor/src/state/state-service.ts": {"lines":{"total":281,"covered":167,"skipped":0,"pct":59.43},"functions":{"total":68,"covered":50,"skipped":0,"pct":73.52},"statements":{"total":283,"covered":168,"skipped":0,"pct":59.36},"branches":{"total":66,"covered":23,"skipped":0,"pct":34.84}}
,"/Volumes/Crucial_X8/code/SQE/updating/ScrollEditor/src/state/text-fragment.ts": {"lines":{"total":43,"covered":6,"skipped":0,"pct":13.95},"functions":{"total":13,"covered":1,"skipped":0,"pct":7.69},"statements":{"total":45,"covered":6,"skipped":0,"pct":13.33},"branches":{"total":19,"covered":0,"skipped":0,"pct":0}}
,"/Volumes/Crucial_X8/code/SQE/updating/ScrollEditor/src/state/utilities.ts": {"lines":{"total":142,"covered":32,"skipped":0,"pct":22.53},"functions":{"total":43,"covered":15,"skipped":0,"pct":34.88},"statements":{"total":150,"covered":34,"skipped":0,"pct":22.66},"branches":{"total":52,"covered":4,"skipped":0,"pct":7.69}}
,"/Volumes/Crucial_X8/code/SQE/updating/ScrollEditor/src/utils/Placement.ts": {"lines":{"total":8,"covered":6,"skipped":0,"pct":75},"functions":{"total":4,"covered":2,"skipped":0,"pct":50},"statements":{"total":8,"covered":6,"skipped":0,"pct":75},"branches":{"total":2,"covered":2,"skipped":0,"pct":100}}
,"/Volumes/Crucial_X8/code/SQE/updating/ScrollEditor/src/utils/Polygons.ts": {"lines":{"total":139,"covered":29,"skipped":0,"pct":20.86},"functions":{"total":21,"covered":6,"skipped":0,"pct":28.57},"statements":{"total":140,"covered":29,"skipped":0,"pct":20.71},"branches":{"total":23,"covered":1,"skipped":0,"pct":4.34}}
,"/Volumes/Crucial_X8/code/SQE/updating/ScrollEditor/src/utils/VectorFactory.ts": {"lines":{"total":161,"covered":28,"skipped":0,"pct":17.39},"functions":{"total":15,"covered":2,"skipped":0,"pct":13.33},"statements":{"total":177,"covered":29,"skipped":0,"pct":16.38},"branches":{"total":61,"covered":6,"skipped":0,"pct":9.83}}
,"/Volumes/Crucial_X8/code/SQE/updating/ScrollEditor/src/utils/artefact-transformer.ts": {"lines":{"total":17,"covered":14,"skipped":0,"pct":82.35},"functions":{"total":3,"covered":2,"skipped":0,"pct":66.66},"statements":{"total":17,"covered":14,"skipped":0,"pct":82.35},"branches":{"total":1,"covered":0,"skipped":0,"pct":0}}
,"/Volumes/Crucial_X8/code/SQE/updating/ScrollEditor/src/utils/collection-utils.ts": {"lines":{"total":19,"covered":0,"skipped":0,"pct":0},"functions":{"total":5,"covered":0,"skipped":0,"pct":0},"statements":{"total":20,"covered":0,"skipped":0,"pct":0},"branches":{"total":7,"covered":0,"skipped":0,"pct":0}}
,"/Volumes/Crucial_X8/code/SQE/updating/ScrollEditor/src/utils/helpers.ts": {"lines":{"total":18,"covered":4,"skipped":0,"pct":22.22},"functions":{"total":5,"covered":1,"skipped":0,"pct":20},"statements":{"total":19,"covered":4,"skipped":0,"pct":21.05},"branches":{"total":7,"covered":2,"skipped":0,"pct":28.57}}
,"/Volumes/Crucial_X8/code/SQE/updating/ScrollEditor/src/utils/modal-bus.ts": {"lines":{"total":14,"covered":9,"skipped":0,"pct":64.28},"functions":{"total":6,"covered":3,"skipped":0,"pct":50},"statements":{"total":14,"covered":9,"skipped":0,"pct":64.28},"branches":{"total":2,"covered":1,"skipped":0,"pct":50}}
,"/Volumes/Crucial_X8/code/SQE/updating/ScrollEditor/src/utils/operations-manager.ts": {"lines":{"total":108,"covered":6,"skipped":0,"pct":5.55},"functions":{"total":19,"covered":1,"skipped":0,"pct":5.26},"statements":{"total":111,"covered":7,"skipped":0,"pct":6.3},"branches":{"total":31,"covered":1,"skipped":0,"pct":3.22}}
,"/Volumes/Crucial_X8/code/SQE/updating/ScrollEditor/src/views/artefact-editor/artefact-editor-toolbar.vue": {"lines":{"total":36,"covered":4,"skipped":0,"pct":11.11},"functions":{"total":19,"covered":0,"skipped":0,"pct":0},"statements":{"total":37,"covered":5,"skipped":0,"pct":13.51},"branches":{"total":16,"covered":0,"skipped":0,"pct":0}}
,"/Volumes/Crucial_X8/code/SQE/updating/ScrollEditor/src/views/artefact-editor/artefact-editor.vue": {"lines":{"total":350,"covered":5,"skipped":0,"pct":1.42},"functions":{"total":90,"covered":0,"skipped":0,"pct":0},"statements":{"total":352,"covered":6,"skipped":0,"pct":1.7},"branches":{"total":133,"covered":0,"skipped":0,"pct":0}}
,"/Volumes/Crucial_X8/code/SQE/updating/ScrollEditor/src/views/artefact-editor/image-layer.vue": {"lines":{"total":13,"covered":9,"skipped":0,"pct":69.23},"functions":{"total":4,"covered":0,"skipped":0,"pct":0},"statements":{"total":15,"covered":10,"skipped":0,"pct":66.66},"branches":{"total":1,"covered":0,"skipped":0,"pct":0}}
,"/Volumes/Crucial_X8/code/SQE/updating/ScrollEditor/src/views/artefact-editor/operations.ts": {"lines":{"total":213,"covered":0,"skipped":0,"pct":0},"functions":{"total":59,"covered":0,"skipped":0,"pct":0},"statements":{"total":214,"covered":0,"skipped":0,"pct":0},"branches":{"total":51,"covered":0,"skipped":0,"pct":0}}
,"/Volumes/Crucial_X8/code/SQE/updating/ScrollEditor/src/views/artefact-editor/roi-layer.vue": {"lines":{"total":20,"covered":5,"skipped":0,"pct":25},"functions":{"total":10,"covered":0,"skipped":0,"pct":0},"statements":{"total":21,"covered":6,"skipped":0,"pct":28.57},"branches":{"total":16,"covered":0,"skipped":0,"pct":0}}
,"/Volumes/Crucial_X8/code/SQE/updating/ScrollEditor/src/views/artefact-editor/sign-wheel.vue": {"lines":{"total":33,"covered":6,"skipped":0,"pct":18.18},"functions":{"total":7,"covered":0,"skipped":0,"pct":0},"statements":{"total":36,"covered":7,"skipped":0,"pct":19.44},"branches":{"total":3,"covered":0,"skipped":0,"pct":0}}
,"/Volumes/Crucial_X8/code/SQE/updating/ScrollEditor/src/views/artefact-editor/text-side.vue": {"lines":{"total":111,"covered":12,"skipped":0,"pct":10.81},"functions":{"total":45,"covered":0,"skipped":0,"pct":0},"statements":{"total":117,"covered":13,"skipped":0,"pct":11.11},"branches":{"total":48,"covered":0,"skipped":0,"pct":0}}
,"/Volumes/Crucial_X8/code/SQE/updating/ScrollEditor/src/views/artefact-editor/types.ts": {"lines":{"total":9,"covered":9,"skipped":0,"pct":100},"functions":{"total":1,"covered":1,"skipped":0,"pct":100},"statements":{"total":9,"covered":9,"skipped":0,"pct":100},"branches":{"total":2,"covered":2,"skipped":0,"pct":100}}
,"/Volumes/Crucial_X8/code/SQE/updating/ScrollEditor/src/views/edition/Edition.vue": {"lines":{"total":49,"covered":5,"skipped":0,"pct":10.2},"functions":{"total":23,"covered":0,"skipped":0,"pct":0},"statements":{"total":50,"covered":6,"skipped":0,"pct":12},"branches":{"total":28,"covered":0,"skipped":0,"pct":0}}
,"/Volumes/Crucial_X8/code/SQE/updating/ScrollEditor/src/views/edition/components/artefact-card.vue": {"lines":{"total":35,"covered":4,"skipped":0,"pct":11.42},"functions":{"total":14,"covered":0,"skipped":0,"pct":0},"statements":{"total":38,"covered":5,"skipped":0,"pct":13.15},"branches":{"total":23,"covered":0,"skipped":0,"pct":0}}
,"/Volumes/Crucial_X8/code/SQE/updating/ScrollEditor/src/views/edition/components/artefacts.vue": {"lines":{"total":30,"covered":3,"skipped":0,"pct":10},"functions":{"total":9,"covered":0,"skipped":0,"pct":0},"statements":{"total":31,"covered":4,"skipped":0,"pct":12.9},"branches":{"total":15,"covered":0,"skipped":0,"pct":0}}
,"/Volumes/Crucial_X8/code/SQE/updating/ScrollEditor/src/views/edition/components/confirm-invitation.vue": {"lines":{"total":24,"covered":2,"skipped":0,"pct":8.33},"functions":{"total":7,"covered":0,"skipped":0,"pct":0},"statements":{"total":25,"covered":3,"skipped":0,"pct":12},"branches":{"total":6,"covered":0,"skipped":0,"pct":0}}
,"/Volumes/Crucial_X8/code/SQE/updating/ScrollEditor/src/views/edition/components/copyright.vue": {"lines":{"total":18,"covered":3,"skipped":0,"pct":16.66},"functions":{"total":9,"covered":0,"skipped":0,"pct":0},"statements":{"total":19,"covered":4,"skipped":0,"pct":21.05},"branches":{"total":7,"covered":0,"skipped":0,"pct":0}}
,"/Volumes/Crucial_X8/code/SQE/updating/ScrollEditor/src/views/edition/components/delete-edition-modal.vue": {"lines":{"total":44,"covered":4,"skipped":0,"pct":9.09},"functions":{"total":14,"covered":0,"skipped":0,"pct":0},"statements":{"total":45,"covered":5,"skipped":0,"pct":11.11},"branches":{"total":25,"covered":0,"skipped":0,"pct":0}}
,"/Volumes/Crucial_X8/code/SQE/updating/ScrollEditor/src/views/edition/components/imaged-object-card.vue": {"lines":{"total":8,"covered":4,"skipped":0,"pct":50},"functions":{"total":4,"covered":0,"skipped":0,"pct":0},"statements":{"total":10,"covered":5,"skipped":0,"pct":50},"branches":{"total":2,"covered":0,"skipped":0,"pct":0}}
,"/Volumes/Crucial_X8/code/SQE/updating/ScrollEditor/src/views/edition/components/imaged-objects.vue": {"lines":{"total":25,"covered":4,"skipped":0,"pct":16},"functions":{"total":8,"covered":0,"skipped":0,"pct":0},"statements":{"total":26,"covered":5,"skipped":0,"pct":19.23},"branches":{"total":11,"covered":0,"skipped":0,"pct":0}}
,"/Volumes/Crucial_X8/code/SQE/updating/ScrollEditor/src/views/edition/components/metadata.vue": {"lines":{"total":27,"covered":8,"skipped":0,"pct":29.62},"functions":{"total":11,"covered":0,"skipped":0,"pct":0},"statements":{"total":28,"covered":9,"skipped":0,"pct":32.14},"branches":{"total":13,"covered":0,"skipped":0,"pct":0}}
,"/Volumes/Crucial_X8/code/SQE/updating/ScrollEditor/src/views/edition/components/permission-modal.vue": {"lines":{"total":83,"covered":11,"skipped":0,"pct":13.25},"functions":{"total":34,"covered":0,"skipped":0,"pct":0},"statements":{"total":86,"covered":12,"skipped":0,"pct":13.95},"branches":{"total":37,"covered":0,"skipped":0,"pct":0}}
,"/Volumes/Crucial_X8/code/SQE/updating/ScrollEditor/src/views/edition/components/sidebar.vue": {"lines":{"total":70,"covered":5,"skipped":0,"pct":7.14},"functions":{"total":34,"covered":0,"skipped":0,"pct":0},"statements":{"total":73,"covered":6,"skipped":0,"pct":8.21},"branches":{"total":37,"covered":0,"skipped":0,"pct":0}}
,"/Volumes/Crucial_X8/code/SQE/updating/ScrollEditor/src/views/home/Home.vue": {"lines":{"total":36,"covered":25,"skipped":0,"pct":69.44},"functions":{"total":15,"covered":12,"skipped":0,"pct":80},"statements":{"total":39,"covered":28,"skipped":0,"pct":71.79},"branches":{"total":22,"covered":14,"skipped":0,"pct":63.63}}
,"/Volumes/Crucial_X8/code/SQE/updating/ScrollEditor/src/views/home/components/copy-edition-modal.vue": {"lines":{"total":49,"covered":12,"skipped":0,"pct":24.48},"functions":{"total":18,"covered":2,"skipped":0,"pct":11.11},"statements":{"total":50,"covered":13,"skipped":0,"pct":26},"branches":{"total":27,"covered":4,"skipped":0,"pct":14.81}}
,"/Volumes/Crucial_X8/code/SQE/updating/ScrollEditor/src/views/home/components/copy-to-edition-modal.vue": {"lines":{"total":38,"covered":5,"skipped":0,"pct":13.15},"functions":{"total":15,"covered":0,"skipped":0,"pct":0},"statements":{"total":41,"covered":6,"skipped":0,"pct":14.63},"branches":{"total":8,"covered":0,"skipped":0,"pct":0}}
,"/Volumes/Crucial_X8/code/SQE/updating/ScrollEditor/src/views/home/components/edition-card.vue": {"lines":{"total":32,"covered":8,"skipped":0,"pct":25},"functions":{"total":14,"covered":0,"skipped":0,"pct":0},"statements":{"total":35,"covered":9,"skipped":0,"pct":25.71},"branches":{"total":20,"covered":0,"skipped":0,"pct":0}}
,"/Volumes/Crucial_X8/code/SQE/updating/ScrollEditor/src/views/home/components/edition-list.vue": {"lines":{"total":9,"covered":5,"skipped":0,"pct":55.55},"functions":{"total":3,"covered":0,"skipped":0,"pct":0},"statements":{"total":10,"covered":6,"skipped":0,"pct":60},"branches":{"total":4,"covered":4,"skipped":0,"pct":100}}
,"/Volumes/Crucial_X8/code/SQE/updating/ScrollEditor/src/views/home/components/edition-public-card.vue": {"lines":{"total":16,"covered":11,"skipped":0,"pct":68.75},"functions":{"total":8,"covered":3,"skipped":0,"pct":37.5},"statements":{"total":19,"covered":12,"skipped":0,"pct":63.15},"branches":{"total":12,"covered":12,"skipped":0,"pct":100}}
,"/Volumes/Crucial_X8/code/SQE/updating/ScrollEditor/src/views/home/components/edition-public-list.vue": {"lines":{"total":10,"covered":8,"skipped":0,"pct":80},"functions":{"total":3,"covered":1,"skipped":0,"pct":33.33},"statements":{"total":12,"covered":10,"skipped":0,"pct":83.33},"branches":{"total":2,"covered":2,"skipped":0,"pct":100}}
,"/Volumes/Crucial_X8/code/SQE/updating/ScrollEditor/src/views/home/components/edition-public-row.vue": {"lines":{"total":9,"covered":6,"skipped":0,"pct":66.66},"functions":{"total":3,"covered":1,"skipped":0,"pct":33.33},"statements":{"total":10,"covered":7,"skipped":0,"pct":70},"branches":{"total":0,"covered":0,"skipped":0,"pct":100}}
,"/Volumes/Crucial_X8/code/SQE/updating/ScrollEditor/src/views/home/components/personal-editions.vue": {"lines":{"total":39,"covered":24,"skipped":0,"pct":61.53},"functions":{"total":14,"covered":10,"skipped":0,"pct":71.42},"statements":{"total":42,"covered":25,"skipped":0,"pct":59.52},"branches":{"total":17,"covered":2,"skipped":0,"pct":11.76}}
,"/Volumes/Crucial_X8/code/SQE/updating/ScrollEditor/src/views/home/components/public-editions.vue": {"lines":{"total":36,"covered":30,"skipped":0,"pct":83.33},"functions":{"total":11,"covered":9,"skipped":0,"pct":81.81},"statements":{"total":37,"covered":31,"skipped":0,"pct":83.78},"branches":{"total":19,"covered":11,"skipped":0,"pct":57.89}}
,"/Volumes/Crucial_X8/code/SQE/updating/ScrollEditor/src/views/home/components/screen-size-alert.vue": {"lines":{"total":3,"covered":3,"skipped":0,"pct":100},"functions":{"total":0,"covered":0,"skipped":0,"pct":100},"statements":{"total":4,"covered":4,"skipped":0,"pct":100},"branches":{"total":2,"covered":0,"skipped":0,"pct":0}}
,"/Volumes/Crucial_X8/code/SQE/updating/ScrollEditor/src/views/imaged-object-editor/artefact-layer.vue": {"lines":{"total":9,"covered":7,"skipped":0,"pct":77.77},"functions":{"total":2,"covered":0,"skipped":0,"pct":0},"statements":{"total":10,"covered":8,"skipped":0,"pct":80},"branches":{"total":0,"covered":0,"skipped":0,"pct":100}}
,"/Volumes/Crucial_X8/code/SQE/updating/ScrollEditor/src/views/imaged-object-editor/image-layer.vue": {"lines":{"total":11,"covered":7,"skipped":0,"pct":63.63},"functions":{"total":5,"covered":0,"skipped":0,"pct":0},"statements":{"total":14,"covered":8,"skipped":0,"pct":57.14},"branches":{"total":4,"covered":0,"skipped":0,"pct":0}}
,"/Volumes/Crucial_X8/code/SQE/updating/ScrollEditor/src/views/imaged-object-editor/imaged-object-editor-toolbar.vue": {"lines":{"total":59,"covered":8,"skipped":0,"pct":13.55},"functions":{"total":35,"covered":0,"skipped":0,"pct":0},"statements":{"total":63,"covered":9,"skipped":0,"pct":14.28},"branches":{"total":25,"covered":0,"skipped":0,"pct":0}}
,"/Volumes/Crucial_X8/code/SQE/updating/ScrollEditor/src/views/imaged-object-editor/imaged-object-editor.vue": {"lines":{"total":185,"covered":4,"skipped":0,"pct":2.16},"functions":{"total":60,"covered":0,"skipped":0,"pct":0},"statements":{"total":189,"covered":5,"skipped":0,"pct":2.64},"branches":{"total":95,"covered":0,"skipped":0,"pct":0}}
,"/Volumes/Crucial_X8/code/SQE/updating/ScrollEditor/src/views/imaged-object-editor/operations.ts": {"lines":{"total":16,"covered":0,"skipped":0,"pct":0},"functions":{"total":9,"covered":0,"skipped":0,"pct":0},"statements":{"total":17,"covered":0,"skipped":0,"pct":0},"branches":{"total":1,"covered":0,"skipped":0,"pct":0}}
,"/Volumes/Crucial_X8/code/SQE/updating/ScrollEditor/src/views/imaged-object-editor/types.ts": {"lines":{"total":13,"covered":10,"skipped":0,"pct":76.92},"functions":{"total":2,"covered":2,"skipped":0,"pct":100},"statements":{"total":16,"covered":13,"skipped":0,"pct":81.25},"branches":{"total":0,"covered":0,"skipped":0,"pct":100}}
,"/Volumes/Crucial_X8/code/SQE/updating/ScrollEditor/src/views/scroll-editor/add-artefact-modal.vue": {"lines":{"total":51,"covered":28,"skipped":0,"pct":54.9},"functions":{"total":34,"covered":15,"skipped":0,"pct":44.11},"statements":{"total":54,"covered":30,"skipped":0,"pct":55.55},"branches":{"total":30,"covered":26,"skipped":0,"pct":86.66}}
,"/Volumes/Crucial_X8/code/SQE/updating/ScrollEditor/src/views/scroll-editor/artefact-image-group.vue": {"lines":{"total":146,"covered":12,"skipped":0,"pct":8.21},"functions":{"total":38,"covered":0,"skipped":0,"pct":0},"statements":{"total":148,"covered":13,"skipped":0,"pct":8.78},"branches":{"total":58,"covered":0,"skipped":0,"pct":0}}
,"/Volumes/Crucial_X8/code/SQE/updating/ScrollEditor/src/views/scroll-editor/artefact-sillhouette.vue": {"lines":{"total":6,"covered":6,"skipped":0,"pct":100},"functions":{"total":2,"covered":2,"skipped":0,"pct":100},"statements":{"total":7,"covered":7,"skipped":0,"pct":100},"branches":{"total":2,"covered":1,"skipped":0,"pct":50}}
,"/Volumes/Crucial_X8/code/SQE/updating/ScrollEditor/src/views/scroll-editor/artefact-toolbox.vue": {"lines":{"total":236,"covered":10,"skipped":0,"pct":4.23},"functions":{"total":75,"covered":0,"skipped":0,"pct":0},"statements":{"total":238,"covered":11,"skipped":0,"pct":4.62},"branches":{"total":173,"covered":0,"skipped":0,"pct":0}}
,"/Volumes/Crucial_X8/code/SQE/updating/ScrollEditor/src/views/scroll-editor/manuscript-toolbar.vue": {"lines":{"total":200,"covered":60,"skipped":0,"pct":30},"functions":{"total":90,"covered":31,"skipped":0,"pct":34.44},"statements":{"total":207,"covered":63,"skipped":0,"pct":30.43},"branches":{"total":111,"covered":73,"skipped":0,"pct":65.76}}
,"/Volumes/Crucial_X8/code/SQE/updating/ScrollEditor/src/views/scroll-editor/operations.ts": {"lines":{"total":117,"covered":1,"skipped":0,"pct":0.85},"functions":{"total":41,"covered":0,"skipped":0,"pct":0},"statements":{"total":126,"covered":1,"skipped":0,"pct":0.79},"branches":{"total":32,"covered":0,"skipped":0,"pct":0}}
,"/Volumes/Crucial_X8/code/SQE/updating/ScrollEditor/src/views/scroll-editor/scroll-area.vue": {"lines":{"total":62,"covered":21,"skipped":0,"pct":33.87},"functions":{"total":47,"covered":15,"skipped":0,"pct":31.91},"statements":{"total":63,"covered":22,"skipped":0,"pct":34.92},"branches":{"total":38,"covered":13,"skipped":0,"pct":34.21}}
,"/Volumes/Crucial_X8/code/SQE/updating/ScrollEditor/src/views/scroll-editor/scroll-editor.vue": {"lines":{"total":299,"covered":66,"skipped":0,"pct":22.07},"functions":{"total":85,"covered":18,"skipped":0,"pct":21.17},"statements":{"total":305,"covered":69,"skipped":0,"pct":22.62},"branches":{"total":143,"covered":36,"skipped":0,"pct":25.17}}
,"/Volumes/Crucial_X8/code/SQE/updating/ScrollEditor/src/views/scroll-editor/scroll-map.vue": {"lines":{"total":41,"covered":27,"skipped":0,"pct":65.85},"functions":{"total":22,"covered":15,"skipped":0,"pct":68.18},"statements":{"total":43,"covered":29,"skipped":0,"pct":67.44},"branches":{"total":8,"covered":5,"skipped":0,"pct":62.5}}
,"/Volumes/Crucial_X8/code/SQE/updating/ScrollEditor/src/views/scroll-editor/scroll-ruler.vue": {"lines":{"total":14,"covered":14,"skipped":0,"pct":100},"functions":{"total":2,"covered":2,"skipped":0,"pct":100},"statements":{"total":15,"covered":15,"skipped":0,"pct":100},"branches":{"total":4,"covered":4,"skipped":0,"pct":100}}
,"/Volumes/Crucial_X8/code/SQE/updating/ScrollEditor/src/views/scroll-editor/scroll-top-toolbar.vue": {"lines":{"total":178,"covered":12,"skipped":0,"pct":6.74},"functions":{"total":57,"covered":7,"skipped":0,"pct":12.28},"statements":{"total":180,"covered":13,"skipped":0,"pct":7.22},"branches":{"total":76,"covered":39,"skipped":0,"pct":51.31}}
,"/Volumes/Crucial_X8/code/SQE/updating/ScrollEditor/src/views/scroll-editor/text-toolbar.vue": {"lines":{"total":8,"covered":2,"skipped":0,"pct":25},"functions":{"total":4,"covered":0,"skipped":0,"pct":0},"statements":{"total":9,"covered":3,"skipped":0,"pct":33.33},"branches":{"total":5,"covered":0,"skipped":0,"pct":0}}
,"/Volumes/Crucial_X8/code/SQE/updating/ScrollEditor/src/views/search/artefact-results.vue": {"lines":{"total":32,"covered":5,"skipped":0,"pct":15.62},"functions":{"total":5,"covered":0,"skipped":0,"pct":0},"statements":{"total":33,"covered":6,"skipped":0,"pct":18.18},"branches":{"total":9,"covered":0,"skipped":0,"pct":0}}
,"/Volumes/Crucial_X8/code/SQE/updating/ScrollEditor/src/views/search/edition-results.vue": {"lines":{"total":13,"covered":4,"skipped":0,"pct":30.76},"functions":{"total":6,"covered":0,"skipped":0,"pct":0},"statements":{"total":16,"covered":5,"skipped":0,"pct":31.25},"branches":{"total":7,"covered":0,"skipped":0,"pct":0}}
,"/Volumes/Crucial_X8/code/SQE/updating/ScrollEditor/src/views/search/form.vue": {"lines":{"total":25,"covered":4,"skipped":0,"pct":16},"functions":{"total":19,"covered":0,"skipped":0,"pct":0},"statements":{"total":27,"covered":5,"skipped":0,"pct":18.51},"branches":{"total":33,"covered":0,"skipped":0,"pct":0}}
,"/Volumes/Crucial_X8/code/SQE/updating/ScrollEditor/src/views/search/imaged-object-results.vue": {"lines":{"total":28,"covered":8,"skipped":0,"pct":28.57},"functions":{"total":5,"covered":0,"skipped":0,"pct":0},"statements":{"total":29,"covered":9,"skipped":0,"pct":31.03},"branches":{"total":18,"covered":0,"skipped":0,"pct":0}}
,"/Volumes/Crucial_X8/code/SQE/updating/ScrollEditor/src/views/search/main.vue": {"lines":{"total":15,"covered":3,"skipped":0,"pct":20},"functions":{"total":3,"covered":0,"skipped":0,"pct":0},"statements":{"total":16,"covered":4,"skipped":0,"pct":25},"branches":{"total":2,"covered":0,"skipped":0,"pct":0}}
,"/Volumes/Crucial_X8/code/SQE/updating/ScrollEditor/src/views/search/results.vue": {"lines":{"total":13,"covered":3,"skipped":0,"pct":23.07},"functions":{"total":3,"covered":0,"skipped":0,"pct":0},"statements":{"total":14,"covered":4,"skipped":0,"pct":28.57},"branches":{"total":4,"covered":0,"skipped":0,"pct":0}}
,"/Volumes/Crucial_X8/code/SQE/updating/ScrollEditor/src/views/search/text-fragment-results.vue": {"lines":{"total":6,"covered":4,"skipped":0,"pct":66.66},"functions":{"total":2,"covered":0,"skipped":0,"pct":0},"statements":{"total":7,"covered":5,"skipped":0,"pct":71.42},"branches":{"total":4,"covered":0,"skipped":0,"pct":0}}
,"/Volumes/Crucial_X8/code/SQE/updating/ScrollEditor/src/views/search/types.ts": {"lines":{"total":4,"covered":0,"skipped":0,"pct":0},"functions":{"total":0,"covered":0,"skipped":0,"pct":100},"statements":{"total":4,"covered":0,"skipped":0,"pct":0},"branches":{"total":0,"covered":0,"skipped":0,"pct":100}}
,"/Volumes/Crucial_X8/code/SQE/updating/ScrollEditor/src/views/user/Activation.vue": {"lines":{"total":20,"covered":2,"skipped":0,"pct":10},"functions":{"total":4,"covered":0,"skipped":0,"pct":0},"statements":{"total":21,"covered":3,"skipped":0,"pct":14.28},"branches":{"total":1,"covered":0,"skipped":0,"pct":0}}
,"/Volumes/Crucial_X8/code/SQE/updating/ScrollEditor/src/views/user/ChangeForgottenPassword.vue": {"lines":{"total":32,"covered":2,"skipped":0,"pct":6.25},"functions":{"total":11,"covered":0,"skipped":0,"pct":0},"statements":{"total":33,"covered":3,"skipped":0,"pct":9.09},"branches":{"total":13,"covered":0,"skipped":0,"pct":0}}
,"/Volumes/Crucial_X8/code/SQE/updating/ScrollEditor/src/views/user/ChangePassword.vue": {"lines":{"total":30,"covered":2,"skipped":0,"pct":6.66},"functions":{"total":12,"covered":0,"skipped":0,"pct":0},"statements":{"total":31,"covered":3,"skipped":0,"pct":9.67},"branches":{"total":15,"covered":0,"skipped":0,"pct":0}}
,"/Volumes/Crucial_X8/code/SQE/updating/ScrollEditor/src/views/user/ForgotPassword.vue": {"lines":{"total":32,"covered":18,"skipped":0,"pct":56.25},"functions":{"total":13,"covered":7,"skipped":0,"pct":53.84},"statements":{"total":33,"covered":19,"skipped":0,"pct":57.57},"branches":{"total":9,"covered":8,"skipped":0,"pct":88.88}}
,"/Volumes/Crucial_X8/code/SQE/updating/ScrollEditor/src/views/user/Registration.vue": {"lines":{"total":42,"covered":16,"skipped":0,"pct":38.09},"functions":{"total":19,"covered":1,"skipped":0,"pct":5.26},"statements":{"total":44,"covered":17,"skipped":0,"pct":38.63},"branches":{"total":32,"covered":2,"skipped":0,"pct":6.25}}
,"/Volumes/Crucial_X8/code/SQE/updating/ScrollEditor/src/views/user/UpdateUser.vue": {"lines":{"total":38,"covered":2,"skipped":0,"pct":5.26},"functions":{"total":14,"covered":0,"skipped":0,"pct":0},"statements":{"total":39,"covered":3,"skipped":0,"pct":7.69},"branches":{"total":17,"covered":0,"skipped":0,"pct":0}}
}
