{"/Volumes/Crucial_X8/code/SQE/updating/ScrollEditor/src/main.ts": {"path":"/Volumes/Crucial_X8/code/SQE/updating/ScrollEditor/src/main.ts","statementMap":{"0":{"start":{"line":47,"column":0},"end":{"line":47,"column":null}},"1":{"start":{"line":49,"column":12},"end":{"line":49,"column":null}},"2":{"start":{"line":51,"column":14},"end":{"line":51,"column":null}},"3":{"start":{"line":52,"column":0},"end":{"line":52,"column":null}},"4":{"start":{"line":53,"column":0},"end":{"line":53,"column":null}},"5":{"start":{"line":55,"column":13},"end":{"line":59,"column":null}},"6":{"start":{"line":60,"column":0},"end":{"line":60,"column":null}},"7":{"start":{"line":62,"column":0},"end":{"line":62,"column":null}},"8":{"start":{"line":68,"column":0},"end":{"line":72,"column":null}},"9":{"start":{"line":69,"column":4},"end":{"line":71,"column":null}},"10":{"start":{"line":70,"column":8},"end":{"line":70,"column":null}},"11":{"start":{"line":76,"column":0},"end":{"line":76,"column":null}},"12":{"start":{"line":78,"column":0},"end":{"line":79,"column":null}},"13":{"start":{"line":80,"column":0},"end":{"line":80,"column":null}},"14":{"start":{"line":83,"column":0},"end":{"line":83,"column":null}},"15":{"start":{"line":85,"column":0},"end":{"line":85,"column":null}}},"fnMap":{},"branchMap":{"0":{"loc":{"start":{"line":69,"column":4},"end":{"line":71,"column":null}},"type":"if","locations":[{"start":{"line":69,"column":4},"end":{"line":71,"column":null}}]},"1":{"loc":{"start":{"line":69,"column":8},"end":{"line":69,"column":66}},"type":"binary-expr","locations":[{"start":{"line":69,"column":8},"end":{"line":69,"column":32}},{"start":{"line":69,"column":32},"end":{"line":69,"column":40}},{"start":{"line":69,"column":40},"end":{"line":69,"column":66}}]}},"s":{"0":12,"1":12,"2":12,"3":12,"4":12,"5":12,"6":12,"7":12,"8":12,"9":1812,"10":1320,"11":12,"12":12,"13":12,"14":12,"15":12},"f":{},"b":{"0":[1320],"1":[1812,1320,1320]}}
,"/Volumes/Crucial_X8/code/SQE/updating/ScrollEditor/src/router.ts": {"path":"/Volumes/Crucial_X8/code/SQE/updating/ScrollEditor/src/router.ts","statementMap":{"0":{"start":{"line":20,"column":15},"end":{"line":107,"column":null}},"1":{"start":{"line":110,"column":0},"end":{"line":120,"column":null}},"2":{"start":{"line":111,"column":4},"end":{"line":118,"column":null}},"3":{"start":{"line":111,"column":36},"end":{"line":111,"column":63}},"4":{"start":{"line":113,"column":21},"end":{"line":113,"column":null}},"5":{"start":{"line":114,"column":26},"end":{"line":114,"column":null}},"6":{"start":{"line":115,"column":8},"end":{"line":117,"column":null}},"7":{"start":{"line":116,"column":12},"end":{"line":116,"column":null}},"8":{"start":{"line":119,"column":4},"end":{"line":119,"column":null}}},"fnMap":{"0":{"name":"(anonymous_0)","decl":{"start":{"line":110,"column":7},"end":{"line":110,"column":19}},"loc":{"start":{"line":110,"column":26},"end":{"line":120,"column":1}}},"1":{"name":"(anonymous_1)","decl":{"start":{"line":111,"column":19},"end":{"line":111,"column":25}},"loc":{"start":{"line":111,"column":36},"end":{"line":111,"column":63}}}},"branchMap":{"0":{"loc":{"start":{"line":111,"column":4},"end":{"line":118,"column":null}},"type":"if","locations":[{"start":{"line":111,"column":4},"end":{"line":118,"column":null}}]},"1":{"loc":{"start":{"line":114,"column":26},"end":{"line":114,"column":null}},"type":"cond-expr","locations":[{"start":{"line":114,"column":33},"end":{"line":114,"column":50}},{"start":{"line":114,"column":50},"end":{"line":114,"column":null}}]},"2":{"loc":{"start":{"line":115,"column":8},"end":{"line":117,"column":null}},"type":"if","locations":[{"start":{"line":115,"column":8},"end":{"line":117,"column":null}}]}},"s":{"0":12,"1":12,"2":19,"3":19,"4":0,"5":0,"6":0,"7":0,"8":19},"f":{"0":19,"1":19},"b":{"0":[0],"1":[0,0],"2":[0]}}
,"/Volumes/Crucial_X8/code/SQE/updating/ScrollEditor/src/components/artefact/artefact-data-mixin.ts": {"path":"/Volumes/Crucial_X8/code/SQE/updating/ScrollEditor/src/components/artefact/artefact-data-mixin.ts","statementMap":{"0":{"start":{"line":9,"column":15},"end":{"line":47,"column":null}},"1":{"start":{"line":13,"column":48},"end":{"line":13,"column":null}},"2":{"start":{"line":14,"column":54},"end":{"line":14,"column":null}},"3":{"start":{"line":15,"column":25},"end":{"line":15,"column":null}},"4":{"start":{"line":20,"column":8},"end":{"line":40,"column":null}},"5":{"start":{"line":24,"column":12},"end":{"line":33,"column":null}},"6":{"start":{"line":25,"column":16},"end":{"line":25,"column":null}},"7":{"start":{"line":27,"column":37},"end":{"line":27,"column":null}},"8":{"start":{"line":28,"column":16},"end":{"line":31,"column":null}},"9":{"start":{"line":29,"column":20},"end":{"line":30,"column":null}},"10":{"start":{"line":32,"column":16},"end":{"line":32,"column":null}},"11":{"start":{"line":34,"column":12},"end":{"line":37,"column":null}},"12":{"start":{"line":35,"column":16},"end":{"line":36,"column":null}},"13":{"start":{"line":38,"column":12},"end":{"line":38,"column":null}},"14":{"start":{"line":39,"column":12},"end":{"line":39,"column":null}},"15":{"start":{"line":44,"column":8},"end":{"line":44,"column":null}},"16":{"start":{"line":45,"column":8},"end":{"line":45,"column":null}},"17":{"start":{"line":10,"column":5},"end":{"line":10,"column":4}},"18":{"start":{"line":11,"column":5},"end":{"line":11,"column":4}},"19":{"start":{"line":8,"column":1},"end":{"line":8,"column":null}}},"fnMap":{"0":{"name":"(anonymous_0)","decl":{"start":{"line":17,"column":4},"end":{"line":17,"column":26}},"loc":{"start":{"line":17,"column":41},"end":{"line":46,"column":null}}}},"branchMap":{"0":{"loc":{"start":{"line":20,"column":8},"end":{"line":40,"column":null}},"type":"if","locations":[{"start":{"line":20,"column":8},"end":{"line":40,"column":null}}]},"1":{"loc":{"start":{"line":24,"column":12},"end":{"line":33,"column":null}},"type":"if","locations":[{"start":{"line":24,"column":12},"end":{"line":33,"column":null}},{"start":{"line":26,"column":19},"end":{"line":33,"column":null}}]},"2":{"loc":{"start":{"line":24,"column":16},"end":{"line":24,"column":64}},"type":"binary-expr","locations":[{"start":{"line":24,"column":16},"end":{"line":24,"column":44}},{"start":{"line":24,"column":44},"end":{"line":24,"column":64}}]},"3":{"loc":{"start":{"line":27,"column":37},"end":{"line":27,"column":null}},"type":"binary-expr","locations":[{"start":{"line":27,"column":37},"end":{"line":27,"column":58}},{"start":{"line":27,"column":58},"end":{"line":27,"column":null}}]},"4":{"loc":{"start":{"line":28,"column":16},"end":{"line":31,"column":null}},"type":"if","locations":[{"start":{"line":28,"column":16},"end":{"line":31,"column":null}}]},"5":{"loc":{"start":{"line":32,"column":34},"end":{"line":32,"column":null}},"type":"cond-expr","locations":[{"start":{"line":32,"column":67},"end":{"line":32,"column":88}},{"start":{"line":32,"column":88},"end":{"line":32,"column":null}}]},"6":{"loc":{"start":{"line":34,"column":12},"end":{"line":37,"column":null}},"type":"if","locations":[{"start":{"line":34,"column":12},"end":{"line":37,"column":null}}]},"7":{"loc":{"start":{"line":39,"column":39},"end":{"line":39,"column":null}},"type":"binary-expr","locations":[{"start":{"line":39,"column":39},"end":{"line":39,"column":74}},{"start":{"line":39,"column":74},"end":{"line":39,"column":null}}]}},"s":{"0":12,"1":0,"2":0,"3":0,"4":0,"5":0,"6":0,"7":0,"8":0,"9":0,"10":0,"11":0,"12":0,"13":0,"14":0,"15":0,"16":0,"17":12,"18":12,"19":12},"f":{"0":0},"b":{"0":[0],"1":[0,0],"2":[0,0],"3":[0,0],"4":[0],"5":[0,0],"6":[0],"7":[0,0]}}
,"/Volumes/Crucial_X8/code/SQE/updating/ScrollEditor/src/components/artefact/async-mounted-mixin-base.ts": {"path":"/Volumes/Crucial_X8/code/SQE/updating/ScrollEditor/src/components/artefact/async-mounted-mixin-base.ts","statementMap":{"0":{"start":{"line":15,"column":15},"end":{"line":25,"column":null}},"1":{"start":{"line":19,"column":8},"end":{"line":19,"column":null}},"2":{"start":{"line":14,"column":1},"end":{"line":14,"column":null}}},"fnMap":{"0":{"name":"(anonymous_0)","decl":{"start":{"line":18,"column":4},"end":{"line":18,"column":23}},"loc":{"start":{"line":18,"column":24},"end":{"line":20,"column":null}}},"1":{"name":"(anonymous_1)","decl":{"start":{"line":23,"column":4},"end":{"line":23,"column":20}},"loc":{"start":{"line":23,"column":50},"end":{"line":24,"column":null}}}},"branchMap":{},"s":{"0":12,"1":0,"2":12},"f":{"0":0,"1":0},"b":{}}
,"/Volumes/Crucial_X8/code/SQE/updating/ScrollEditor/src/components/image-settings/types.ts": {"path":"/Volumes/Crucial_X8/code/SQE/updating/ScrollEditor/src/components/image-settings/types.ts","statementMap":{"0":{"start":{"line":17,"column":28},"end":{"line":17,"column":null}},"1":{"start":{"line":17,"column":64},"end":{"line":17,"column":73}},"2":{"start":{"line":19,"column":4},"end":{"line":23,"column":null}},"3":{"start":{"line":21,"column":8},"end":{"line":21,"column":null}},"4":{"start":{"line":22,"column":8},"end":{"line":22,"column":null}},"5":{"start":{"line":22,"column":64},"end":{"line":22,"column":73}},"6":{"start":{"line":24,"column":25},"end":{"line":24,"column":null}},"7":{"start":{"line":25,"column":23},"end":{"line":25,"column":null}},"8":{"start":{"line":27,"column":22},"end":{"line":27,"column":null}},"9":{"start":{"line":28,"column":4},"end":{"line":37,"column":null}},"10":{"start":{"line":29,"column":8},"end":{"line":36,"column":null}},"11":{"start":{"line":30,"column":12},"end":{"line":30,"column":null}},"12":{"start":{"line":31,"column":12},"end":{"line":31,"column":null}},"13":{"start":{"line":33,"column":12},"end":{"line":34,"column":null}},"14":{"start":{"line":35,"column":12},"end":{"line":35,"column":null}}},"fnMap":{"0":{"name":"normalizeOpacity","decl":{"start":{"line":16,"column":16},"end":{"line":16,"column":33}},"loc":{"start":{"line":16,"column":57},"end":{"line":38,"column":null}}},"1":{"name":"(anonymous_1)","decl":{"start":{"line":17,"column":52},"end":{"line":17,"column":59}},"loc":{"start":{"line":17,"column":64},"end":{"line":17,"column":73}}},"2":{"name":"(anonymous_2)","decl":{"start":{"line":22,"column":52},"end":{"line":22,"column":59}},"loc":{"start":{"line":22,"column":64},"end":{"line":22,"column":73}}}},"branchMap":{"0":{"loc":{"start":{"line":19,"column":4},"end":{"line":23,"column":null}},"type":"if","locations":[{"start":{"line":19,"column":4},"end":{"line":23,"column":null}}]},"1":{"loc":{"start":{"line":29,"column":8},"end":{"line":36,"column":null}},"type":"if","locations":[{"start":{"line":29,"column":8},"end":{"line":36,"column":null}},{"start":{"line":32,"column":15},"end":{"line":36,"column":null}}]}},"s":{"0":0,"1":0,"2":0,"3":0,"4":0,"5":0,"6":0,"7":0,"8":0,"9":0,"10":0,"11":0,"12":0,"13":0,"14":0},"f":{"0":0,"1":0,"2":0},"b":{"0":[0],"1":[0,0]}}
,"/Volumes/Crucial_X8/code/SQE/updating/ScrollEditor/src/dtos/sqe-signalr.ts": {"path":"/Volumes/Crucial_X8/code/SQE/updating/ScrollEditor/src/dtos/sqe-signalr.ts","statementMap":{"0":{"start":{"line":175,"column":8},"end":{"line":175,"column":null}},"1":{"start":{"line":195,"column":8},"end":{"line":195,"column":null}},"2":{"start":{"line":206,"column":8},"end":{"line":206,"column":null}},"3":{"start":{"line":218,"column":8},"end":{"line":218,"column":null}},"4":{"start":{"line":229,"column":8},"end":{"line":229,"column":null}},"5":{"start":{"line":240,"column":8},"end":{"line":240,"column":null}},"6":{"start":{"line":254,"column":8},"end":{"line":254,"column":null}},"7":{"start":{"line":275,"column":8},"end":{"line":275,"column":null}},"8":{"start":{"line":286,"column":8},"end":{"line":286,"column":null}},"9":{"start":{"line":296,"column":8},"end":{"line":296,"column":null}},"10":{"start":{"line":307,"column":8},"end":{"line":307,"column":null}},"11":{"start":{"line":320,"column":8},"end":{"line":320,"column":null}},"12":{"start":{"line":334,"column":8},"end":{"line":334,"column":null}},"13":{"start":{"line":345,"column":8},"end":{"line":345,"column":null}},"14":{"start":{"line":361,"column":8},"end":{"line":361,"column":null}},"15":{"start":{"line":371,"column":8},"end":{"line":371,"column":null}},"16":{"start":{"line":381,"column":8},"end":{"line":381,"column":null}},"17":{"start":{"line":391,"column":8},"end":{"line":391,"column":null}},"18":{"start":{"line":401,"column":8},"end":{"line":401,"column":null}},"19":{"start":{"line":411,"column":8},"end":{"line":411,"column":null}},"20":{"start":{"line":421,"column":8},"end":{"line":421,"column":null}},"21":{"start":{"line":431,"column":8},"end":{"line":431,"column":null}},"22":{"start":{"line":441,"column":8},"end":{"line":441,"column":null}},"23":{"start":{"line":452,"column":8},"end":{"line":452,"column":null}},"24":{"start":{"line":463,"column":8},"end":{"line":463,"column":null}},"25":{"start":{"line":473,"column":8},"end":{"line":473,"column":null}},"26":{"start":{"line":483,"column":8},"end":{"line":483,"column":null}},"27":{"start":{"line":495,"column":8},"end":{"line":495,"column":null}},"28":{"start":{"line":506,"column":8},"end":{"line":506,"column":null}},"29":{"start":{"line":520,"column":8},"end":{"line":520,"column":null}},"30":{"start":{"line":530,"column":8},"end":{"line":530,"column":null}},"31":{"start":{"line":540,"column":8},"end":{"line":540,"column":null}},"32":{"start":{"line":551,"column":8},"end":{"line":551,"column":null}},"33":{"start":{"line":561,"column":8},"end":{"line":561,"column":null}},"34":{"start":{"line":572,"column":8},"end":{"line":572,"column":null}},"35":{"start":{"line":583,"column":8},"end":{"line":583,"column":null}},"36":{"start":{"line":588,"column":8},"end":{"line":588,"column":null}},"37":{"start":{"line":598,"column":8},"end":{"line":598,"column":null}},"38":{"start":{"line":611,"column":8},"end":{"line":611,"column":null}},"39":{"start":{"line":622,"column":8},"end":{"line":622,"column":null}},"40":{"start":{"line":634,"column":8},"end":{"line":634,"column":null}},"41":{"start":{"line":646,"column":8},"end":{"line":646,"column":null}},"42":{"start":{"line":656,"column":8},"end":{"line":656,"column":null}},"43":{"start":{"line":666,"column":8},"end":{"line":666,"column":null}},"44":{"start":{"line":676,"column":8},"end":{"line":676,"column":null}},"45":{"start":{"line":688,"column":8},"end":{"line":688,"column":null}},"46":{"start":{"line":699,"column":8},"end":{"line":699,"column":null}},"47":{"start":{"line":710,"column":8},"end":{"line":710,"column":null}},"48":{"start":{"line":720,"column":8},"end":{"line":720,"column":null}},"49":{"start":{"line":731,"column":8},"end":{"line":731,"column":null}},"50":{"start":{"line":742,"column":8},"end":{"line":742,"column":null}},"51":{"start":{"line":753,"column":8},"end":{"line":753,"column":null}},"52":{"start":{"line":764,"column":8},"end":{"line":764,"column":null}},"53":{"start":{"line":776,"column":8},"end":{"line":776,"column":null}},"54":{"start":{"line":787,"column":8},"end":{"line":787,"column":null}},"55":{"start":{"line":798,"column":8},"end":{"line":798,"column":null}},"56":{"start":{"line":809,"column":8},"end":{"line":809,"column":null}},"57":{"start":{"line":820,"column":8},"end":{"line":820,"column":null}},"58":{"start":{"line":832,"column":8},"end":{"line":832,"column":null}},"59":{"start":{"line":843,"column":8},"end":{"line":843,"column":null}},"60":{"start":{"line":857,"column":8},"end":{"line":857,"column":null}},"61":{"start":{"line":870,"column":8},"end":{"line":870,"column":null}},"62":{"start":{"line":884,"column":8},"end":{"line":884,"column":null}},"63":{"start":{"line":896,"column":8},"end":{"line":896,"column":null}},"64":{"start":{"line":907,"column":8},"end":{"line":907,"column":null}},"65":{"start":{"line":917,"column":8},"end":{"line":917,"column":null}},"66":{"start":{"line":928,"column":8},"end":{"line":928,"column":null}},"67":{"start":{"line":939,"column":8},"end":{"line":939,"column":null}},"68":{"start":{"line":950,"column":8},"end":{"line":950,"column":null}},"69":{"start":{"line":962,"column":8},"end":{"line":962,"column":null}},"70":{"start":{"line":975,"column":8},"end":{"line":975,"column":null}},"71":{"start":{"line":993,"column":8},"end":{"line":993,"column":null}},"72":{"start":{"line":1011,"column":8},"end":{"line":1011,"column":null}},"73":{"start":{"line":1032,"column":8},"end":{"line":1032,"column":null}},"74":{"start":{"line":1044,"column":8},"end":{"line":1044,"column":null}},"75":{"start":{"line":1056,"column":8},"end":{"line":1056,"column":null}},"76":{"start":{"line":1068,"column":8},"end":{"line":1068,"column":null}},"77":{"start":{"line":1080,"column":8},"end":{"line":1080,"column":null}},"78":{"start":{"line":1094,"column":8},"end":{"line":1094,"column":null}},"79":{"start":{"line":1106,"column":8},"end":{"line":1106,"column":null}},"80":{"start":{"line":1123,"column":8},"end":{"line":1123,"column":null}},"81":{"start":{"line":1134,"column":8},"end":{"line":1134,"column":null}},"82":{"start":{"line":1146,"column":8},"end":{"line":1146,"column":null}},"83":{"start":{"line":1156,"column":8},"end":{"line":1156,"column":null}},"84":{"start":{"line":1167,"column":8},"end":{"line":1167,"column":null}},"85":{"start":{"line":1178,"column":8},"end":{"line":1178,"column":null}},"86":{"start":{"line":1192,"column":8},"end":{"line":1192,"column":null}},"87":{"start":{"line":1205,"column":8},"end":{"line":1205,"column":null}},"88":{"start":{"line":1219,"column":8},"end":{"line":1219,"column":null}},"89":{"start":{"line":1233,"column":8},"end":{"line":1233,"column":null}},"90":{"start":{"line":1246,"column":8},"end":{"line":1246,"column":null}},"91":{"start":{"line":1263,"column":8},"end":{"line":1263,"column":null}},"92":{"start":{"line":1280,"column":8},"end":{"line":1280,"column":null}},"93":{"start":{"line":1293,"column":8},"end":{"line":1293,"column":null}},"94":{"start":{"line":1304,"column":8},"end":{"line":1304,"column":null}},"95":{"start":{"line":1314,"column":8},"end":{"line":1314,"column":null}},"96":{"start":{"line":1324,"column":8},"end":{"line":1324,"column":null}},"97":{"start":{"line":1338,"column":8},"end":{"line":1338,"column":null}},"98":{"start":{"line":1348,"column":8},"end":{"line":1348,"column":null}},"99":{"start":{"line":1358,"column":8},"end":{"line":1358,"column":null}},"100":{"start":{"line":1368,"column":8},"end":{"line":1368,"column":null}},"101":{"start":{"line":1378,"column":8},"end":{"line":1378,"column":null}},"102":{"start":{"line":1389,"column":8},"end":{"line":1389,"column":null}},"103":{"start":{"line":1399,"column":8},"end":{"line":1399,"column":null}},"104":{"start":{"line":1409,"column":8},"end":{"line":1409,"column":null}},"105":{"start":{"line":1421,"column":8},"end":{"line":1421,"column":null}},"106":{"start":{"line":1432,"column":8},"end":{"line":1432,"column":null}},"107":{"start":{"line":1443,"column":8},"end":{"line":1443,"column":null}},"108":{"start":{"line":1455,"column":8},"end":{"line":1455,"column":null}},"109":{"start":{"line":1465,"column":8},"end":{"line":1465,"column":null}},"110":{"start":{"line":1475,"column":8},"end":{"line":1475,"column":null}},"111":{"start":{"line":1485,"column":8},"end":{"line":1485,"column":null}},"112":{"start":{"line":1497,"column":8},"end":{"line":1497,"column":null}},"113":{"start":{"line":1505,"column":8},"end":{"line":1505,"column":null}},"114":{"start":{"line":1514,"column":8},"end":{"line":1514,"column":null}},"115":{"start":{"line":1522,"column":8},"end":{"line":1522,"column":null}},"116":{"start":{"line":1531,"column":8},"end":{"line":1531,"column":null}},"117":{"start":{"line":1539,"column":8},"end":{"line":1539,"column":null}},"118":{"start":{"line":1548,"column":8},"end":{"line":1548,"column":null}},"119":{"start":{"line":1556,"column":8},"end":{"line":1556,"column":null}},"120":{"start":{"line":1565,"column":8},"end":{"line":1565,"column":null}},"121":{"start":{"line":1573,"column":8},"end":{"line":1573,"column":null}},"122":{"start":{"line":1582,"column":8},"end":{"line":1582,"column":null}},"123":{"start":{"line":1590,"column":8},"end":{"line":1590,"column":null}},"124":{"start":{"line":1599,"column":8},"end":{"line":1599,"column":null}},"125":{"start":{"line":1607,"column":8},"end":{"line":1607,"column":null}},"126":{"start":{"line":1616,"column":8},"end":{"line":1616,"column":null}},"127":{"start":{"line":1624,"column":8},"end":{"line":1624,"column":null}},"128":{"start":{"line":1633,"column":8},"end":{"line":1633,"column":null}},"129":{"start":{"line":1641,"column":8},"end":{"line":1641,"column":null}},"130":{"start":{"line":1650,"column":8},"end":{"line":1650,"column":null}},"131":{"start":{"line":1658,"column":8},"end":{"line":1658,"column":null}},"132":{"start":{"line":1667,"column":8},"end":{"line":1667,"column":null}},"133":{"start":{"line":1675,"column":8},"end":{"line":1675,"column":null}},"134":{"start":{"line":1684,"column":8},"end":{"line":1684,"column":null}},"135":{"start":{"line":1692,"column":8},"end":{"line":1692,"column":null}},"136":{"start":{"line":1701,"column":8},"end":{"line":1701,"column":null}},"137":{"start":{"line":1709,"column":8},"end":{"line":1709,"column":null}},"138":{"start":{"line":1718,"column":8},"end":{"line":1718,"column":null}},"139":{"start":{"line":1726,"column":8},"end":{"line":1726,"column":null}},"140":{"start":{"line":1735,"column":8},"end":{"line":1735,"column":null}},"141":{"start":{"line":1743,"column":8},"end":{"line":1743,"column":null}},"142":{"start":{"line":1752,"column":8},"end":{"line":1752,"column":null}},"143":{"start":{"line":1760,"column":8},"end":{"line":1760,"column":null}},"144":{"start":{"line":1769,"column":8},"end":{"line":1769,"column":null}},"145":{"start":{"line":1777,"column":8},"end":{"line":1777,"column":null}},"146":{"start":{"line":1786,"column":8},"end":{"line":1786,"column":null}},"147":{"start":{"line":1794,"column":8},"end":{"line":1794,"column":null}},"148":{"start":{"line":1803,"column":8},"end":{"line":1803,"column":null}},"149":{"start":{"line":1811,"column":8},"end":{"line":1811,"column":null}},"150":{"start":{"line":1820,"column":8},"end":{"line":1820,"column":null}},"151":{"start":{"line":1828,"column":8},"end":{"line":1828,"column":null}},"152":{"start":{"line":1837,"column":8},"end":{"line":1837,"column":null}},"153":{"start":{"line":1845,"column":8},"end":{"line":1845,"column":null}},"154":{"start":{"line":1854,"column":8},"end":{"line":1854,"column":null}},"155":{"start":{"line":1862,"column":8},"end":{"line":1862,"column":null}},"156":{"start":{"line":1871,"column":8},"end":{"line":1871,"column":null}},"157":{"start":{"line":1879,"column":8},"end":{"line":1879,"column":null}},"158":{"start":{"line":1888,"column":8},"end":{"line":1888,"column":null}},"159":{"start":{"line":1896,"column":8},"end":{"line":1896,"column":null}},"160":{"start":{"line":1905,"column":8},"end":{"line":1905,"column":null}},"161":{"start":{"line":1913,"column":8},"end":{"line":1913,"column":null}},"162":{"start":{"line":1922,"column":8},"end":{"line":1922,"column":null}},"163":{"start":{"line":1930,"column":8},"end":{"line":1930,"column":null}},"164":{"start":{"line":1939,"column":8},"end":{"line":1939,"column":null}},"165":{"start":{"line":1947,"column":8},"end":{"line":1947,"column":null}},"166":{"start":{"line":1956,"column":8},"end":{"line":1956,"column":null}},"167":{"start":{"line":1964,"column":8},"end":{"line":1964,"column":null}},"168":{"start":{"line":1973,"column":8},"end":{"line":1973,"column":null}},"169":{"start":{"line":1981,"column":8},"end":{"line":1981,"column":null}},"170":{"start":{"line":1990,"column":8},"end":{"line":1990,"column":null}},"171":{"start":{"line":1998,"column":8},"end":{"line":1998,"column":null}},"172":{"start":{"line":2007,"column":8},"end":{"line":2007,"column":null}},"173":{"start":{"line":2015,"column":8},"end":{"line":2015,"column":null}},"174":{"start":{"line":2024,"column":8},"end":{"line":2024,"column":null}},"175":{"start":{"line":2032,"column":8},"end":{"line":2032,"column":null}},"176":{"start":{"line":2041,"column":8},"end":{"line":2041,"column":null}},"177":{"start":{"line":2049,"column":8},"end":{"line":2049,"column":null}},"178":{"start":{"line":2058,"column":8},"end":{"line":2058,"column":null}},"179":{"start":{"line":2066,"column":8},"end":{"line":2066,"column":null}},"180":{"start":{"line":2075,"column":8},"end":{"line":2075,"column":null}},"181":{"start":{"line":2083,"column":8},"end":{"line":2083,"column":null}},"182":{"start":{"line":2092,"column":8},"end":{"line":2092,"column":null}},"183":{"start":{"line":2100,"column":8},"end":{"line":2100,"column":null}},"184":{"start":{"line":2109,"column":8},"end":{"line":2109,"column":null}},"185":{"start":{"line":2117,"column":8},"end":{"line":2117,"column":null}},"186":{"start":{"line":2126,"column":8},"end":{"line":2126,"column":null}},"187":{"start":{"line":2134,"column":8},"end":{"line":2134,"column":null}},"188":{"start":{"line":2143,"column":8},"end":{"line":2143,"column":null}},"189":{"start":{"line":2151,"column":8},"end":{"line":2151,"column":null}},"190":{"start":{"line":2160,"column":8},"end":{"line":2160,"column":null}},"191":{"start":{"line":2168,"column":8},"end":{"line":2168,"column":null}}},"fnMap":{"0":{"name":"(anonymous_0)","decl":{"start":{"line":174,"column":4},"end":{"line":174,"column":22}},"loc":{"start":{"line":174,"column":50},"end":{"line":176,"column":null}}},"1":{"name":"(anonymous_1)","decl":{"start":{"line":194,"column":4},"end":{"line":194,"column":17}},"loc":{"start":{"line":194,"column":119},"end":{"line":196,"column":null}}},"2":{"name":"(anonymous_2)","decl":{"start":{"line":205,"column":4},"end":{"line":205,"column":17}},"loc":{"start":{"line":205,"column":116},"end":{"line":207,"column":null}}},"3":{"name":"(anonymous_3)","decl":{"start":{"line":217,"column":4},"end":{"line":217,"column":17}},"loc":{"start":{"line":217,"column":140},"end":{"line":219,"column":null}}},"4":{"name":"(anonymous_4)","decl":{"start":{"line":228,"column":4},"end":{"line":228,"column":17}},"loc":{"start":{"line":228,"column":137},"end":{"line":230,"column":null}}},"5":{"name":"(anonymous_5)","decl":{"start":{"line":239,"column":4},"end":{"line":239,"column":17}},"loc":{"start":{"line":239,"column":114},"end":{"line":241,"column":null}}},"6":{"name":"(anonymous_6)","decl":{"start":{"line":253,"column":4},"end":{"line":253,"column":17}},"loc":{"start":{"line":253,"column":174},"end":{"line":255,"column":null}}},"7":{"name":"(anonymous_7)","decl":{"start":{"line":274,"column":4},"end":{"line":274,"column":17}},"loc":{"start":{"line":274,"column":148},"end":{"line":276,"column":null}}},"8":{"name":"(anonymous_8)","decl":{"start":{"line":285,"column":4},"end":{"line":285,"column":17}},"loc":{"start":{"line":285,"column":173},"end":{"line":287,"column":null}}},"9":{"name":"(anonymous_9)","decl":{"start":{"line":295,"column":4},"end":{"line":295,"column":17}},"loc":{"start":{"line":295,"column":104},"end":{"line":297,"column":null}}},"10":{"name":"(anonymous_10)","decl":{"start":{"line":306,"column":4},"end":{"line":306,"column":17}},"loc":{"start":{"line":306,"column":140},"end":{"line":308,"column":null}}},"11":{"name":"(anonymous_11)","decl":{"start":{"line":319,"column":4},"end":{"line":319,"column":17}},"loc":{"start":{"line":319,"column":134},"end":{"line":321,"column":null}}},"12":{"name":"(anonymous_12)","decl":{"start":{"line":333,"column":4},"end":{"line":333,"column":17}},"loc":{"start":{"line":333,"column":173},"end":{"line":335,"column":null}}},"13":{"name":"(anonymous_13)","decl":{"start":{"line":344,"column":4},"end":{"line":344,"column":17}},"loc":{"start":{"line":344,"column":141},"end":{"line":346,"column":null}}},"14":{"name":"(anonymous_14)","decl":{"start":{"line":360,"column":4},"end":{"line":360,"column":17}},"loc":{"start":{"line":360,"column":207},"end":{"line":362,"column":null}}},"15":{"name":"(anonymous_15)","decl":{"start":{"line":370,"column":4},"end":{"line":370,"column":17}},"loc":{"start":{"line":370,"column":76},"end":{"line":372,"column":null}}},"16":{"name":"(anonymous_16)","decl":{"start":{"line":380,"column":4},"end":{"line":380,"column":17}},"loc":{"start":{"line":380,"column":128},"end":{"line":382,"column":null}}},"17":{"name":"(anonymous_17)","decl":{"start":{"line":390,"column":4},"end":{"line":390,"column":17}},"loc":{"start":{"line":390,"column":128},"end":{"line":392,"column":null}}},"18":{"name":"(anonymous_18)","decl":{"start":{"line":400,"column":4},"end":{"line":400,"column":17}},"loc":{"start":{"line":400,"column":131},"end":{"line":402,"column":null}}},"19":{"name":"(anonymous_19)","decl":{"start":{"line":410,"column":4},"end":{"line":410,"column":17}},"loc":{"start":{"line":410,"column":140},"end":{"line":412,"column":null}}},"20":{"name":"(anonymous_20)","decl":{"start":{"line":420,"column":4},"end":{"line":420,"column":17}},"loc":{"start":{"line":420,"column":82},"end":{"line":422,"column":null}}},"21":{"name":"(anonymous_21)","decl":{"start":{"line":430,"column":4},"end":{"line":430,"column":17}},"loc":{"start":{"line":430,"column":136},"end":{"line":432,"column":null}}},"22":{"name":"(anonymous_22)","decl":{"start":{"line":440,"column":4},"end":{"line":440,"column":17}},"loc":{"start":{"line":440,"column":138},"end":{"line":442,"column":null}}},"23":{"name":"(anonymous_23)","decl":{"start":{"line":451,"column":4},"end":{"line":451,"column":17}},"loc":{"start":{"line":451,"column":117},"end":{"line":453,"column":null}}},"24":{"name":"(anonymous_24)","decl":{"start":{"line":462,"column":4},"end":{"line":462,"column":17}},"loc":{"start":{"line":462,"column":87},"end":{"line":464,"column":null}}},"25":{"name":"(anonymous_25)","decl":{"start":{"line":472,"column":4},"end":{"line":472,"column":17}},"loc":{"start":{"line":472,"column":84},"end":{"line":474,"column":null}}},"26":{"name":"(anonymous_26)","decl":{"start":{"line":482,"column":4},"end":{"line":482,"column":17}},"loc":{"start":{"line":482,"column":103},"end":{"line":484,"column":null}}},"27":{"name":"(anonymous_27)","decl":{"start":{"line":494,"column":4},"end":{"line":494,"column":17}},"loc":{"start":{"line":494,"column":168},"end":{"line":496,"column":null}}},"28":{"name":"(anonymous_28)","decl":{"start":{"line":505,"column":4},"end":{"line":505,"column":17}},"loc":{"start":{"line":505,"column":106},"end":{"line":507,"column":null}}},"29":{"name":"(anonymous_29)","decl":{"start":{"line":519,"column":4},"end":{"line":519,"column":17}},"loc":{"start":{"line":519,"column":123},"end":{"line":521,"column":null}}},"30":{"name":"(anonymous_30)","decl":{"start":{"line":529,"column":4},"end":{"line":529,"column":17}},"loc":{"start":{"line":529,"column":85},"end":{"line":531,"column":null}}},"31":{"name":"(anonymous_31)","decl":{"start":{"line":539,"column":4},"end":{"line":539,"column":17}},"loc":{"start":{"line":539,"column":97},"end":{"line":541,"column":null}}},"32":{"name":"(anonymous_32)","decl":{"start":{"line":550,"column":4},"end":{"line":550,"column":17}},"loc":{"start":{"line":550,"column":114},"end":{"line":552,"column":null}}},"33":{"name":"(anonymous_33)","decl":{"start":{"line":560,"column":4},"end":{"line":560,"column":17}},"loc":{"start":{"line":560,"column":112},"end":{"line":562,"column":null}}},"34":{"name":"(anonymous_34)","decl":{"start":{"line":571,"column":4},"end":{"line":571,"column":17}},"loc":{"start":{"line":571,"column":102},"end":{"line":573,"column":null}}},"35":{"name":"(anonymous_35)","decl":{"start":{"line":582,"column":4},"end":{"line":582,"column":17}},"loc":{"start":{"line":582,"column":106},"end":{"line":584,"column":null}}},"36":{"name":"(anonymous_36)","decl":{"start":{"line":587,"column":4},"end":{"line":587,"column":17}},"loc":{"start":{"line":587,"column":101},"end":{"line":589,"column":null}}},"37":{"name":"(anonymous_37)","decl":{"start":{"line":597,"column":4},"end":{"line":597,"column":17}},"loc":{"start":{"line":597,"column":103},"end":{"line":599,"column":null}}},"38":{"name":"(anonymous_38)","decl":{"start":{"line":610,"column":4},"end":{"line":610,"column":17}},"loc":{"start":{"line":610,"column":156},"end":{"line":612,"column":null}}},"39":{"name":"(anonymous_39)","decl":{"start":{"line":621,"column":4},"end":{"line":621,"column":17}},"loc":{"start":{"line":621,"column":137},"end":{"line":623,"column":null}}},"40":{"name":"(anonymous_40)","decl":{"start":{"line":633,"column":4},"end":{"line":633,"column":17}},"loc":{"start":{"line":633,"column":128},"end":{"line":635,"column":null}}},"41":{"name":"(anonymous_41)","decl":{"start":{"line":645,"column":4},"end":{"line":645,"column":17}},"loc":{"start":{"line":645,"column":122},"end":{"line":647,"column":null}}},"42":{"name":"(anonymous_42)","decl":{"start":{"line":655,"column":4},"end":{"line":655,"column":17}},"loc":{"start":{"line":655,"column":84},"end":{"line":657,"column":null}}},"43":{"name":"(anonymous_43)","decl":{"start":{"line":665,"column":4},"end":{"line":665,"column":17}},"loc":{"start":{"line":665,"column":124},"end":{"line":667,"column":null}}},"44":{"name":"(anonymous_44)","decl":{"start":{"line":675,"column":4},"end":{"line":675,"column":17}},"loc":{"start":{"line":675,"column":134},"end":{"line":677,"column":null}}},"45":{"name":"(anonymous_45)","decl":{"start":{"line":687,"column":4},"end":{"line":687,"column":17}},"loc":{"start":{"line":687,"column":172},"end":{"line":689,"column":null}}},"46":{"name":"(anonymous_46)","decl":{"start":{"line":698,"column":4},"end":{"line":698,"column":17}},"loc":{"start":{"line":698,"column":108},"end":{"line":700,"column":null}}},"47":{"name":"(anonymous_47)","decl":{"start":{"line":709,"column":4},"end":{"line":709,"column":17}},"loc":{"start":{"line":709,"column":157},"end":{"line":711,"column":null}}},"48":{"name":"(anonymous_48)","decl":{"start":{"line":719,"column":4},"end":{"line":719,"column":17}},"loc":{"start":{"line":719,"column":121},"end":{"line":721,"column":null}}},"49":{"name":"(anonymous_49)","decl":{"start":{"line":730,"column":4},"end":{"line":730,"column":17}},"loc":{"start":{"line":730,"column":114},"end":{"line":732,"column":null}}},"50":{"name":"(anonymous_50)","decl":{"start":{"line":741,"column":4},"end":{"line":741,"column":17}},"loc":{"start":{"line":741,"column":128},"end":{"line":743,"column":null}}},"51":{"name":"(anonymous_51)","decl":{"start":{"line":752,"column":4},"end":{"line":752,"column":17}},"loc":{"start":{"line":752,"column":142},"end":{"line":754,"column":null}}},"52":{"name":"(anonymous_52)","decl":{"start":{"line":763,"column":4},"end":{"line":763,"column":17}},"loc":{"start":{"line":763,"column":130},"end":{"line":765,"column":null}}},"53":{"name":"(anonymous_53)","decl":{"start":{"line":775,"column":4},"end":{"line":775,"column":17}},"loc":{"start":{"line":775,"column":157},"end":{"line":777,"column":null}}},"54":{"name":"(anonymous_54)","decl":{"start":{"line":786,"column":4},"end":{"line":786,"column":17}},"loc":{"start":{"line":786,"column":154},"end":{"line":788,"column":null}}},"55":{"name":"(anonymous_55)","decl":{"start":{"line":797,"column":4},"end":{"line":797,"column":17}},"loc":{"start":{"line":797,"column":101},"end":{"line":799,"column":null}}},"56":{"name":"(anonymous_56)","decl":{"start":{"line":808,"column":4},"end":{"line":808,"column":17}},"loc":{"start":{"line":808,"column":99},"end":{"line":810,"column":null}}},"57":{"name":"(anonymous_57)","decl":{"start":{"line":819,"column":4},"end":{"line":819,"column":17}},"loc":{"start":{"line":819,"column":129},"end":{"line":821,"column":null}}},"58":{"name":"(anonymous_58)","decl":{"start":{"line":831,"column":4},"end":{"line":831,"column":17}},"loc":{"start":{"line":831,"column":179},"end":{"line":833,"column":null}}},"59":{"name":"(anonymous_59)","decl":{"start":{"line":842,"column":4},"end":{"line":842,"column":17}},"loc":{"start":{"line":842,"column":125},"end":{"line":844,"column":null}}},"60":{"name":"(anonymous_60)","decl":{"start":{"line":856,"column":4},"end":{"line":856,"column":17}},"loc":{"start":{"line":856,"column":171},"end":{"line":858,"column":null}}},"61":{"name":"(anonymous_61)","decl":{"start":{"line":869,"column":4},"end":{"line":869,"column":17}},"loc":{"start":{"line":869,"column":215},"end":{"line":871,"column":null}}},"62":{"name":"(anonymous_62)","decl":{"start":{"line":883,"column":4},"end":{"line":883,"column":17}},"loc":{"start":{"line":883,"column":164},"end":{"line":885,"column":null}}},"63":{"name":"(anonymous_63)","decl":{"start":{"line":895,"column":4},"end":{"line":895,"column":17}},"loc":{"start":{"line":895,"column":169},"end":{"line":897,"column":null}}},"64":{"name":"(anonymous_64)","decl":{"start":{"line":906,"column":4},"end":{"line":906,"column":17}},"loc":{"start":{"line":906,"column":110},"end":{"line":908,"column":null}}},"65":{"name":"(anonymous_65)","decl":{"start":{"line":916,"column":4},"end":{"line":916,"column":17}},"loc":{"start":{"line":916,"column":115},"end":{"line":918,"column":null}}},"66":{"name":"(anonymous_66)","decl":{"start":{"line":927,"column":4},"end":{"line":927,"column":17}},"loc":{"start":{"line":927,"column":160},"end":{"line":929,"column":null}}},"67":{"name":"(anonymous_67)","decl":{"start":{"line":938,"column":4},"end":{"line":938,"column":17}},"loc":{"start":{"line":938,"column":146},"end":{"line":940,"column":null}}},"68":{"name":"(anonymous_68)","decl":{"start":{"line":949,"column":4},"end":{"line":949,"column":17}},"loc":{"start":{"line":949,"column":138},"end":{"line":951,"column":null}}},"69":{"name":"(anonymous_69)","decl":{"start":{"line":961,"column":4},"end":{"line":961,"column":17}},"loc":{"start":{"line":961,"column":181},"end":{"line":963,"column":null}}},"70":{"name":"(anonymous_70)","decl":{"start":{"line":974,"column":4},"end":{"line":974,"column":17}},"loc":{"start":{"line":974,"column":170},"end":{"line":976,"column":null}}},"71":{"name":"(anonymous_71)","decl":{"start":{"line":992,"column":4},"end":{"line":992,"column":17}},"loc":{"start":{"line":992,"column":221},"end":{"line":994,"column":null}}},"72":{"name":"(anonymous_72)","decl":{"start":{"line":1010,"column":4},"end":{"line":1010,"column":17}},"loc":{"start":{"line":1010,"column":230},"end":{"line":1012,"column":null}}},"73":{"name":"(anonymous_73)","decl":{"start":{"line":1031,"column":4},"end":{"line":1031,"column":17}},"loc":{"start":{"line":1031,"column":189},"end":{"line":1033,"column":null}}},"74":{"name":"(anonymous_74)","decl":{"start":{"line":1043,"column":4},"end":{"line":1043,"column":17}},"loc":{"start":{"line":1043,"column":225},"end":{"line":1045,"column":null}}},"75":{"name":"(anonymous_75)","decl":{"start":{"line":1055,"column":4},"end":{"line":1055,"column":17}},"loc":{"start":{"line":1055,"column":229},"end":{"line":1057,"column":null}}},"76":{"name":"(anonymous_76)","decl":{"start":{"line":1067,"column":4},"end":{"line":1067,"column":17}},"loc":{"start":{"line":1067,"column":203},"end":{"line":1069,"column":null}}},"77":{"name":"(anonymous_77)","decl":{"start":{"line":1079,"column":4},"end":{"line":1079,"column":17}},"loc":{"start":{"line":1079,"column":238},"end":{"line":1081,"column":null}}},"78":{"name":"(anonymous_78)","decl":{"start":{"line":1093,"column":4},"end":{"line":1093,"column":17}},"loc":{"start":{"line":1093,"column":282},"end":{"line":1095,"column":null}}},"79":{"name":"(anonymous_79)","decl":{"start":{"line":1105,"column":4},"end":{"line":1105,"column":17}},"loc":{"start":{"line":1105,"column":198},"end":{"line":1107,"column":null}}},"80":{"name":"(anonymous_80)","decl":{"start":{"line":1122,"column":4},"end":{"line":1122,"column":17}},"loc":{"start":{"line":1122,"column":107},"end":{"line":1124,"column":null}}},"81":{"name":"(anonymous_81)","decl":{"start":{"line":1133,"column":4},"end":{"line":1133,"column":17}},"loc":{"start":{"line":1133,"column":142},"end":{"line":1135,"column":null}}},"82":{"name":"(anonymous_82)","decl":{"start":{"line":1145,"column":4},"end":{"line":1145,"column":17}},"loc":{"start":{"line":1145,"column":184},"end":{"line":1147,"column":null}}},"83":{"name":"(anonymous_83)","decl":{"start":{"line":1155,"column":4},"end":{"line":1155,"column":17}},"loc":{"start":{"line":1155,"column":106},"end":{"line":1157,"column":null}}},"84":{"name":"(anonymous_84)","decl":{"start":{"line":1166,"column":4},"end":{"line":1166,"column":17}},"loc":{"start":{"line":1166,"column":149},"end":{"line":1168,"column":null}}},"85":{"name":"(anonymous_85)","decl":{"start":{"line":1177,"column":4},"end":{"line":1177,"column":17}},"loc":{"start":{"line":1177,"column":141},"end":{"line":1179,"column":null}}},"86":{"name":"(anonymous_86)","decl":{"start":{"line":1191,"column":4},"end":{"line":1191,"column":17}},"loc":{"start":{"line":1191,"column":135},"end":{"line":1193,"column":null}}},"87":{"name":"(anonymous_87)","decl":{"start":{"line":1204,"column":4},"end":{"line":1204,"column":17}},"loc":{"start":{"line":1204,"column":92},"end":{"line":1206,"column":null}}},"88":{"name":"(anonymous_88)","decl":{"start":{"line":1218,"column":4},"end":{"line":1218,"column":17}},"loc":{"start":{"line":1218,"column":108},"end":{"line":1220,"column":null}}},"89":{"name":"(anonymous_89)","decl":{"start":{"line":1232,"column":4},"end":{"line":1232,"column":17}},"loc":{"start":{"line":1232,"column":133},"end":{"line":1234,"column":null}}},"90":{"name":"(anonymous_90)","decl":{"start":{"line":1245,"column":4},"end":{"line":1245,"column":17}},"loc":{"start":{"line":1245,"column":104},"end":{"line":1247,"column":null}}},"91":{"name":"(anonymous_91)","decl":{"start":{"line":1262,"column":4},"end":{"line":1262,"column":17}},"loc":{"start":{"line":1262,"column":163},"end":{"line":1264,"column":null}}},"92":{"name":"(anonymous_92)","decl":{"start":{"line":1279,"column":4},"end":{"line":1279,"column":17}},"loc":{"start":{"line":1279,"column":139},"end":{"line":1281,"column":null}}},"93":{"name":"(anonymous_93)","decl":{"start":{"line":1292,"column":4},"end":{"line":1292,"column":17}},"loc":{"start":{"line":1292,"column":91},"end":{"line":1294,"column":null}}},"94":{"name":"(anonymous_94)","decl":{"start":{"line":1303,"column":4},"end":{"line":1303,"column":17}},"loc":{"start":{"line":1303,"column":109},"end":{"line":1305,"column":null}}},"95":{"name":"(anonymous_95)","decl":{"start":{"line":1313,"column":4},"end":{"line":1313,"column":17}},"loc":{"start":{"line":1313,"column":114},"end":{"line":1315,"column":null}}},"96":{"name":"(anonymous_96)","decl":{"start":{"line":1323,"column":4},"end":{"line":1323,"column":17}},"loc":{"start":{"line":1323,"column":104},"end":{"line":1325,"column":null}}},"97":{"name":"(anonymous_97)","decl":{"start":{"line":1337,"column":4},"end":{"line":1337,"column":17}},"loc":{"start":{"line":1337,"column":85},"end":{"line":1339,"column":null}}},"98":{"name":"(anonymous_98)","decl":{"start":{"line":1347,"column":4},"end":{"line":1347,"column":17}},"loc":{"start":{"line":1347,"column":101},"end":{"line":1349,"column":null}}},"99":{"name":"(anonymous_99)","decl":{"start":{"line":1357,"column":4},"end":{"line":1357,"column":17}},"loc":{"start":{"line":1357,"column":96},"end":{"line":1359,"column":null}}},"100":{"name":"(anonymous_100)","decl":{"start":{"line":1367,"column":4},"end":{"line":1367,"column":17}},"loc":{"start":{"line":1367,"column":48},"end":{"line":1369,"column":null}}},"101":{"name":"(anonymous_101)","decl":{"start":{"line":1377,"column":4},"end":{"line":1377,"column":17}},"loc":{"start":{"line":1377,"column":75},"end":{"line":1379,"column":null}}},"102":{"name":"(anonymous_102)","decl":{"start":{"line":1388,"column":4},"end":{"line":1388,"column":17}},"loc":{"start":{"line":1388,"column":113},"end":{"line":1390,"column":null}}},"103":{"name":"(anonymous_103)","decl":{"start":{"line":1398,"column":4},"end":{"line":1398,"column":17}},"loc":{"start":{"line":1398,"column":66},"end":{"line":1400,"column":null}}},"104":{"name":"(anonymous_104)","decl":{"start":{"line":1408,"column":4},"end":{"line":1408,"column":17}},"loc":{"start":{"line":1408,"column":76},"end":{"line":1410,"column":null}}},"105":{"name":"(anonymous_105)","decl":{"start":{"line":1420,"column":4},"end":{"line":1420,"column":17}},"loc":{"start":{"line":1420,"column":93},"end":{"line":1422,"column":null}}},"106":{"name":"(anonymous_106)","decl":{"start":{"line":1431,"column":4},"end":{"line":1431,"column":17}},"loc":{"start":{"line":1431,"column":74},"end":{"line":1433,"column":null}}},"107":{"name":"(anonymous_107)","decl":{"start":{"line":1442,"column":4},"end":{"line":1442,"column":17}},"loc":{"start":{"line":1442,"column":64},"end":{"line":1444,"column":null}}},"108":{"name":"(anonymous_108)","decl":{"start":{"line":1454,"column":4},"end":{"line":1454,"column":17}},"loc":{"start":{"line":1454,"column":51},"end":{"line":1456,"column":null}}},"109":{"name":"(anonymous_109)","decl":{"start":{"line":1464,"column":4},"end":{"line":1464,"column":17}},"loc":{"start":{"line":1464,"column":70},"end":{"line":1466,"column":null}}},"110":{"name":"(anonymous_110)","decl":{"start":{"line":1474,"column":4},"end":{"line":1474,"column":17}},"loc":{"start":{"line":1474,"column":72},"end":{"line":1476,"column":null}}},"111":{"name":"(anonymous_111)","decl":{"start":{"line":1484,"column":4},"end":{"line":1484,"column":17}},"loc":{"start":{"line":1484,"column":63},"end":{"line":1486,"column":null}}},"112":{"name":"(anonymous_112)","decl":{"start":{"line":1496,"column":4},"end":{"line":1496,"column":37}},"loc":{"start":{"line":1496,"column":89},"end":{"line":1498,"column":null}}},"113":{"name":"(anonymous_113)","decl":{"start":{"line":1504,"column":4},"end":{"line":1504,"column":40}},"loc":{"start":{"line":1504,"column":92},"end":{"line":1506,"column":null}}},"114":{"name":"(anonymous_114)","decl":{"start":{"line":1513,"column":4},"end":{"line":1513,"column":37}},"loc":{"start":{"line":1513,"column":89},"end":{"line":1515,"column":null}}},"115":{"name":"(anonymous_115)","decl":{"start":{"line":1521,"column":4},"end":{"line":1521,"column":40}},"loc":{"start":{"line":1521,"column":92},"end":{"line":1523,"column":null}}},"116":{"name":"(anonymous_116)","decl":{"start":{"line":1530,"column":4},"end":{"line":1530,"column":29}},"loc":{"start":{"line":1530,"column":73},"end":{"line":1532,"column":null}}},"117":{"name":"(anonymous_117)","decl":{"start":{"line":1538,"column":4},"end":{"line":1538,"column":32}},"loc":{"start":{"line":1538,"column":76},"end":{"line":1540,"column":null}}},"118":{"name":"(anonymous_118)","decl":{"start":{"line":1547,"column":4},"end":{"line":1547,"column":29}},"loc":{"start":{"line":1547,"column":73},"end":{"line":1549,"column":null}}},"119":{"name":"(anonymous_119)","decl":{"start":{"line":1555,"column":4},"end":{"line":1555,"column":32}},"loc":{"start":{"line":1555,"column":76},"end":{"line":1557,"column":null}}},"120":{"name":"(anonymous_120)","decl":{"start":{"line":1564,"column":4},"end":{"line":1564,"column":29}},"loc":{"start":{"line":1564,"column":76},"end":{"line":1566,"column":null}}},"121":{"name":"(anonymous_121)","decl":{"start":{"line":1572,"column":4},"end":{"line":1572,"column":32}},"loc":{"start":{"line":1572,"column":79},"end":{"line":1574,"column":null}}},"122":{"name":"(anonymous_122)","decl":{"start":{"line":1581,"column":4},"end":{"line":1581,"column":33}},"loc":{"start":{"line":1581,"column":85},"end":{"line":1583,"column":null}}},"123":{"name":"(anonymous_123)","decl":{"start":{"line":1589,"column":4},"end":{"line":1589,"column":36}},"loc":{"start":{"line":1589,"column":88},"end":{"line":1591,"column":null}}},"124":{"name":"(anonymous_124)","decl":{"start":{"line":1598,"column":4},"end":{"line":1598,"column":31}},"loc":{"start":{"line":1598,"column":87},"end":{"line":1600,"column":null}}},"125":{"name":"(anonymous_125)","decl":{"start":{"line":1606,"column":4},"end":{"line":1606,"column":34}},"loc":{"start":{"line":1606,"column":90},"end":{"line":1608,"column":null}}},"126":{"name":"(anonymous_126)","decl":{"start":{"line":1615,"column":4},"end":{"line":1615,"column":36}},"loc":{"start":{"line":1615,"column":92},"end":{"line":1617,"column":null}}},"127":{"name":"(anonymous_127)","decl":{"start":{"line":1623,"column":4},"end":{"line":1623,"column":39}},"loc":{"start":{"line":1623,"column":95},"end":{"line":1625,"column":null}}},"128":{"name":"(anonymous_128)","decl":{"start":{"line":1632,"column":4},"end":{"line":1632,"column":32}},"loc":{"start":{"line":1632,"column":75},"end":{"line":1634,"column":null}}},"129":{"name":"(anonymous_129)","decl":{"start":{"line":1640,"column":4},"end":{"line":1640,"column":35}},"loc":{"start":{"line":1640,"column":78},"end":{"line":1642,"column":null}}},"130":{"name":"(anonymous_130)","decl":{"start":{"line":1649,"column":4},"end":{"line":1649,"column":32}},"loc":{"start":{"line":1649,"column":80},"end":{"line":1651,"column":null}}},"131":{"name":"(anonymous_131)","decl":{"start":{"line":1657,"column":4},"end":{"line":1657,"column":35}},"loc":{"start":{"line":1657,"column":83},"end":{"line":1659,"column":null}}},"132":{"name":"(anonymous_132)","decl":{"start":{"line":1666,"column":4},"end":{"line":1666,"column":32}},"loc":{"start":{"line":1666,"column":75},"end":{"line":1668,"column":null}}},"133":{"name":"(anonymous_133)","decl":{"start":{"line":1674,"column":4},"end":{"line":1674,"column":35}},"loc":{"start":{"line":1674,"column":78},"end":{"line":1676,"column":null}}},"134":{"name":"(anonymous_134)","decl":{"start":{"line":1683,"column":4},"end":{"line":1683,"column":34}},"loc":{"start":{"line":1683,"column":91},"end":{"line":1685,"column":null}}},"135":{"name":"(anonymous_135)","decl":{"start":{"line":1691,"column":4},"end":{"line":1691,"column":37}},"loc":{"start":{"line":1691,"column":94},"end":{"line":1693,"column":null}}},"136":{"name":"(anonymous_136)","decl":{"start":{"line":1700,"column":4},"end":{"line":1700,"column":33}},"loc":{"start":{"line":1700,"column":89},"end":{"line":1702,"column":null}}},"137":{"name":"(anonymous_137)","decl":{"start":{"line":1708,"column":4},"end":{"line":1708,"column":36}},"loc":{"start":{"line":1708,"column":92},"end":{"line":1710,"column":null}}},"138":{"name":"(anonymous_138)","decl":{"start":{"line":1717,"column":4},"end":{"line":1717,"column":34}},"loc":{"start":{"line":1717,"column":98},"end":{"line":1719,"column":null}}},"139":{"name":"(anonymous_139)","decl":{"start":{"line":1725,"column":4},"end":{"line":1725,"column":37}},"loc":{"start":{"line":1725,"column":101},"end":{"line":1727,"column":null}}},"140":{"name":"(anonymous_140)","decl":{"start":{"line":1734,"column":4},"end":{"line":1734,"column":28}},"loc":{"start":{"line":1734,"column":75},"end":{"line":1736,"column":null}}},"141":{"name":"(anonymous_141)","decl":{"start":{"line":1742,"column":4},"end":{"line":1742,"column":31}},"loc":{"start":{"line":1742,"column":78},"end":{"line":1744,"column":null}}},"142":{"name":"(anonymous_142)","decl":{"start":{"line":1751,"column":4},"end":{"line":1751,"column":33}},"loc":{"start":{"line":1751,"column":77},"end":{"line":1753,"column":null}}},"143":{"name":"(anonymous_143)","decl":{"start":{"line":1759,"column":4},"end":{"line":1759,"column":36}},"loc":{"start":{"line":1759,"column":80},"end":{"line":1761,"column":null}}},"144":{"name":"(anonymous_144)","decl":{"start":{"line":1768,"column":4},"end":{"line":1768,"column":33}},"loc":{"start":{"line":1768,"column":80},"end":{"line":1770,"column":null}}},"145":{"name":"(anonymous_145)","decl":{"start":{"line":1776,"column":4},"end":{"line":1776,"column":36}},"loc":{"start":{"line":1776,"column":83},"end":{"line":1778,"column":null}}},"146":{"name":"(anonymous_146)","decl":{"start":{"line":1785,"column":4},"end":{"line":1785,"column":33}},"loc":{"start":{"line":1785,"column":77},"end":{"line":1787,"column":null}}},"147":{"name":"(anonymous_147)","decl":{"start":{"line":1793,"column":4},"end":{"line":1793,"column":36}},"loc":{"start":{"line":1793,"column":80},"end":{"line":1795,"column":null}}},"148":{"name":"(anonymous_148)","decl":{"start":{"line":1802,"column":4},"end":{"line":1802,"column":38}},"loc":{"start":{"line":1802,"column":87},"end":{"line":1804,"column":null}}},"149":{"name":"(anonymous_149)","decl":{"start":{"line":1810,"column":4},"end":{"line":1810,"column":41}},"loc":{"start":{"line":1810,"column":90},"end":{"line":1812,"column":null}}},"150":{"name":"(anonymous_150)","decl":{"start":{"line":1819,"column":4},"end":{"line":1819,"column":38}},"loc":{"start":{"line":1819,"column":87},"end":{"line":1821,"column":null}}},"151":{"name":"(anonymous_151)","decl":{"start":{"line":1827,"column":4},"end":{"line":1827,"column":41}},"loc":{"start":{"line":1827,"column":90},"end":{"line":1829,"column":null}}},"152":{"name":"(anonymous_152)","decl":{"start":{"line":1836,"column":4},"end":{"line":1836,"column":38}},"loc":{"start":{"line":1836,"column":85},"end":{"line":1838,"column":null}}},"153":{"name":"(anonymous_153)","decl":{"start":{"line":1844,"column":4},"end":{"line":1844,"column":41}},"loc":{"start":{"line":1844,"column":88},"end":{"line":1846,"column":null}}},"154":{"name":"(anonymous_154)","decl":{"start":{"line":1853,"column":4},"end":{"line":1853,"column":47}},"loc":{"start":{"line":1853,"column":112},"end":{"line":1855,"column":null}}},"155":{"name":"(anonymous_155)","decl":{"start":{"line":1861,"column":4},"end":{"line":1861,"column":50}},"loc":{"start":{"line":1861,"column":115},"end":{"line":1863,"column":null}}},"156":{"name":"(anonymous_156)","decl":{"start":{"line":1870,"column":4},"end":{"line":1870,"column":43}},"loc":{"start":{"line":1870,"column":101},"end":{"line":1872,"column":null}}},"157":{"name":"(anonymous_157)","decl":{"start":{"line":1878,"column":4},"end":{"line":1878,"column":46}},"loc":{"start":{"line":1878,"column":104},"end":{"line":1880,"column":null}}},"158":{"name":"(anonymous_158)","decl":{"start":{"line":1887,"column":4},"end":{"line":1887,"column":43}},"loc":{"start":{"line":1887,"column":97},"end":{"line":1889,"column":null}}},"159":{"name":"(anonymous_159)","decl":{"start":{"line":1895,"column":4},"end":{"line":1895,"column":46}},"loc":{"start":{"line":1895,"column":100},"end":{"line":1897,"column":null}}},"160":{"name":"(anonymous_160)","decl":{"start":{"line":1904,"column":4},"end":{"line":1904,"column":44}},"loc":{"start":{"line":1904,"column":102},"end":{"line":1906,"column":null}}},"161":{"name":"(anonymous_161)","decl":{"start":{"line":1912,"column":4},"end":{"line":1912,"column":47}},"loc":{"start":{"line":1912,"column":105},"end":{"line":1914,"column":null}}},"162":{"name":"(anonymous_162)","decl":{"start":{"line":1921,"column":4},"end":{"line":1921,"column":43}},"loc":{"start":{"line":1921,"column":90},"end":{"line":1923,"column":null}}},"163":{"name":"(anonymous_163)","decl":{"start":{"line":1929,"column":4},"end":{"line":1929,"column":46}},"loc":{"start":{"line":1929,"column":93},"end":{"line":1931,"column":null}}},"164":{"name":"(anonymous_164)","decl":{"start":{"line":1938,"column":4},"end":{"line":1938,"column":34}},"loc":{"start":{"line":1938,"column":79},"end":{"line":1940,"column":null}}},"165":{"name":"(anonymous_165)","decl":{"start":{"line":1946,"column":4},"end":{"line":1946,"column":37}},"loc":{"start":{"line":1946,"column":82},"end":{"line":1948,"column":null}}},"166":{"name":"(anonymous_166)","decl":{"start":{"line":1955,"column":4},"end":{"line":1955,"column":34}},"loc":{"start":{"line":1955,"column":79},"end":{"line":1957,"column":null}}},"167":{"name":"(anonymous_167)","decl":{"start":{"line":1963,"column":4},"end":{"line":1963,"column":37}},"loc":{"start":{"line":1963,"column":82},"end":{"line":1965,"column":null}}},"168":{"name":"(anonymous_168)","decl":{"start":{"line":1972,"column":4},"end":{"line":1972,"column":34}},"loc":{"start":{"line":1972,"column":81},"end":{"line":1974,"column":null}}},"169":{"name":"(anonymous_169)","decl":{"start":{"line":1980,"column":4},"end":{"line":1980,"column":37}},"loc":{"start":{"line":1980,"column":84},"end":{"line":1982,"column":null}}},"170":{"name":"(anonymous_170)","decl":{"start":{"line":1989,"column":4},"end":{"line":1989,"column":40}},"loc":{"start":{"line":1989,"column":86},"end":{"line":1991,"column":null}}},"171":{"name":"(anonymous_171)","decl":{"start":{"line":1997,"column":4},"end":{"line":1997,"column":43}},"loc":{"start":{"line":1997,"column":89},"end":{"line":1999,"column":null}}},"172":{"name":"(anonymous_172)","decl":{"start":{"line":2006,"column":4},"end":{"line":2006,"column":40}},"loc":{"start":{"line":2006,"column":86},"end":{"line":2008,"column":null}}},"173":{"name":"(anonymous_173)","decl":{"start":{"line":2014,"column":4},"end":{"line":2014,"column":43}},"loc":{"start":{"line":2014,"column":89},"end":{"line":2016,"column":null}}},"174":{"name":"(anonymous_174)","decl":{"start":{"line":2023,"column":4},"end":{"line":2023,"column":47}},"loc":{"start":{"line":2023,"column":91},"end":{"line":2025,"column":null}}},"175":{"name":"(anonymous_175)","decl":{"start":{"line":2031,"column":4},"end":{"line":2031,"column":50}},"loc":{"start":{"line":2031,"column":94},"end":{"line":2033,"column":null}}},"176":{"name":"(anonymous_176)","decl":{"start":{"line":2040,"column":4},"end":{"line":2040,"column":47}},"loc":{"start":{"line":2040,"column":91},"end":{"line":2042,"column":null}}},"177":{"name":"(anonymous_177)","decl":{"start":{"line":2048,"column":4},"end":{"line":2048,"column":50}},"loc":{"start":{"line":2048,"column":94},"end":{"line":2050,"column":null}}},"178":{"name":"(anonymous_178)","decl":{"start":{"line":2057,"column":4},"end":{"line":2057,"column":47}},"loc":{"start":{"line":2057,"column":97},"end":{"line":2059,"column":null}}},"179":{"name":"(anonymous_179)","decl":{"start":{"line":2065,"column":4},"end":{"line":2065,"column":50}},"loc":{"start":{"line":2065,"column":100},"end":{"line":2067,"column":null}}},"180":{"name":"(anonymous_180)","decl":{"start":{"line":2074,"column":4},"end":{"line":2074,"column":41}},"loc":{"start":{"line":2074,"column":86},"end":{"line":2076,"column":null}}},"181":{"name":"(anonymous_181)","decl":{"start":{"line":2082,"column":4},"end":{"line":2082,"column":44}},"loc":{"start":{"line":2082,"column":89},"end":{"line":2084,"column":null}}},"182":{"name":"(anonymous_182)","decl":{"start":{"line":2091,"column":4},"end":{"line":2091,"column":41}},"loc":{"start":{"line":2091,"column":86},"end":{"line":2093,"column":null}}},"183":{"name":"(anonymous_183)","decl":{"start":{"line":2099,"column":4},"end":{"line":2099,"column":44}},"loc":{"start":{"line":2099,"column":89},"end":{"line":2101,"column":null}}},"184":{"name":"(anonymous_184)","decl":{"start":{"line":2108,"column":4},"end":{"line":2108,"column":41}},"loc":{"start":{"line":2108,"column":92},"end":{"line":2110,"column":null}}},"185":{"name":"(anonymous_185)","decl":{"start":{"line":2116,"column":4},"end":{"line":2116,"column":44}},"loc":{"start":{"line":2116,"column":95},"end":{"line":2118,"column":null}}},"186":{"name":"(anonymous_186)","decl":{"start":{"line":2125,"column":4},"end":{"line":2125,"column":36}},"loc":{"start":{"line":2125,"column":89},"end":{"line":2127,"column":null}}},"187":{"name":"(anonymous_187)","decl":{"start":{"line":2133,"column":4},"end":{"line":2133,"column":39}},"loc":{"start":{"line":2133,"column":92},"end":{"line":2135,"column":null}}},"188":{"name":"(anonymous_188)","decl":{"start":{"line":2142,"column":4},"end":{"line":2142,"column":37}},"loc":{"start":{"line":2142,"column":85},"end":{"line":2144,"column":null}}},"189":{"name":"(anonymous_189)","decl":{"start":{"line":2150,"column":4},"end":{"line":2150,"column":40}},"loc":{"start":{"line":2150,"column":88},"end":{"line":2152,"column":null}}},"190":{"name":"(anonymous_190)","decl":{"start":{"line":2159,"column":4},"end":{"line":2159,"column":37}},"loc":{"start":{"line":2159,"column":87},"end":{"line":2161,"column":null}}},"191":{"name":"(anonymous_191)","decl":{"start":{"line":2167,"column":4},"end":{"line":2167,"column":40}},"loc":{"start":{"line":2167,"column":90},"end":{"line":2169,"column":null}}}},"branchMap":{},"s":{"0":4,"1":0,"2":0,"3":0,"4":0,"5":0,"6":0,"7":0,"8":0,"9":0,"10":0,"11":0,"12":0,"13":0,"14":0,"15":0,"16":0,"17":0,"18":0,"19":0,"20":0,"21":0,"22":0,"23":0,"24":0,"25":0,"26":0,"27":0,"28":0,"29":0,"30":0,"31":0,"32":0,"33":0,"34":0,"35":0,"36":0,"37":0,"38":0,"39":0,"40":0,"41":0,"42":0,"43":0,"44":0,"45":0,"46":0,"47":0,"48":0,"49":0,"50":0,"51":0,"52":0,"53":0,"54":0,"55":0,"56":0,"57":0,"58":0,"59":0,"60":0,"61":0,"62":0,"63":0,"64":0,"65":0,"66":0,"67":0,"68":0,"69":0,"70":0,"71":0,"72":0,"73":0,"74":0,"75":0,"76":0,"77":0,"78":0,"79":0,"80":0,"81":0,"82":0,"83":0,"84":0,"85":0,"86":0,"87":0,"88":0,"89":0,"90":0,"91":0,"92":0,"93":0,"94":0,"95":0,"96":0,"97":0,"98":0,"99":0,"100":0,"101":0,"102":0,"103":0,"104":0,"105":0,"106":0,"107":0,"108":0,"109":2,"110":0,"111":0,"112":0,"113":0,"114":0,"115":0,"116":0,"117":0,"118":0,"119":0,"120":0,"121":0,"122":0,"123":0,"124":0,"125":0,"126":0,"127":0,"128":0,"129":0,"130":0,"131":0,"132":0,"133":0,"134":0,"135":0,"136":0,"137":0,"138":0,"139":0,"140":0,"141":0,"142":0,"143":0,"144":0,"145":0,"146":0,"147":0,"148":0,"149":0,"150":0,"151":0,"152":0,"153":0,"154":0,"155":0,"156":0,"157":0,"158":0,"159":0,"160":0,"161":0,"162":0,"163":0,"164":0,"165":0,"166":0,"167":0,"168":0,"169":0,"170":0,"171":0,"172":0,"173":0,"174":0,"175":0,"176":0,"177":0,"178":0,"179":0,"180":0,"181":0,"182":0,"183":0,"184":0,"185":0,"186":0,"187":0,"188":0,"189":0,"190":0,"191":0},"f":{"0":4,"1":0,"2":0,"3":0,"4":0,"5":0,"6":0,"7":0,"8":0,"9":0,"10":0,"11":0,"12":0,"13":0,"14":0,"15":0,"16":0,"17":0,"18":0,"19":0,"20":0,"21":0,"22":0,"23":0,"24":0,"25":0,"26":0,"27":0,"28":0,"29":0,"30":0,"31":0,"32":0,"33":0,"34":0,"35":0,"36":0,"37":0,"38":0,"39":0,"40":0,"41":0,"42":0,"43":0,"44":0,"45":0,"46":0,"47":0,"48":0,"49":0,"50":0,"51":0,"52":0,"53":0,"54":0,"55":0,"56":0,"57":0,"58":0,"59":0,"60":0,"61":0,"62":0,"63":0,"64":0,"65":0,"66":0,"67":0,"68":0,"69":0,"70":0,"71":0,"72":0,"73":0,"74":0,"75":0,"76":0,"77":0,"78":0,"79":0,"80":0,"81":0,"82":0,"83":0,"84":0,"85":0,"86":0,"87":0,"88":0,"89":0,"90":0,"91":0,"92":0,"93":0,"94":0,"95":0,"96":0,"97":0,"98":0,"99":0,"100":0,"101":0,"102":0,"103":0,"104":0,"105":0,"106":0,"107":0,"108":0,"109":2,"110":0,"111":0,"112":0,"113":0,"114":0,"115":0,"116":0,"117":0,"118":0,"119":0,"120":0,"121":0,"122":0,"123":0,"124":0,"125":0,"126":0,"127":0,"128":0,"129":0,"130":0,"131":0,"132":0,"133":0,"134":0,"135":0,"136":0,"137":0,"138":0,"139":0,"140":0,"141":0,"142":0,"143":0,"144":0,"145":0,"146":0,"147":0,"148":0,"149":0,"150":0,"151":0,"152":0,"153":0,"154":0,"155":0,"156":0,"157":0,"158":0,"159":0,"160":0,"161":0,"162":0,"163":0,"164":0,"165":0,"166":0,"167":0,"168":0,"169":0,"170":0,"171":0,"172":0,"173":0,"174":0,"175":0,"176":0,"177":0,"178":0,"179":0,"180":0,"181":0,"182":0,"183":0,"184":0,"185":0,"186":0,"187":0,"188":0,"189":0,"190":0,"191":0},"b":{}}
,"/Volumes/Crucial_X8/code/SQE/updating/ScrollEditor/src/i18n/index.ts": {"path":"/Volumes/Crucial_X8/code/SQE/updating/ScrollEditor/src/i18n/index.ts","statementMap":{"0":{"start":{"line":4,"column":23},"end":{"line":4,"column":null}}},"fnMap":{},"branchMap":{},"s":{"0":12},"f":{},"b":{}}
,"/Volumes/Crucial_X8/code/SQE/updating/ScrollEditor/src/models/artefact.ts": {"path":"/Volumes/Crucial_X8/code/SQE/updating/ScrollEditor/src/models/artefact.ts","statementMap":{"0":{"start":{"line":15,"column":16},"end":{"line":15,"column":null}},"1":{"start":{"line":16,"column":23},"end":{"line":16,"column":null}},"2":{"start":{"line":17,"column":28},"end":{"line":17,"column":null}},"3":{"start":{"line":18,"column":18},"end":{"line":18,"column":null}},"4":{"start":{"line":19,"column":27},"end":{"line":19,"column":null}},"5":{"start":{"line":23,"column":24},"end":{"line":23,"column":null}},"6":{"start":{"line":24,"column":34},"end":{"line":24,"column":null}},"7":{"start":{"line":25,"column":31},"end":{"line":25,"column":null}},"8":{"start":{"line":26,"column":34},"end":{"line":26,"column":null}},"9":{"start":{"line":28,"column":24},"end":{"line":28,"column":null}},"10":{"start":{"line":35,"column":55},"end":{"line":35,"column":null}},"11":{"start":{"line":37,"column":39},"end":{"line":37,"column":null}},"12":{"start":{"line":38,"column":45},"end":{"line":38,"column":null}},"13":{"start":{"line":39,"column":55},"end":{"line":39,"column":null}},"14":{"start":{"line":42,"column":8},"end":{"line":42,"column":null}},"15":{"start":{"line":43,"column":8},"end":{"line":43,"column":null}},"16":{"start":{"line":44,"column":8},"end":{"line":44,"column":null}},"17":{"start":{"line":45,"column":8},"end":{"line":45,"column":null}},"18":{"start":{"line":46,"column":8},"end":{"line":46,"column":null}},"19":{"start":{"line":50,"column":8},"end":{"line":50,"column":null}},"20":{"start":{"line":51,"column":8},"end":{"line":51,"column":null}},"21":{"start":{"line":52,"column":8},"end":{"line":52,"column":null}},"22":{"start":{"line":53,"column":8},"end":{"line":53,"column":null}},"23":{"start":{"line":54,"column":8},"end":{"line":54,"column":null}},"24":{"start":{"line":55,"column":8},"end":{"line":55,"column":null}},"25":{"start":{"line":59,"column":8},"end":{"line":59,"column":null}},"26":{"start":{"line":65,"column":8},"end":{"line":65,"column":null}},"27":{"start":{"line":66,"column":8},"end":{"line":66,"column":null}},"28":{"start":{"line":71,"column":8},"end":{"line":73,"column":null}},"29":{"start":{"line":72,"column":12},"end":{"line":72,"column":null}},"30":{"start":{"line":75,"column":25},"end":{"line":75,"column":null}},"31":{"start":{"line":76,"column":8},"end":{"line":78,"column":null}},"32":{"start":{"line":77,"column":12},"end":{"line":77,"column":null}},"33":{"start":{"line":80,"column":8},"end":{"line":80,"column":null}},"34":{"start":{"line":82,"column":29},"end":{"line":82,"column":null}},"35":{"start":{"line":84,"column":19},"end":{"line":84,"column":null}},"36":{"start":{"line":85,"column":19},"end":{"line":85,"column":null}},"37":{"start":{"line":87,"column":14},"end":{"line":90,"column":null}},"38":{"start":{"line":88,"column":12},"end":{"line":89,"column":null}},"39":{"start":{"line":93,"column":8},"end":{"line":95,"column":null}},"40":{"start":{"line":94,"column":12},"end":{"line":94,"column":null}},"41":{"start":{"line":98,"column":8},"end":{"line":101,"column":null}},"42":{"start":{"line":100,"column":12},"end":{"line":100,"column":null}},"43":{"start":{"line":104,"column":8},"end":{"line":107,"column":null}},"44":{"start":{"line":106,"column":12},"end":{"line":106,"column":null}},"45":{"start":{"line":110,"column":8},"end":{"line":113,"column":null}},"46":{"start":{"line":112,"column":12},"end":{"line":112,"column":null}},"47":{"start":{"line":115,"column":8},"end":{"line":115,"column":null}},"48":{"start":{"line":121,"column":18},"end":{"line":122,"column":null}},"49":{"start":{"line":123,"column":18},"end":{"line":124,"column":null}},"50":{"start":{"line":126,"column":8},"end":{"line":126,"column":null}},"51":{"start":{"line":132,"column":22},"end":{"line":132,"column":null}},"52":{"start":{"line":135,"column":23},"end":{"line":135,"column":null}},"53":{"start":{"line":138,"column":25},"end":{"line":145,"column":null}},"54":{"start":{"line":147,"column":25},"end":{"line":154,"column":null}},"55":{"start":{"line":157,"column":19},"end":{"line":157,"column":null}},"56":{"start":{"line":158,"column":19},"end":{"line":158,"column":null}},"57":{"start":{"line":159,"column":24},"end":{"line":159,"column":null}},"58":{"start":{"line":160,"column":24},"end":{"line":160,"column":null}},"59":{"start":{"line":162,"column":8},"end":{"line":174,"column":null}},"60":{"start":{"line":162,"column":21},"end":{"line":162,"column":24}},"61":{"start":{"line":163,"column":12},"end":{"line":167,"column":null}},"62":{"start":{"line":168,"column":12},"end":{"line":172,"column":null}},"63":{"start":{"line":177,"column":14},"end":{"line":177,"column":null}},"64":{"start":{"line":178,"column":14},"end":{"line":178,"column":null}},"65":{"start":{"line":180,"column":8},"end":{"line":180,"column":null}},"66":{"start":{"line":187,"column":8},"end":{"line":187,"column":null}},"67":{"start":{"line":188,"column":8},"end":{"line":188,"column":null}},"68":{"start":{"line":192,"column":8},"end":{"line":192,"column":null}},"69":{"start":{"line":196,"column":8},"end":{"line":196,"column":null}},"70":{"start":{"line":201,"column":8},"end":{"line":203,"column":null}},"71":{"start":{"line":202,"column":12},"end":{"line":202,"column":null}},"72":{"start":{"line":205,"column":8},"end":{"line":207,"column":null}},"73":{"start":{"line":206,"column":12},"end":{"line":206,"column":null}},"74":{"start":{"line":211,"column":8},"end":{"line":211,"column":null}},"75":{"start":{"line":212,"column":8},"end":{"line":212,"column":null}},"76":{"start":{"line":213,"column":8},"end":{"line":213,"column":null}},"77":{"start":{"line":214,"column":8},"end":{"line":214,"column":null}},"78":{"start":{"line":215,"column":8},"end":{"line":215,"column":null}},"79":{"start":{"line":216,"column":8},"end":{"line":216,"column":null}},"80":{"start":{"line":217,"column":8},"end":{"line":217,"column":null}},"81":{"start":{"line":218,"column":8},"end":{"line":218,"column":null}},"82":{"start":{"line":219,"column":8},"end":{"line":219,"column":null}},"83":{"start":{"line":220,"column":8},"end":{"line":220,"column":null}},"84":{"start":{"line":221,"column":8},"end":{"line":221,"column":null}},"85":{"start":{"line":223,"column":8},"end":{"line":223,"column":null}}},"fnMap":{"0":{"name":"(anonymous_0)","decl":{"start":{"line":41,"column":4},"end":{"line":41,"column":16}},"loc":{"start":{"line":41,"column":34},"end":{"line":56,"column":null}}},"1":{"name":"(anonymous_1)","decl":{"start":{"line":58,"column":4},"end":{"line":58,"column":15}},"loc":{"start":{"line":58,"column":27},"end":{"line":60,"column":null}}},"2":{"name":"(anonymous_2)","decl":{"start":{"line":64,"column":4},"end":{"line":64,"column":20}},"loc":{"start":{"line":64,"column":34},"end":{"line":67,"column":null}}},"3":{"name":"(anonymous_3)","decl":{"start":{"line":69,"column":4},"end":{"line":69,"column":15}},"loc":{"start":{"line":69,"column":37},"end":{"line":116,"column":null}}},"4":{"name":"(anonymous_4)","decl":{"start":{"line":87,"column":14},"end":{"line":87,"column":24}},"loc":{"start":{"line":87,"column":49},"end":{"line":90,"column":null}}},"5":{"name":"(anonymous_5)","decl":{"start":{"line":119,"column":4},"end":{"line":119,"column":38}},"loc":{"start":{"line":119,"column":39},"end":{"line":127,"column":null}}},"6":{"name":"(anonymous_6)","decl":{"start":{"line":130,"column":4},"end":{"line":130,"column":44}},"loc":{"start":{"line":130,"column":45},"end":{"line":182,"column":null}}},"7":{"name":"(anonymous_7)","decl":{"start":{"line":186,"column":4},"end":{"line":186,"column":24}},"loc":{"start":{"line":186,"column":47},"end":{"line":189,"column":null}}},"8":{"name":"(anonymous_8)","decl":{"start":{"line":191,"column":4},"end":{"line":191,"column":15}},"loc":{"start":{"line":191,"column":42},"end":{"line":193,"column":null}}},"9":{"name":"(anonymous_9)","decl":{"start":{"line":195,"column":4},"end":{"line":195,"column":38}},"loc":{"start":{"line":195,"column":39},"end":{"line":197,"column":null}}},"10":{"name":"(anonymous_10)","decl":{"start":{"line":199,"column":4},"end":{"line":199,"column":30}},"loc":{"start":{"line":199,"column":31},"end":{"line":208,"column":null}}},"11":{"name":"(anonymous_11)","decl":{"start":{"line":210,"column":4},"end":{"line":210,"column":19}},"loc":{"start":{"line":210,"column":37},"end":{"line":224,"column":null}}}},"branchMap":{"0":{"loc":{"start":{"line":44,"column":30},"end":{"line":44,"column":null}},"type":"binary-expr","locations":[{"start":{"line":44,"column":30},"end":{"line":44,"column":52}},{"start":{"line":44,"column":52},"end":{"line":44,"column":null}}]},"1":{"loc":{"start":{"line":46,"column":36},"end":{"line":46,"column":50}},"type":"binary-expr","locations":[{"start":{"line":46,"column":36},"end":{"line":46,"column":48}},{"start":{"line":46,"column":48},"end":{"line":46,"column":50}}]},"2":{"loc":{"start":{"line":50,"column":29},"end":{"line":50,"column":null}},"type":"binary-expr","locations":[{"start":{"line":50,"column":29},"end":{"line":50,"column":41}},{"start":{"line":50,"column":41},"end":{"line":50,"column":null}}]},"3":{"loc":{"start":{"line":55,"column":21},"end":{"line":55,"column":null}},"type":"cond-expr","locations":[{"start":{"line":55,"column":45},"end":{"line":55,"column":55}},{"start":{"line":55,"column":55},"end":{"line":55,"column":null}}]},"4":{"loc":{"start":{"line":65,"column":36},"end":{"line":65,"column":45}},"type":"binary-expr","locations":[{"start":{"line":65,"column":36},"end":{"line":65,"column":43}},{"start":{"line":65,"column":43},"end":{"line":65,"column":45}}]},"5":{"loc":{"start":{"line":71,"column":8},"end":{"line":73,"column":null}},"type":"if","locations":[{"start":{"line":71,"column":8},"end":{"line":73,"column":null}}]},"6":{"loc":{"start":{"line":76,"column":8},"end":{"line":78,"column":null}},"type":"if","locations":[{"start":{"line":76,"column":8},"end":{"line":78,"column":null}}]},"7":{"loc":{"start":{"line":88,"column":23},"end":{"line":89,"column":null}},"type":"binary-expr","locations":[{"start":{"line":88,"column":23},"end":{"line":88,"column":43}},{"start":{"line":88,"column":43},"end":{"line":88,"column":null}},{"start":{"line":89,"column":23},"end":{"line":89,"column":43}},{"start":{"line":89,"column":43},"end":{"line":89,"column":null}}]},"8":{"loc":{"start":{"line":93,"column":8},"end":{"line":95,"column":null}},"type":"if","locations":[{"start":{"line":93,"column":8},"end":{"line":95,"column":null}}]},"9":{"loc":{"start":{"line":98,"column":8},"end":{"line":101,"column":null}},"type":"if","locations":[{"start":{"line":98,"column":8},"end":{"line":101,"column":null}}]},"10":{"loc":{"start":{"line":104,"column":8},"end":{"line":107,"column":null}},"type":"if","locations":[{"start":{"line":104,"column":8},"end":{"line":107,"column":null}}]},"11":{"loc":{"start":{"line":110,"column":8},"end":{"line":113,"column":null}},"type":"if","locations":[{"start":{"line":110,"column":8},"end":{"line":113,"column":null}}]},"12":{"loc":{"start":{"line":201,"column":8},"end":{"line":203,"column":null}},"type":"if","locations":[{"start":{"line":201,"column":8},"end":{"line":203,"column":null}}]},"13":{"loc":{"start":{"line":205,"column":8},"end":{"line":207,"column":null}},"type":"if","locations":[{"start":{"line":205,"column":8},"end":{"line":207,"column":null}}]}},"s":{"0":32,"1":32,"2":32,"3":32,"4":32,"5":32,"6":32,"7":32,"8":32,"9":32,"10":32,"11":32,"12":32,"13":32,"14":32,"15":32,"16":32,"17":32,"18":32,"19":32,"20":32,"21":32,"22":32,"23":32,"24":32,"25":48,"26":16,"27":16,"28":32,"29":0,"30":32,"31":32,"32":32,"33":0,"34":0,"35":0,"36":0,"37":0,"38":0,"39":0,"40":0,"41":0,"42":0,"43":0,"44":0,"45":0,"46":0,"47":0,"48":0,"49":0,"50":0,"51":0,"52":0,"53":0,"54":0,"55":0,"56":0,"57":0,"58":0,"59":0,"60":0,"61":0,"62":0,"63":0,"64":0,"65":0,"66":0,"67":0,"68":0,"69":0,"70":0,"71":0,"72":0,"73":0,"74":0,"75":0,"76":0,"77":0,"78":0,"79":0,"80":0,"81":0,"82":0,"83":0,"84":0,"85":0},"f":{"0":32,"1":48,"2":16,"3":32,"4":0,"5":0,"6":0,"7":0,"8":0,"9":0,"10":0,"11":0},"b":{"0":[32,0],"1":[32,32],"2":[32,0],"3":[16,16],"4":[16,0],"5":[0],"6":[32],"7":[0,0,0,0],"8":[0],"9":[0],"10":[0],"11":[0],"12":[0],"13":[0]}}
,"/Volumes/Crucial_X8/code/SQE/updating/ScrollEditor/src/models/edition.ts": {"path":"/Volumes/Crucial_X8/code/SQE/updating/ScrollEditor/src/models/edition.ts","statementMap":{"0":{"start":{"line":25,"column":8},"end":{"line":25,"column":null}},"1":{"start":{"line":26,"column":8},"end":{"line":26,"column":null}},"2":{"start":{"line":27,"column":8},"end":{"line":27,"column":null}},"3":{"start":{"line":35,"column":46},"end":{"line":40,"column":null}},"4":{"start":{"line":45,"column":8},"end":{"line":58,"column":null}},"5":{"start":{"line":47,"column":16},"end":{"line":47,"column":null}},"6":{"start":{"line":48,"column":16},"end":{"line":48,"column":null}},"7":{"start":{"line":49,"column":16},"end":{"line":49,"column":null}},"8":{"start":{"line":50,"column":16},"end":{"line":50,"column":null}},"9":{"start":{"line":52,"column":16},"end":{"line":52,"column":null}},"10":{"start":{"line":53,"column":16},"end":{"line":53,"column":null}},"11":{"start":{"line":54,"column":16},"end":{"line":54,"column":null}},"12":{"start":{"line":56,"column":16},"end":{"line":56,"column":null}},"13":{"start":{"line":57,"column":16},"end":{"line":57,"column":null}},"14":{"start":{"line":60,"column":8},"end":{"line":60,"column":null}},"15":{"start":{"line":68,"column":8},"end":{"line":68,"column":null}},"16":{"start":{"line":69,"column":8},"end":{"line":69,"column":null}},"17":{"start":{"line":70,"column":8},"end":{"line":70,"column":null}},"18":{"start":{"line":74,"column":8},"end":{"line":74,"column":null}},"19":{"start":{"line":78,"column":8},"end":{"line":80,"column":null}},"20":{"start":{"line":79,"column":12},"end":{"line":79,"column":null}},"21":{"start":{"line":81,"column":8},"end":{"line":83,"column":null}},"22":{"start":{"line":82,"column":12},"end":{"line":82,"column":null}},"23":{"start":{"line":84,"column":8},"end":{"line":86,"column":null}},"24":{"start":{"line":85,"column":12},"end":{"line":85,"column":null}},"25":{"start":{"line":87,"column":8},"end":{"line":87,"column":null}},"26":{"start":{"line":93,"column":8},"end":{"line":93,"column":null}},"27":{"start":{"line":100,"column":8},"end":{"line":100,"column":null}},"28":{"start":{"line":101,"column":8},"end":{"line":101,"column":null}},"29":{"start":{"line":105,"column":8},"end":{"line":105,"column":null}},"30":{"start":{"line":113,"column":8},"end":{"line":113,"column":null}},"31":{"start":{"line":117,"column":8},"end":{"line":117,"column":null}},"32":{"start":{"line":121,"column":8},"end":{"line":121,"column":null}},"33":{"start":{"line":121,"column":46},"end":{"line":121,"column":64}},"34":{"start":{"line":125,"column":8},"end":{"line":127,"column":null}},"35":{"start":{"line":126,"column":36},"end":{"line":126,"column":null}},"36":{"start":{"line":131,"column":21},"end":{"line":131,"column":null}},"37":{"start":{"line":132,"column":8},"end":{"line":134,"column":null}},"38":{"start":{"line":133,"column":12},"end":{"line":133,"column":null}},"39":{"start":{"line":135,"column":22},"end":{"line":137,"column":null}},"40":{"start":{"line":136,"column":40},"end":{"line":136,"column":null}},"41":{"start":{"line":138,"column":8},"end":{"line":138,"column":null}},"42":{"start":{"line":160,"column":34},"end":{"line":160,"column":null}},"43":{"start":{"line":161,"column":27},"end":{"line":161,"column":null}},"44":{"start":{"line":162,"column":42},"end":{"line":162,"column":null}},"45":{"start":{"line":165,"column":47},"end":{"line":165,"column":null}},"46":{"start":{"line":167,"column":39},"end":{"line":167,"column":null}},"47":{"start":{"line":168,"column":59},"end":{"line":168,"column":null}},"48":{"start":{"line":172,"column":8},"end":{"line":172,"column":null}},"49":{"start":{"line":176,"column":8},"end":{"line":176,"column":null}},"50":{"start":{"line":177,"column":8},"end":{"line":177,"column":null}},"51":{"start":{"line":178,"column":8},"end":{"line":178,"column":null}},"52":{"start":{"line":179,"column":8},"end":{"line":179,"column":null}},"53":{"start":{"line":180,"column":8},"end":{"line":180,"column":null}},"54":{"start":{"line":181,"column":8},"end":{"line":181,"column":null}},"55":{"start":{"line":182,"column":8},"end":{"line":182,"column":null}},"56":{"start":{"line":185,"column":8},"end":{"line":187,"column":null}},"57":{"start":{"line":186,"column":12},"end":{"line":186,"column":null}},"58":{"start":{"line":188,"column":8},"end":{"line":190,"column":null}},"59":{"start":{"line":189,"column":12},"end":{"line":189,"column":null}},"60":{"start":{"line":192,"column":8},"end":{"line":194,"column":null}},"61":{"start":{"line":193,"column":12},"end":{"line":193,"column":null}},"62":{"start":{"line":195,"column":8},"end":{"line":197,"column":null}},"63":{"start":{"line":196,"column":34},"end":{"line":196,"col
[...]
ll}},"40":{"start":{"line":127,"column":8},"end":{"line":127,"column":null}},"41":{"start":{"line":122,"column":15},"end":{"line":122,"column":null}},"42":{"start":{"line":123,"column":15},"end":{"line":123,"column":null}},"43":{"start":{"line":124,"column":15},"end":{"line":124,"column":51}},"44":{"start":{"line":128,"column":8},"end":{"line":128,"column":null}},"45":{"start":{"line":129,"column":8},"end":{"line":129,"column":null}},"46":{"start":{"line":133,"column":8},"end":{"line":135,"column":null}},"47":{"start":{"line":134,"column":12},"end":{"line":134,"column":null}},"48":{"start":{"line":136,"column":19},"end":{"line":136,"column":null}},"49":{"start":{"line":137,"column":8},"end":{"line":168,"column":null}},"50":{"start":{"line":142,"column":12},"end":{"line":142,"column":null}},"51":{"start":{"line":142,"column":70},"end":{"line":142,"column":100}},"52":{"start":{"line":143,"column":12},"end":{"line":143,"column":null}},"53":{"start":{"line":143,"column":43},"end":{"line":143,"column":73}},"54":{"start":{"line":145,"column":29},"end":{"line":145,"column":null}},"55":{"start":{"line":145,"column":80},"end":{"line":145,"column":89}},"56":{"start":{"line":146,"column":28},"end":{"line":146,"column":null}},"57":{"start":{"line":146,"column":53},"end":{"line":146,"column":62}},"58":{"start":{"line":148,"column":34},"end":{"line":149,"column":null}},"59":{"start":{"line":149,"column":51},"end":{"line":149,"column":75}},"60":{"start":{"line":153,"column":12},"end":{"line":165,"column":null}},"61":{"start":{"line":154,"column":66},"end":{"line":154,"column":null}},"62":{"start":{"line":155,"column":16},"end":{"line":161,"column":null}},"63":{"start":{"line":155,"column":29},"end":{"line":155,"column":32}},"64":{"start":{"line":156,"column":35},"end":{"line":156,"column":null}},"65":{"start":{"line":157,"column":20},"end":{"line":159,"column":null}},"66":{"start":{"line":158,"column":24},"end":{"line":158,"column":null}},"67":{"start":{"line":160,"column":20},"end":{"line":160,"column":null}},"68":{"start":{"line":164,"column":16},"end":{"line":164,"column":null}},"69":{"start":{"line":167,"column":12},"end":{"line":167,"column":null}},"70":{"start":{"line":169,"column":8},"end":{"line":169,"column":null}},"71":{"start":{"line":173,"column":8},"end":{"line":173,"column":null}},"72":{"start":{"line":177,"column":8},"end":{"line":177,"column":null}},"73":{"start":{"line":181,"column":8},"end":{"line":183,"column":null}},"74":{"start":{"line":182,"column":18},"end":{"line":182,"column":null}},"75":{"start":{"line":184,"column":8},"end":{"line":196,"column":null}},"76":{"start":{"line":185,"column":12},"end":{"line":185,"column":null}},"77":{"start":{"line":187,"column":32},"end":{"line":187,"column":null}},"78":{"start":{"line":187,"column":61},"end":{"line":187,"column":74}},"79":{"start":{"line":188,"column":33},"end":{"line":188,"column":null}},"80":{"start":{"line":189,"column":12},"end":{"line":189,"column":null}},"81":{"start":{"line":190,"column":12},"end":{"line":190,"column":null}},"82":{"start":{"line":191,"column":12},"end":{"line":191,"column":null}},"83":{"start":{"line":193,"column":12},"end":{"line":193,"column":null}},"84":{"start":{"line":194,"column":12},"end":{"line":194,"column":null}},"85":{"start":{"line":200,"column":8},"end":{"line":202,"column":null}},"86":{"start":{"line":201,"column":18},"end":{"line":201,"column":null}},"87":{"start":{"line":204,"column":8},"end":{"line":210,"column":null}},"88":{"start":{"line":205,"column":12},"end":{"line":205,"column":null}},"89":{"start":{"line":208,"column":12},"end":{"line":208,"column":null}},"90":{"start":{"line":209,"column":12},"end":{"line":209,"column":null}},"91":{"start":{"line":212,"column":28},"end":{"line":212,"column":null}},"92":{"start":{"line":212,"column":57},"end":{"line":212,"column":70}},"93":{"start":{"line":214,"column":8},"end":{"line":217,"column":null}},"94":{"start":{"line":215,"column":24},"end":{"line":215,"column":null}},"95":{"start":{"line":216,"column":12},"end":{"line":216,"column":null}},"96":{"start":{"line":226,"column":31},"end":{"line":226,"column":null}},"97":{"start":{"line":226,"column":82},"end":{"line":226,"column":108}},"98":{"start":{"line":227,"column":8},"end":{"line":229,"column":null}},"99":{"start":{"line":228,"column":12},"end":{"line":228,"column":null}},"100":{"start":{"line":230,"column":8},"end":{"line":230,"column":null}},"101":{"start":{"line":241,"column":8},"end":{"line":241,"column":null}},"102":{"start":{"line":236,"column":15},"end":{"line":236,"column":null}},"103":{"start":{"line":242,"column":8},"end":{"line":242,"column":null}},"104":{"start":{"line":243,"column":8},"end":{"line":243,"column":null}},"105":{"start":{"line":247,"column":8},"end":{"line":247,"column":null}},"106":{"start":{"line":251,"column":8},"end":{"line":251,"column":null}},"107":{"start":{"line":255,"column":8},"end":{"line":255,"column":null}},"108":{"start":{"line":259,"column":8},"end":{"line":259,"column":null}},"109":{"start":{"line":260,"column":8},"end":{"line":264,"column":null}},"110":{"start":{"line":268,"column":8},"end":{"line":268,"column":null}},"111":{"start":{"line":269,"column":8},"end":{"line":273,"column":null}},"112":{"start":{"line":278,"column":36},"end":{"line":278,"column":null}},"113":{"start":{"line":282,"column":24},"end":{"line":282,"column":null}},"114":{"start":{"line":283,"column":8},"end":{"line":285,"column":null}},"115":{"start":{"line":284,"column":12},"end":{"line":284,"column":null}},"116":{"start":{"line":286,"column":8},"end":{"line":286,"column":null}},"117":{"start":{"line":299,"column":8},"end":{"line":299,"column":null}},"118":{"start":{"line":294,"column":15},"end":{"line":294,"column":null}},"119":{"start":{"line":300,"column":8},"end":{"line":300,"column":null}},"120":{"start":{"line":301,"column":8},"end":{"line":301,"column":null}},"121":{"start":{"line":302,"column":8},"end":{"line":302,"column":null}},"122":{"start":{"line":305,"column":8},"end":{"line":305,"column":null}},"123":{"start":{"line":308,"column":8},"end":{"line":308,"column":null}},"124":{"start":{"line":317,"column":8},"end":{"line":317,"column":null}},"125":{"start":{"line":321,"column":8},"end":{"line":321,"column":null}}},"fnMap":{"0":{"name":"state","decl":{"start":{"line":8,"column":9},"end":{"line":8,"column":17}},"loc":{"start":{"line":8,"column":17},"end":{"line":10,"column":null}}},"1":{"name":"(anonymous_1)","decl":{"start":{"line":15,"column":4},"end":{"line":15,"column":22}},"loc":{"start":{"line":15,"column":71},"end":{"line":17,"column":null}}},"2":{"name":"(anonymous_2)","decl":{"start":{"line":31,"column":4},"end":{"line":32,"column":7}},"loc":{"start":{"line":39,"column":6},"end":{"line":45,"column":null}}},"3":{"name":"(anonymous_3)","decl":{"start":{"line":47,"column":4},"end":{"line":47,"column":20}},"loc":{"start":{"line":47,"column":89},"end":{"line":70,"column":null}}},"4":{"name":"(anonymous_4)","decl":{"start":{"line":72,"column":4},"end":{"line":72,"column":26}},"loc":{"start":{"line":72,"column":27},"end":{"line":74,"column":null}}},"5":{"name":"(anonymous_5)","decl":{"start":{"line":76,"column":4},"end":{"line":76,"column":26}},"loc":{"start":{"line":76,"column":42},"end":{"line":78,"column":null}}},"6":{"name":"(anonymous_6)","decl":{"start":{"line":80,"column":4},"end":{"line":80,"column":34}},"loc":{"start":{"line":80,"column":35},"end":{"line":88,"column":null}}},"7":{"name":"(anonymous_7)","decl":{"start":{"line":90,"column":4},"end":{"line":90,"column":34}},"loc":{"start":{"line":90,"column":35},"end":{"line":98,"column":null}}},"8":{"name":"(anonymous_8)","decl":{"start":{"line":100,"column":4},"end":{"line":100,"column":18}},"loc":{"start":{"line":100,"column":39},"end":{"line":107,"column":null}}},"9":{"name":"(anonymous_9)","decl":{"start":{"line":113,"column":4},"end":{"line":113,"column":16}},"loc":{"start":{"line":113,"column":39},"end":{"line":119,"column":null}}},"10":{"name":"(anonymous_10)","decl":{"start":{"line":114,"column":72},"end":{"line":114,"column":77}},"loc":{"start":{"line":114,"column":82},"end":{"line":114,"column":108}}},"11":{"name":"(anonymous_11)","decl":{"start":{"line":121,"column":4},"end":{"line":122,"column":7}},"loc":{"start":{"line":126,"column":6},"end":{"line":130,"column":null}}},"12":{"name":"(anonymous_12)","decl":{"start":{"line":132,"column":4},"end":{"line":132,"column":20}},"loc":{"start":{"line":132,"column":86},"end":{"line":170,"column":null}}},"13":{"name":"(anonymous_13)","decl":{"start":{"line":142,"column":55},"end":{"line":142,"column":61}},"loc":{"start":{"line":142,"column":70},"end":{"line":142,"column":100}}},"14":{"name":"(anonymous_14)","decl":{"start":{"line":143,"column":28},"end":{"line":143,"column":34}},"loc":{"start":{"line":143,"column":43},"end":{"line":143,"column":73}}},"15":{"name":"(anonymous_15)","decl":{"start":{"line":145,"column":71},"end":{"line":145,"column":75}},"loc":{"start":{"line":145,"column":80},"end":{"line":145,"column":89}}},"16":{"name":"(anonymous_16)","decl":{"start":{"line":146,"column":44},"end":{"line":146,"column":48}},"loc":{"start":{"line":146,"column":53},"end":{"line":146,"column":62}}},"17":{"name":"(anonymous_17)","decl":{"start":{"line":149,"column":27},"end":{"line":149,"column":34}},"loc":{"start":{"line":149,"column":51},"end":{"line":149,"column":75}}},"18":{"name":"(anonymous_18)","decl":{"start":{"line":172,"column":4},"end":{"line":172,"column":18}},"loc":{"start":{"line":172,"column":19},"end":{"line":174,"column":null}}},"19":{"name":"(anonymous_19)","decl":{"start":{"line":176,"column":4},"end":{"line":176,"column":26}},"loc":{"start":{"line":176,"column":42},"end":{"line":178,"column":null}}},"20":{"name":"(anonymous_20)","decl":{"start":{"line":180,"column":4},"end":{"line":180,"column":34}},"loc":{"start":{"line":180,"column":35},"end":{"line":197,"column":null}}},"21":{"name":"(anonymous_21)","decl":{"start":{"line":181,"column":24},"end":{"line":181,"column":null}},"loc":{"start":{"line":182,"column":18},"end":{"line":182,"column":null}}},"22":{"name":"(anonymous_22)","decl":{"start":{"line":187,"column":48},"end":{"line":187,"column":52}},"loc":{"start":{"line":187,"column":61},"end":{"line":187,"column":74}}},"23":{"name":"(anonymous_23)","decl":{"start":{"line":199,"column":4},"end":{"line":199,"column":34}},"loc":{"start":{"line":199,"column":35},"end":{"line":218,"column":null}}},"24":{"name":"(anonymous_24)","decl":{"start":{"line":200,"column":24},"end":{"line":200,"column":null}},"loc":{"start":{"line":201,"column":18},"end":{"line":201,"column":null}}},"25":{"name":"(anonymous_25)","decl":{"start":{"line":212,"column":44},"end":{"line":212,"column":48}},"loc":{"start":{"line":212,"column":57},"end":{"line":212,"column":70}}},"26":{"name":"(anonymous_26)","decl":{"start":{"line":225,"column":4},"end":{"line":225,"column":16}},"loc":{"start":{"line":225,"column":39},"end":{"line":231,"column":null}}},"27":{"name":"(anonymous_27)","decl":{"start":{"line":226,"column":72},"end":{"line":226,"column":77}},"loc":{"start":{"line":226,"column":82},"end":{"line":226,"column":108}}},"28":{"name":"(anonymous_28)","decl":{"start":{"line":235,"column":4},"end":{"line":236,"column":7}},"loc":{"start":{"line":240,"column":6},"end":{"line":244,"column":null}}},"29":{"name":"(anonymous_29)","decl":{"start":{"line":246,"column":4},"end":{"line":246,"column":20}},"loc":{"start":{"line":246,"column":80},"end":{"line":248,"column":null}}},"30":{"name":"(anonymous_30)","decl":{"start":{"line":250,"column":4},"end":{"line":250,"column":18}},"loc":{"start":{"line":250,"column":19},"end":{"line":252,"column":null}}},"31":{"name":"(anonymous_31)","decl":{"start":{"line":254,"column":4},"end":{"line":254,"column":26}},"loc":{"start":{"line":254,"column":42},"end":{"line":256,"column":null}}},"32":{"name":"(anonymous_32)","decl":{"start":{"line":258,"column":4},"end":{"line":258,"column":34}},"loc":{"start":{"line":258,"column":35},"end":{"line":265,"column":null}}},"33":{"name":"(anonymous_33)","decl":{"start":{"line":267,"column":4},"end":{"line":267,"column":34}},"loc":{"start":{"line":267,"column":35},"end":{"line":274,"column":null}}},"34":{"name":"(anonymous_34)","decl":{"start":{"line":280,"column":4},"end":{"line":280,"column":16}},"loc":{"start":{"line":280,"column":39},"end":{"line":287,"column":null}}},"35":{"name":"(anonymous_35)","decl":{"start":{"line":293,"column":4},"end":{"line":294,"column":7}},"loc":{"start":{"line":298,"column":6},"end":{"line":303,"column":null}}},"36":{"name":"(anonymous_36)","decl":{"start":{"line":304,"column":4},"end":{"line":304,"column":20}},"loc":{"start":{"line":304,"column":84},"end":{"line":306,"column":null}}},"37":{"name":"(anonymous_37)","decl":{"start":{"line":307,"column":4},"end":{"line":307,"column":18}},"loc":{"start":{"line":307,"column":19},"end":{"line":309,"column":null}}},"38":{"name":"(anonymous_38)","decl":{"start":{"line":311,"column":4},"end":{"line":311,"column":26}},"loc":{"start":{"line":311,"column":42},"end":{"line":314,"column":null}}},"39":{"name":"(anonymous_39)","decl":{"start":{"line":316,"column":4},"end":{"line":316,"column":34}},"loc":{"start":{"line":316,"column":35},"end":{"line":318,"column":null}}},"40":{"name":"(anonymous_40)","decl":{"start":{"line":320,"column":4},"end":{"line":320,"column":34}},"loc":{"start":{"line":320,"column":35},"end":{"line":322,"column":null}}}},"branchMap":{"0":{"loc":{"start":{"line":48,"column":8},"end":{"line":50,"column":null}},"type":"if","locations":[{"start":{"line":48,"column":8},"end":{"line":50,"column":null}}]},"1":{"loc":{"start":{"line":54,"column":8},"end":{"line":56,"column":null}},"type":"if","locations":[{"start":{"line":54,"column":8},"end":{"line":56,"column":null}}]},"2":{"loc":{"start":{"line":54,"column":12},"end":{"line":54,"column":84}},"type":"binary-expr","locations":[{"start":{"line":54,"column":12},"end":{"line":54,"column":39}},{"start":{"line":54,"column":39},"end":{"line":54,"column":63}},{"start":{"line":54,"column":63},"end":{"line":54,"column":84}}]},"3":{"loc":{"start":{"line":58,"column":8},"end":{"line":60,"column":null}},"type":"if","locations":[{"start":{"line":58,"column":8},"end":{"line":60,"column":null}}]},"4":{"loc":{"start":{"line":58,"column":12},"end":{"line":58,"column":72}},"type":"binary-expr","locations":[{"start":{"line":58,"column":12},"end":{"line":58,"column":49}},{"start":{"line":58,"column":49},"end":{"line":58,"column":72}}]},"5":{"loc":{"start":{"line":83,"column":8},"end":{"line":87,"column":null}},"type":"if","locations":[{"start":{"line":83,"column":8},"end":{"line":87,"column":null}},{"start":{"line":85,"column":15},"end":{"line":87,"column":null}}]},"6":{"loc":{"start":{"line":93,"column":8},"end":{"line":97,"column":null}},"type":"if","locations":[{"start":{"line":93,"column":8},"end":{"line":97,"column":null}},{"start":{"line":95,"column":15},"end":{"line":97,"column":null}}]},"7":{"loc":{"start":{"line":102,"column":8},"end":{"line":105,"column":null}},"type":"if","locations":[{"start":{"line":102,"column":8},"end":{"line":105,"column":null}}]},"8":{"loc":{"start":{"line":115,"column":8},"end":{"line":117,"column":null}},"type":"if","locations":[{"start":{"line":115,"column":8},"end":{"line":117,"column":null}}]},"9":{"loc":{"start":{"line":124,"column":8},"end":{"line":124,"column":null}},"type":"default-arg","locations":[{"start":{"line":124,"column":51},"end":{"line":124,"column":null}}]},"10":{"loc":{"start":{"line":133,"column":8},"end":{"line":135,"column":null}},"type":"if","locations":[{"start":{"line":133,"column":8},"end":{"line":135,"column":null}}]},"11":{"loc":{"start":{"line":137,"column":8},"end":{"line":168,"column":null}},"type":"if","locations":[{"start":{"line":137,"column":8},"end":{"line":168,"column":null}}]},"12":{"loc":{"start":{"line":142,"column":70},"end":{"line":142,"column":100}},"type":"cond-expr","locations":[{"start":{"line":142,"column":94},"end":{"line":142,"column":98}},{"start":{"line":142,"column":98},"end":{"line":142,"column":100}}]},"13":{"loc":{"start":{"line":143,"column":43},"end":{"line":143,"column":73}},"type":"cond-expr","locations":[{"start":{"line":143,"column":67},"end":{"line":143,"column":71}},{"start":{"line":143,"column":71},"end":{"line":143,"column":73}}]},"14":{"loc":{"start":{"line":148,"column":34},"end":{"line":149,"column":null}},"type":"binary-expr","locations":[{"start":{"line":148,"column":34},"end":{"line":148,"column":null}},{"start":{"line":149,"column":19},"end":{"line":149,"column":null}}]},"15":{"loc":{"start":{"line":153,"column":12},"end":{"line":165,"column":null}},"type":"if","locations":[{"start":{"line":153,"column":12},"end":{"line":165,"column":null}}]},"16":{"loc":{"start":{"line":157,"column":20},"end":{"line":159,"column":null}},"type":"if","locations":[{"start":{"line":157,"column":20},"end":{"line":159,"column":null}}]},"17":{"loc":{"start":{"line":184,"column":8},"end":{"line":196,"column":null}},"type":"if","locations":[{"start":{"line":184,"column":8},"end":{"line":196,"column":null}}]},"18":{"loc":{"start":{"line":204,"column":8},"end":{"line":210,"column":null}},"type":"if","locations":[{"start":{"line":204,"column":8},"end":{"line":210,"column":null}}]},"19":{"loc":{"start":{"line":204,"column":12},"end":{"line":204,"column":65}},"type":"binary-expr","locations":[{"start":{"line":204,"column":12},"end":{"line":204,"column":41}},{"start":{"line":204,"column":41},"end":{"line":204,"column":65}}]},"20":{"loc":{"start":{"line":214,"column":8},"end":{"line":217,"column":null}},"type":"if","locations":[{"start":{"line":214,"column":8},"end":{"line":217,"column":null}}]},"21":{"loc":{"start":{"line":227,"column":8},"end":{"line":229,"column":null}},"type":"if","locations":[{"start":{"line":227,"column":8},"end":{"line":229,"column":null}}]},"22":{"loc":{"start":{"line":283,"column":8},"end":{"line":285,"column":null}},"type":"if","locations":[{"start":{"line":283,"column":8},"end":{"line":285,"column":null}}]}},"s":{"0":0,"1":0,"2":0,"3":0,"4":0,"5":0,"6":0,"7":0,"8":0,"9":0,"10":0,"11":0,"12":0,"13":0,"14":0,"15":0,"16":0,"17":0,"18":0,"19":0,"20":0,"21":0,"22":0,"23":0,"24":0,"25":0,"26":0,"27":0,"28":0,"29":0,"30":0,"31":0,"32":0,"33":0,"34":0,"35":0,"36":0,"37":0,"38":0,"39":0,"40":0,"41":0,"42":0,"43":0,"44":0,"45":0,"46":0,"47":0,"48":0,"49":0,"50":0,"51":0,"52":0,"53":0,"54":0,"55":0,"56":0,"57":0,"58":0,"59":0,"60":0,"61":0,"62":0,"63":0,"64":0,"65":0,"66":0,"67":0,"68":0,"69":0,"70":0,"71":0,"72":0,"73":0,"74":0,"75":0,"76":0,"77":0,"78":0,"79":0,"80":0,"81":0,"82":0,"83":0,"84":0,"85":0,"86":0,"87":0,"88":0,"89":0,"90":0,"91":0,"92":0,"93":0,"94":0,"95":0,"96":0,"97":0,"98":0,"99":0,"100":0,"101":0,"102":0,"103":0,"104":0,"105":0,"106":0,"107":0,"108":0,"109":0,"110":0,"111":0,"112":12,"113":0,"114":0,"115":0,"116":0,"117":0,"118":0,"119":0,"120":0,"121":0,"122":0,"123":0,"124":0,"125":0},"f":{"0":0,"1":0,"2":0,"3":0,"4":0,"5":0,"6":0,"7":0,"8":0,"9":0,"10":0,"11":0,"12":0,"13":0,"14":0,"15":0,"16":0,"17":0,"18":0,"19":0,"20":0,"21":0,"22":0,"23":0,"24":0,"25":0,"26":0,"27":0,"28":0,"29":0,"30":0,"31":0,"32":0,"33":0,"34":0,"35":0,"36":0,"37":0,"38":0,"39":0,"40":0},"b":{"0":[0],"1":[0],"2":[0,0,0],"3":[0],"4":[0,0],"5":[0,0],"6":[0,0],"7":[0],"8":[0],"9":[0],"10":[0],"11":[0],"12":[0,0],"13":[0,0],"14":[0,0],"15":[0],"16":[0],"17":[0],"18":[0],"19":[0,0],"20":[0],"21":[0],"22":[0]}}
,"/Volumes/Crucial_X8/code/SQE/updating/ScrollEditor/src/views/search/types.ts": {"path":"/Volumes/Crucial_X8/code/SQE/updating/ScrollEditor/src/views/search/types.ts","statementMap":{"0":{"start":{"line":5,"column":34},"end":{"line":5,"column":null}},"1":{"start":{"line":8,"column":35},"end":{"line":8,"column":null}},"2":{"start":{"line":11,"column":32},"end":{"line":11,"column":null}},"3":{"start":{"line":14,"column":38},"end":{"line":14,"column":null}}},"fnMap":{},"branchMap":{},"s":{"0":0,"1":0,"2":0,"3":0},"f":{},"b":{}}
}
