TN:
SF:src/App.vue
FN:46,(anonymous_0)
FN:57,(anonymous_1)
FN:62,(anonymous_2)
FN:68,(anonymous_3)
FN:75,(anonymous_4)
FN:83,(anonymous_5)
FN:91,(anonymous_6)
FN:99,(anonymous_7)
FN:105,(anonymous_8)
FN:10,(anonymous_10)
FNF:10
FNH:3
FNDA:12,(anonymous_0)
FNDA:12,(anonymous_1)
FNDA:0,(anonymous_2)
FNDA:0,(anonymous_3)
FNDA:0,(anonymous_4)
FNDA:0,(anonymous_5)
FNDA:0,(anonymous_6)
FNDA:12,(anonymous_7)
FNDA:0,(anonymous_8)
FNDA:0,(anonymous_10)
DA:10,0
DA:29,12
DA:41,12
DA:42,12
DA:44,12
DA:48,12
DA:49,12
DA:51,12
DA:57,12
DA:58,12
DA:63,0
DA:68,0
DA:69,0
DA:76,0
DA:78,0
DA:80,0
DA:81,0
DA:83,0
DA:84,0
DA:89,0
DA:91,0
DA:92,0
DA:100,12
DA:101,12
DA:102,12
DA:106,0
DA:111,12
LF:27
LH:13
BRDA:80,0,0,0
BRDA:80,0,1,0
BRDA:3,1,0,12
BRDA:3,1,1,12
BRDA:4,2,0,12
BRDA:4,2,1,12
BRDA:7,3,0,12
BRDA:7,3,1,12
BRDA:10,4,0,24
BRDA:10,4,1,12
BRF:10
BRH:8
end_of_record
TN:
SF:src/main.ts
FNF:0
FNH:0
DA:47,12
DA:49,12
DA:51,12
DA:52,12
DA:53,12
DA:55,12
DA:60,12
DA:62,12
DA:68,12
DA:69,1812
DA:70,1320
DA:76,12
DA:78,12
DA:80,12
DA:83,12
DA:85,12
LF:16
LH:16
BRDA:69,0,0,1320
BRDA:69,1,0,1812
BRDA:69,1,1,1320
BRDA:69,1,2,1320
BRF:4
BRH:4
end_of_record
TN:
SF:src/router.ts
FN:110,(anonymous_0)
FN:111,(anonymous_1)
FNF:2
FNH:2
FNDA:19,(anonymous_0)
FNDA:19,(anonymous_1)
DA:20,12
DA:110,12
DA:111,19
DA:113,0
DA:114,0
DA:115,0
DA:116,0
DA:119,19
LF:8
LH:4
BRDA:111,0,0,0
BRDA:114,1,0,0
BRDA:114,1,1,0
BRDA:115,2,0,0
BRF:4
BRH:0
end_of_record
TN:
SF:src/components/search-bar.vue
FN:83,(anonymous_0)
FN:88,(anonymous_1)
FN:92,(anonymous_2)
FN:96,(anonymous_3)
FN:100,(anonymous_4)
FN:105,(anonymous_5)
FN:69,(anonymous_6)
FN:2,(anonymous_8)
FN:9,(anonymous_11)
FN:10,(anonymous_12)
FN:20,(anonymous_14)
FN:21,(anonymous_15)
FN:24,(anonymous_17)
FN:26,(anonymous_18)
FN:27,(anonymous_19)
FN:37,(anonymous_21)
FN:38,(anonymous_22)
FN:44,(anonymous_24)
FN:46,(anonymous_25)
FNF:19
FNH:4
FNDA:6,(anonymous_0)
FNDA:0,(anonymous_1)
FNDA:0,(anonymous_2)
FNDA:0,(anonymous_3)
FNDA:0,(anonymous_4)
FNDA:6,(anonymous_5)
FNDA:0,(anonymous_6)
FNDA:0,(anonymous_8)
FNDA:0,(anonymous_11)
FNDA:0,(anonymous_12)
FNDA:0,(anonymous_14)
FNDA:0,(anonymous_15)
FNDA:0,(anonymous_17)
FNDA:0,(anonymous_18)
FNDA:0,(anonymous_19)
FNDA:0,(anonymous_21)
FNDA:0,(anonymous_22)
FNDA:12,(anonymous_24)
FNDA:6,(anonymous_25)
DA:9,0
DA:10,0
DA:20,0
DA:21,0
DA:24,0
DA:26,0
DA:27,0
DA:37,0
DA:38,0
DA:44,12
DA:46,6
DA:63,12
DA:68,12
DA:69,0
DA:78,12
DA:81,6
DA:84,6
DA:85,6
DA:89,0
DA:93,0
DA:97,0
DA:100,12
DA:102,0
DA:105,12
DA:107,6
DA:108,6
DA:111,12
LF:27
LH:13
BRDA:2,0,0,6
BRDA:2,0,1,6
BRDA:9,1,0,18
BRDA:9,1,1,6
BRDA:10,2,0,18
BRDA:10,2,1,6
BRDA:20,3,0,0
BRDA:20,3,1,0
BRDA:21,4,0,0
BRDA:21,4,1,0
BRDA:24,5,0,0
BRDA:24,5,1,0
BRDA:26,6,0,0
BRDA:26,6,1,0
BRDA:27,7,0,0
BRDA:27,7,1,0
BRDA:37,8,0,18
BRDA:37,8,1,6
BRDA:38,9,0,18
BRDA:38,9,1,6
BRDA:44,10,0,12
BRDA:44,10,1,6
BRDA:46,11,0,6
BRDA:46,11,1,6
BRF:24
BRH:14
end_of_record
TN:
SF:src/components/artefact/artefact-data-mixin.ts
FN:17,(anonymous_0)
FNF:1
FNH:0
FNDA:0,(anonymous_0)
DA:8,12
DA:9,12
DA:10,12
DA:11,12
DA:13,0
DA:14,0
DA:15,0
DA:20,0
DA:24,0
DA:25,0
DA:27,0
DA:28,0
DA:29,0
DA:32,0
DA:34,0
DA:35,0
DA:38,0
DA:39,0
DA:44,0
DA:45,0
LF:20
LH:4
BRDA:20,0,0,0
BRDA:24,1,0,0
BRDA:24,1,1,0
BRDA:24,2,0,0
BRDA:24,2,1,0
BRDA:27,3,0,0
BRDA:27,3,1,0
BRDA:28,4,0,0
BRDA:32,5,0,0
BRDA:32,5,1,0
BRDA:34,6,0,0
BRDA:39,7,0,0
BRDA:39,7,1,0
BRF:13
BRH:0
end_of_record
TN:
SF:src/components/artefact/artefact-image.vue
FN:50,(anonymous_0)
FN:66,(anonymous_1)
FN:67,(anonymous_2)
FN:71,(anonymous_3)
FN:41,(anonymous_4)
FNF:5
FNH:0
FNDA:0,(anonymous_0)
FNDA:0,(anonymous_1)
FNDA:0,(anonymous_2)
FNDA:0,(anonymous_3)
FNDA:0,(anonymous_4)
DA:31,12
DA:39,12
DA:40,12
DA:42,0
DA:45,12
DA:48,0
DA:51,0
DA:52,0
DA:55,0
DA:57,0
DA:66,0
DA:67,0
DA:68,0
DA:72,0
DA:73,0
DA:77,12
LF:16
LH:5
BRDA:51,0,0,0
BRDA:55,1,0,0
BRDA:15,2,0,0
BRDA:15,2,1,0
BRF:4
BRH:0
end_of_record
TN:
SF:src/components/artefact/artefact-svg.vue
FN:40,(anonymous_0)
FN:48,(anonymous_1)
FN:56,(anonymous_2)
FN:60,(anonymous_3)
FN:65,(anonymous_4)
FNF:5
FNH:0
FNDA:0,(anonymous_0)
FNDA:0,(anonymous_1)
FNDA:0,(anonymous_2)
FNDA:0,(anonymous_3)
FNDA:0,(anonymous_4)
DA:2,0
DA:30,12
DA:34,12
DA:36,0
DA:37,0
DA:38,0
DA:41,0
DA:42,0
DA:45,0
DA:49,0
DA:50,0
DA:53,0
DA:57,0
DA:58,0
DA:59,0
DA:60,0
DA:61,0
DA:66,0
DA:67,0
DA:69,0
DA:70,0
DA:71,0
DA:74,0
DA:75,0
DA:82,12
LF:25
LH:3
BRDA:41,0,0,0
BRDA:41,1,0,0
BRDA:41,1,1,0
BRDA:49,2,0,0
BRDA:67,3,0,0
BRDA:74,4,0,0
BRDA:3,5,0,0
BRDA:3,5,1,0
BRF:8
BRH:0
end_of_record
TN:
SF:src/components/artefact/async-mounted-mixin-base.ts
FN:18,(anonymous_0)
FN:23,(anonymous_1)
FNF:2
FNH:0
FNDA:0,(anonymous_0)
FNDA:0,(anonymous_1)
DA:14,12
DA:15,12
DA:19,0
LF:3
LH:2
BRF:0
BRH:0
end_of_record
TN:
SF:src/components/comment/comment.vue
FN:53,(anonymous_0)
FN:57,(anonymous_1)
FN:69,(anonymous_2)
FN:73,(anonymous_3)
FN:77,(anonymous_4)
FN:82,(anonymous_5)
FN:87,(anonymous_6)
FN:91,(anonymous_7)
FN:3,(anonymous_9)
FN:6,(anonymous_10)
FN:8,(anonymous_11)
FN:10,(anonymous_12)
FN:12,(anonymous_13)
FN:14,(anonymous_14)
FN:16,(anonymous_15)
FN:20,(anonymous_16)
FN:25,(anonymous_18)
FN:27,(anonymous_20)
FNF:18
FNH:0
FNDA:0,(anonymous_0)
FNDA:0,(anonymous_1)
FNDA:0,(anonymous_2)
FNDA:0,(anonymous_3)
FNDA:0,(anonymous_4)
FNDA:0,(anonymous_5)
FNDA:0,(anonymous_6)
FNDA:0,(anonymous_7)
FNDA:0,(anonymous_9)
FNDA:0,(anonymous_10)
FNDA:0,(anonymous_11)
FNDA:0,(anonymous_12)
FNDA:0,(anonymous_13)
FNDA:0,(anonymous_14)
FNDA:0,(anonymous_15)
FNDA:0,(anonymous_16)
FNDA:0,(anonymous_18)
FNDA:0,(anonymous_20)
DA:2,12
DA:3,0
DA:5,12
DA:6,0
DA:8,0
DA:10,0
DA:12,0
DA:14,0
DA:16,0
DA:20,0
DA:25,0
DA:26,12
DA:27,0
DA:38,12
DA:45,12
DA:48,0
DA:49,0
DA:50,0
DA:51,0
DA:54,0
DA:58,0
DA:59,0
DA:62,0
DA:63,0
DA:64,0
DA:66,0
DA:70,0
DA:74,0
DA:77,12
DA:79,0
DA:83,0
DA:84,0
DA:88,0
DA:92,0
DA:96,12
LF:35
LH:7
BRDA:58,0,0,0
BRDA:63,1,0,0
BRDA:70,2,0,0
BRDA:70,2,1,0
BRDA:79,3,0,0
BRDA:79,3,1,0
BRDA:3,4,0,0
BRDA:3,4,1,0
BRDA:3,5,0,0
BRDA:3,5,1,0
BRDA:3,6,0,0
BRDA:3,6,1,0
BRDA:6,7,0,0
BRDA:6,7,1,0
BRDA:8,8,0,0
BRDA:8,8,1,0
BRDA:10,9,0,0
BRDA:10,9,1,0
BRDA:12,10,0,0
BRDA:12,10,1,0
BRDA:14,11,0,0
BRDA:14,11,1,0
BRDA:15,12,0,0
BRDA:15,12,1,0
BRDA:16,13,0,0
BRDA:16,13,1,0
BRDA:20,14,0,0
BRDA:20,14,1,0
BRDA:25,15,0,0
BRDA:25,15,1,0
BRDA:27,16,0,0
BRDA:27,16,1,0
BRF:32
BRH:0
end_of_record
TN:
SF:src/components/cues/edition-icons.vue
FN:27,(anonymous_0)
FN:31,(anonymous_1)
FN:33,(anonymous_2)
FNF:3
FNH:3
FNDA:1369,(anonymous_0)
FNDA:1369,(anonymous_1)
FNDA:1406,(anonymous_2)
DA:2,1369
DA:17,12
DA:24,12
DA:25,12
DA:28,1369
DA:33,1406
DA:37,12
LF:7
LH:7
BRDA:3,0,0,1369
BRDA:3,0,1,0
BRDA:4,1,0,0
BRDA:4,1,1,1369
BRDA:6,2,0,14
BRDA:6,2,1,1355
BRDA:7,3,0,0
BRDA:7,3,1,14
BRF:8
BRH:5
end_of_record
TN:
SF:src/components/image-settings/ImageSettings.vue
FN:33,(anonymous_0)
FN:4,(anonymous_3)
FNF:2
FNH:0
FNDA:0,(anonymous_0)
FNDA:0,(anonymous_3)
DA:4,0
DA:18,12
DA:28,12
DA:30,12
DA:34,0
DA:35,0
DA:40,12
LF:7
LH:4
BRDA:4,0,0,0
BRDA:4,0,1,0
BRF:2
BRH:0
end_of_record
TN:
SF:src/components/image-settings/SingleImageSetting.vue
FN:39,(anonymous_0)
FN:44,(anonymous_1)
FN:46,(anonymous_2)
FN:52,(anonymous_3)
FN:63,(anonymous_4)
FN:69,(anonymous_5)
FN:4,(anonymous_7)
FN:4,(anonymous_8)
FN:8,(anonymous_9)
FNF:9
FNH:0
FNDA:0,(anonymous_0)
FNDA:0,(anonymous_1)
FNDA:0,(anonymous_2)
FNDA:0,(anonymous_3)
FNDA:0,(anonymous_4)
FNDA:0,(anonymous_5)
FNDA:0,(anonymous_7)
FNDA:0,(anonymous_8)
FNDA:0,(anonymous_9)
DA:2,12
DA:3,12
DA:4,0
DA:6,12
DA:8,0
DA:29,12
DA:33,12
DA:34,12
DA:36,0
DA:40,0
DA:46,0
DA:48,0
DA:56,0
DA:58,0
DA:59,0
DA:63,0
DA:64,0
DA:65,0
DA:69,12
DA:71,0
DA:74,12
LF:21
LH:8
BRDA:56,0,0,0
BRDA:4,1,0,0
BRDA:4,1,1,0
BRDA:8,2,0,0
BRDA:8,2,1,0
BRF:5
BRH:0
end_of_record
TN:
SF:src/components/image-settings/types.ts
FN:16,normalizeOpacity
FN:17,(anonymous_1)
FN:22,(anonymous_2)
FNF:3
FNH:0
FNDA:0,normalizeOpacity
FNDA:0,(anonymous_1)
FNDA:0,(anonymous_2)
DA:17,0
DA:19,0
DA:21,0
DA:22,0
DA:24,0
DA:25,0
DA:27,0
DA:28,0
DA:29,0
DA:30,0
DA:31,0
DA:33,0
DA:35,0
LF:13
LH:0
BRDA:19,0,0,0
BRDA:29,1,0,0
BRDA:29,1,1,0
BRF:3
BRH:0
end_of_record
TN:
SF:src/components/images/IIIFImage.vue
FN:68,parseRings
FN:81,pointInRings
FN:92,segsCross
FN:102,rectIntersectsRings
FN:132,(anonymous_4)
FN:136,(anonymous_5)
FN:140,(anonymous_6)
FN:146,(anonymous_7)
FN:161,(anonymous_8)
FN:169,(anonymous_9)
FN:191,(anonymous_10)
FN:207,(anonymous_11)
FN:219,(anonymous_12)
FN:221,(anonymous_13)
FN:224,(anonymous_14)
FN:231,(anonymous_15)
FN:233,(anonymous_16)
FN:241,(anonymous_17)
FN:245,(anonymous_18)
FN:250,(anonymous_19)
FN:255,(anonymous_20)
FN:263,(anonymous_21)
FN:293,(anonymous_22)
FN:349,(anonymous_23)
FN:354,(anonymous_24)
FN:392,(anonymous_25)
FN:407,(anonymous_26)
FN:421,(anonymous_27)
FN:441,(anonymous_28)
FN:459,(anonymous_29)
FN:469,(anonymous_30)
FN:529,(anonymous_31)
FN:542,(anonymous_32)
FN:555,(anonymous_33)
FN:559,(anonymous_34)
FN:561,(anonymous_35)
FN:566,(anonymous_36)
FN:7,(anonymous_38)
FN:18,(anonymous_40)
FNF:39
FNH:0
FNDA:0,parseRings
FNDA:0,pointInRings
FNDA:0,segsCross
FNDA:0,rectIntersectsRings
FNDA:0,(anonymous_4)
FNDA:0,(anonymous_5)
FNDA:0,(anonymous_6)
FNDA:0,(anonymous_7)
FNDA:0,(anonymous_8)
FNDA:0,(anonymous_9)
FNDA:0,(anonymous_10)
FNDA:0,(anonymous_11)
FNDA:0,(anonymous_12)
FNDA:0,(anonymous_13)
FNDA:0,(anonymous_14)
FNDA:0,(anonymous_15)
FNDA:0,(anonymous_16)
FNDA:0,(anonymous_17)
FNDA:0,(anonymous_18)
FNDA:0,(anonymous_19)
FNDA:0,(anonymous_20)
FNDA:0,(anonymous_21)
FNDA:0,(anonymous_22)
FNDA:0,(anonymous_23)
FNDA:0,(anonymous_24)
FNDA:0,(anonymous_25)
FNDA:0,(anonymous_26)
FNDA:0,(anonymous_27)
FNDA:0,(anonymous_28)
FNDA:0,(anonymous_29)
FNDA:0,(anonymous_30)
FNDA:0,(anonymous_31)
FNDA:0,(anonymous_32)
FNDA:0,(anonymous_33)
FNDA:0,(anonymous_34)
FNDA:0,(anonymous_35)
FNDA:0,(anonymous_36)
FNDA:0,(anonymous_38)
FNDA:0,(anonymous_40)
DA:7,0
DA:18,0
DA:69,0
DA:70,0
DA:71,0
DA:72,0
DA:73,0
DA:74,0
DA:75,0
DA:76,0
DA:78,0
DA:82,0
DA:83,0
DA:84,0
DA:85,0
DA:86,0
DA:89,0
DA:93,0
DA:94,0
DA:95,0
DA:96,0
DA:97,0
DA:103,0
DA:104,0
DA:105,0
DA:108,0
DA:109,0
DA:110,0
DA:111,0
DA:112,0
DA:113,0
DA:114,0
DA:115,0
DA:119,0
DA:123,12
DA:133,0
DA:137,0
DA:143,0
DA:152,0
DA:153,0
DA:154,0
DA:155,0
DA:156,0
DA:157,0
DA:158,0
DA:162,0
DA:163,0
DA:164,0
DA:165,0
DA:169,0
DA:170,0
DA:175,12
DA:179,12
DA:180,12
DA:181,12
DA:182,12
DA:183,12
DA:184,12
DA:185,12
DA:187,0
DA:188,0
DA:192,0
DA:193,0
DA:194,0
DA:195,0
DA:197,0
DA:200,0
DA:201,0
DA:203,12
DA:204,12
DA:205,12
DA:208,0
DA:209,0
DA:210,0
DA:211,0
DA:213,0
DA:216,0
DA:220,0
DA:221,0
DA:222,0
DA:224,0
DA:225,0
DA:226,0
DA:232,0
DA:233,0
DA:234,0
DA:236,0
DA:237,0
DA:242,0
DA:243,0
DA:245,0
DA:246,0
DA:247,0
DA:250,12
DA:252,0
DA:255,12
DA:260,0
DA:265,0
DA:270,0
DA:274,0
DA:277,0
DA:282,0
DA:283,0
DA:284,0
DA:289,0
DA:290,0
DA:291,0
DA:292,0
DA:293,0
DA:295,0
DA:297,0
DA:298,0
DA:299,0
DA:301,0
DA:303,0
DA:304,0
DA:305,0
DA:307,0
DA:310,0
DA:321,0
DA:322,0
DA:329,0
DA:335,0
DA:336,0
DA:338,0
DA:344,0
DA:346,0
DA:349,0
DA:350,0
DA:355,0
DA:356,0
DA:358,0
DA:363,0
DA:364,0
DA:365,0
DA:366,0
DA:373,0
DA:374,0
DA:375,0
DA:378,0
DA:379,0
DA:381,0
DA:382,0
DA:393,0
DA:394,0
DA:397,0
DA:403,0
DA:408,0
DA:409,0
DA:411,0
DA:417,0
DA:422,0
DA:425,0
DA:426,0
DA:428,0
DA:431,0
DA:437,0
DA:442,0
DA:444,0
DA:448,0
DA:460,0
DA:464,0
DA:470,0
DA:471,0
DA:476,0
DA:477,0
DA:478,0
DA:482,0
DA:531,0
DA:535,0
DA:536,0
DA:537,0
DA:539,0
DA:543,0
DA:544,0
DA:546,0
DA:556,0
DA:560,0
DA:561,0
DA:562,0
DA:570,0
DA:571,0
DA:574,0
DA:576,0
DA:579,12
LF:185
LH:15
BRDA:70,0,0,0
BRDA:70,0,1,0
BRDA:71,1,0,0
BRDA:73,2,0,0
BRDA:73,3,0,0
BRDA:73,3,1,0
BRDA:86,4,0,0
BRDA:86,5,0,0
BRDA:86,5,1,0
BRDA:97,6,0,0
BRDA:97,6,1,0
BRDA:105,7,0,0
BRDA:105,8,0,0
BRDA:105,8,1,0
BRDA:105,8,2,0
BRDA:105,8,3,0
BRDA:108,9,0,0
BRDA:108,10,0,0
BRDA:108,10,1,0
BRDA:108,10,2,0
BRDA:108,10,3,0
BRDA:115,11,0,0
BRDA:133,12,0,0
BRDA:133,12,1,0
BRDA:133,13,0,0
BRDA:133,13,1,0
BRDA:164,14,0,0
BRDA:192,15,0,0
BRDA:194,16,0,0
BRDA:194,17,0,0
BRDA:194,17,1,0
BRDA:197,18,0,0
BRDA:197,18,1,0
BRDA:211,19,0,0
BRDA:236,20,0,0
BRDA:242,21,0,0
BRDA:265,22,0,0
BRDA:266,23,0,0
BRDA:266,23,1,0
BRDA:266,23,2,0
BRDA:293,24,0,0
BRDA:293,24,1,0
BRDA:295,25,0,0
BRDA:295,25,1,0
BRDA:301,26,0,0
BRDA:301,26,1,0
BRDA:307,27,0,0
BRDA:307,27,1,0
BRDA:310,28,0,0
BRDA:310,28,1,0
BRDA:321,29,0,0
BRDA:335,30,0,0
BRDA:355,31,0,0
BRDA:378,32,0,0
BRDA:383,33,0,0
BRDA:383,33,1,0
BRDA:383,33,2,0
BRDA:383,33,3,0
BRDA:393,34,0,0
BRDA:425,35,0,0
BRDA:425,35,1,0
BRDA:442,36,0,0
BRDA:477,37,0,0
BRDA:543,38,0,0
BRDA:7,39,0,0
BRDA:7,39,1,0
BRF:66
BRH:0
end_of_record
TN:
SF:src/components/misc/CorruptedStateDialog.vue
FN:29,(anonymous_0)
FN:33,(anonymous_1)
FN:4,(anonymous_3)
FN:13,(anonymous_5)
FN:14,(anonymous_6)
FNF:5
FNH:0
FNDA:0,(anonymous_0)
FNDA:0,(anonymous_1)
FNDA:0,(anonymous_3)
FNDA:0,(anonymous_5)
FNDA:0,(anonymous_6)
DA:4,0
DA:12,12
DA:13,0
DA:14,0
DA:23,12
DA:27,12
DA:30,0
DA:34,0
DA:35,0
DA:38,12
LF:10
LH:4
BRDA:4,0,0,12
BRDA:4,0,1,12
BRDA:13,1,0,0
BRDA:13,1,1,0
BRDA:14,2,0,0
BRDA:14,2,1,0
BRDA:10,3,0,0
BRF:7
BRH:2
end_of_record
TN:
SF:src/components/misc/Waiting.vue
FNF:0
FNH:0
DA:2,12
DA:10,12
DA:15,12
LF:3
LH:3
BRF:0
BRH:0
end_of_record
TN:
SF:src/components/misc/resizeBar.vue
FN:20,(anonymous_0)
FN:26,(anonymous_1)
FN:27,(anonymous_2)
FN:31,(anonymous_3)
FN:35,(anonymous_4)
FN:47,(anonymous_5)
FN:57,(anonymous_6)
FN:2,(anonymous_8)
FNF:8
FNH:6
FNDA:2,(anonymous_0)
FNDA:1,(anonymous_1)
FNDA:1,(anonymous_2)
FNDA:0,(anonymous_3)
FNDA:1,(anonymous_4)
FNDA:1,(anonymous_5)
FNDA:2,(anonymous_6)
FNDA:0,(anonymous_8)
DA:2,0
DA:8,12
DA:12,12
DA:17,12
DA:18,2
DA:21,2
DA:22,2
DA:25,2
DA:26,2
DA:27,2
DA:32,0
DA:36,1
DA:37,0
DA:38,0
DA:39,0
DA:48,1
DA:49,1
DA:51,0
DA:52,0
DA:54,0
DA:58,2
DA:59,2
DA:60,2
DA:67,12
LF:24
LH:16
BRDA:21,0,0,2
BRDA:23,1,0,2
BRDA:23,1,1,2
BRDA:36,2,0,0
BRDA:38,3,0,0
BRDA:48,4,0,1
BRDA:59,5,0,2
BRDA:2,6,0,2
BRDA:2,6,1,2
BRF:9
BRH:7
end_of_record
TN:
SF:src/components/misc/zoomer.vue
FN:41,(anonymous_0)
FN:46,(anonymous_1)
FN:50,(anonymous_2)
FN:69,(anonymous_3)
FN:95,(anonymous_4)
FN:109,(anonymous_5)
FN:113,(anonymous_6)
FN:3,(anonymous_8)
FNF:8
FNH:0
FNDA:0,(anonymous_0)
FNDA:0,(anonymous_1)
FNDA:0,(anonymous_2)
FNDA:0,(anonymous_3)
FNDA:0,(anonymous_4)
FNDA:0,(anonymous_5)
FNDA:0,(anonymous_6)
FNDA:0,(anonymous_8)
DA:2,2
DA:3,0
DA:33,12
DA:37,12
DA:38,12
DA:39,2
DA:41,12
DA:43,0
DA:46,12
DA:48,0
DA:51,0
DA:52,0
DA:54,0
DA:55,0
DA:60,0
DA:61,0
DA:66,0
DA:70,0
DA:71,0
DA:73,0
DA:74,0
DA:77,0
DA:78,0
DA:81,0
DA:85,0
DA:90,0
DA:92,0
DA:93,0
DA:97,0
DA:100,0
DA:101,0
DA:106,0
DA:110,0
DA:114,0
DA:115,0
DA:118,12
LF:36
LH:8
BRDA:51,0,0,0
BRDA:55,1,0,0
BRDA:55,1,1,0
BRDA:73,2,0,0
BRDA:77,3,0,0
BRDA:97,4,0,0
BRDA:97,4,1,0
BRDA:3,5,0,2
BRDA:3,5,1,2
BRF:9
BRH:2
end_of_record
TN:
SF:src/components/navigation/CitationModal.vue
FN:56,(anonymous_0)
FN:4,(anonymous_2)
FN:15,(anonymous_5)
FNF:3
FNH:0
FNDA:0,(anonymous_0)
FNDA:0,(anonymous_2)
FNDA:0,(anonymous_5)
DA:4,0
DA:15,0
DA:48,12
DA:54,12
DA:57,0
DA:60,12
LF:6
LH:3
BRDA:4,0,0,12
BRDA:4,0,1,12
BRDA:29,1,0,0
BRDA:29,1,1,0
BRDA:32,2,0,0
BRDA:32,2,1,0
BRDA:35,3,0,0
BRF:7
BRH:2
end_of_record
TN:
SF:src/components/navigation/Eula-modal.vue
FN:67,(anonymous_0)
FN:69,(anonymous_1)
FN:70,(anonymous_2)
FN:75,(anonymous_3)
FN:79,(anonymous_4)
FN:4,(anonymous_6)
FN:15,(anonymous_9)
FNF:7
FNH:1
FNDA:12,(anonymous_0)
FNDA:0,(anonymous_1)
FNDA:0,(anonymous_2)
FNDA:0,(anonymous_3)
FNDA:0,(anonymous_4)
FNDA:0,(anonymous_6)
FNDA:0,(anonymous_9)
DA:4,0
DA:15,0
DA:58,12
DA:64,12
DA:68,12
DA:70,0
DA:71,0
DA:76,0
DA:80,0
DA:83,12
LF:10
LH:4
BRDA:4,0,0,12
BRDA:4,0,1,12
BRDA:21,1,0,0
BRF:3
BRH:2
end_of_record
TN:
SF:src/components/navigation/Faq-modal.vue
FN:61,(anonymous_0)
FN:4,(anonymous_2)
FN:15,(anonymous_5)
FNF:3
FNH:0
FNDA:0,(anonymous_0)
FNDA:0,(anonymous_2)
FNDA:0,(anonymous_5)
DA:4,0
DA:15,0
DA:53,12
DA:59,12
DA:62,0
DA:65,12
LF:6
LH:3
BRDA:4,0,0,12
BRDA:4,0,1,12
BRDA:21,1,0,0
BRF:3
BRH:2
end_of_record
TN:
SF:src/components/navigation/Login.vue
FN:101,(anonymous_0)
FN:104,(anonymous_1)
FN:105,(anonymous_2)
FN:110,(anonymous_3)
FN:114,(anonymous_4)
FN:118,(anonymous_5)
FN:122,(anonymous_6)
FN:144,(anonymous_7)
FN:148,(anonymous_8)
FN:153,(anonymous_9)
FN:158,(anonymous_10)
FN:4,(anonymous_12)
FN:12,(anonymous_15)
FN:63,(anonymous_18)
FN:20,(anonymous_23)
FN:29,(anonymous_26)
FN:37,(anonymous_28)
FN:41,(anonymous_30)
FNF:18
FNH:13
FNDA:12,(anonymous_0)
FNDA:4,(anonymous_1)
FNDA:0,(anonymous_2)
FNDA:0,(anonymous_3)
FNDA:0,(anonymous_4)
FNDA:71,(anonymous_5)
FNDA:4,(anonymous_6)
FNDA:4,(anonymous_7)
FNDA:4,(anonymous_8)
FNDA:1,(anonymous_9)
FNDA:0,(anonymous_10)
FNDA:0,(anonymous_12)
FNDA:43,(anonymous_15)
FNDA:43,(anonymous_18)
FNDA:41,(anonymous_23)
FNDA:18,(anonymous_26)
FNDA:43,(anonymous_28)
FNDA:43,(anonymous_30)
DA:2,19
DA:4,0
DA:12,43
DA:20,41
DA:29,18
DA:37,43
DA:41,43
DA:45,12
DA:61,12
DA:63,43
DA:83,12
DA:91,12
DA:92,12
DA:94,12
DA:95,12
DA:96,12
DA:97,12
DA:98,12
DA:103,12
DA:105,4
DA:106,0
DA:111,0
DA:115,0
DA:119,71
DA:123,4
DA:125,0
DA:128,4
DA:129,4
DA:130,4
DA:131,2
DA:132,2
DA:134,2
DA:136,2
DA:140,4
DA:145,4
DA:146,4
DA:148,4
DA:149,4
DA:154,1
DA:155,1
DA:159,0
DA:160,0
DA:164,12
LF:43
LH:36
BRDA:119,0,0,71
BRDA:119,0,1,67
BRDA:119,0,2,26
BRDA:123,1,0,0
BRDA:4,2,0,19
BRDA:4,2,1,12
BRDA:12,3,0,43
BRDA:12,3,1,4
BRDA:63,4,0,43
BRDA:63,4,1,4
BRDA:20,5,0,84
BRDA:20,5,1,4
BRDA:29,6,0,57
BRDA:29,6,1,4
BRF:14
BRH:13
end_of_record
TN:
SF:src/components/navigation/Navbar.vue
FN:257,(anonymous_0)
FN:261,(anonymous_1)
FN:265,(anonymous_2)
FN:273,(anonymous_3)
FN:277,(anonymous_4)
FN:281,(anonymous_5)
FN:285,(anonymous_6)
FN:292,(anonymous_7)
FN:295,(anonymous_8)
FN:299,(anonymous_9)
FN:303,(anonymous_10)
FN:307,(anonymous_11)
FN:311,(anonymous_12)
FN:315,(anonymous_13)
FN:319,(anonymous_14)
FN:323,(anonymous_15)
FN:332,(anonymous_16)
FN:340,(anonymous_17)
FN:349,(anonymous_18)
FN:353,(anonymous_19)
FN:364,(anonymous_20)
FN:370,(anonymous_21)
FN:374,(anonymous_22)
FN:385,(anonymous_23)
FN:391,(anonymous_24)
FN:395,(anonymous_25)
FN:404,(anonymous_26)
FN:408,(anonymous_27)
FN:414,(anonymous_28)
FN:418,(anonymous_29)
FN:422,(anonymous_30)
FN:24,(anonymous_34)
FN:27,(anonymous_35)
FN:45,(anonymous_38)
FN:51,(anonymous_39)
FN:52,(anonymous_40)
FN:55,(anonymous_41)
FN:102,(anonymous_50)
FN:107,(anonymous_51)
FN:110,(anonymous_52)
FN:115,(anonymous_53)
FN:118,(anonymous_54)
FN:121,(anonymous_55)
FN:122,(anonymous_56)
FN:127,(anonymous_57)
FN:129,(anonymous_58)
FN:140,(anonymous_59)
FN:150,(anonymous_61)
FN:156,(anonymous_62)
FN:160,(anonymous_63)
FN:169,(anonymous_64)
FN:177,(anonymous_65)
FN:185,(anonymous_66)
FN:189,(anonymous_67)
FN:195,(anonymous_68)
FN:201,(anonymous_69)
FN:204,(anonymous_70)
FNF:57
FNH:23
FNDA:12,(anonymous_0)
FNDA:0,(anonymous_1)
FNDA:0,(anonymous_2)
FNDA:0,(anonymous_3)
FNDA:0,(anonymous_4)
FNDA:0,(anonymous_5)
FNDA:0,(anonymous_6)
FNDA:0,(anonymous_7)
FNDA:0,(anonymous_8)
FNDA:0,(anonymous_9)
FNDA:0,(anonymous_10)
FNDA:0,(anonymous_11)
FNDA:0,(anonymous_12)
FNDA:0,(anonymous_13)
FNDA:0,(anonymous_14)
FNDA:0,(anonymous_15)
FNDA:0,(anonymous_16)
FNDA:0,(anonymous_17)
FNDA:0,(anonymous_18)
FNDA:0,(anonymous_19)
FNDA:0,(anonymous_20)
FNDA:12,(anonymous_21)
FNDA:12,(anonymous_22)
FNDA:12,(anonymous_23)
FNDA:0,(anonymous_24)
FNDA:0,(anonymous_25)
FNDA:12,(anonymous_26)
FNDA:0,(anonymous_27)
FNDA:0,(anonymous_28)
FNDA:0,(anonymous_29)
FNDA:0,(anonymous_30)
FNDA:4,(anonymous_34)
FNDA:17,(anonymous_35)
FNDA:0,(anonymous_38)
FNDA:0,(anonymous_39)
FNDA:0,(anonymous_40)
FNDA:0,(anonymous_41)
FNDA:16,(anonymous_50)
FNDA:0,(anonymous_51)
FNDA:32,(anonymous_52)
FNDA:0,(anonymous_53)
FNDA:16,(anonymous_54)
FNDA:0,(anonymous_55)
FNDA:16,(anonymous_56)
FNDA:0,(anonymous_57)
FNDA:16,(anonymous_58)
FNDA:12,(anonymous_59)
FNDA:48,(anonymous_61)
FNDA:16,(anonymous_62)
FNDA:48,(anonymous_63)
FNDA:48,(anonymous_64)
FNDA:48,(anonymous_65)
FNDA:48,(anonymous_66)
FNDA:48,(anonymous_67)
FNDA:48,(anonymous_68)
FNDA:48,(anonymous_69)
FNDA:48,(anonymous_70)
DA:24,4
DA:27,17
DA:45,0
DA:51,0
DA:52,0
DA:55,0
DA:102,16
DA:107,0
DA:110,32
DA:115,0
DA:118,16
DA:121,0
DA:122,16
DA:127,0
DA:129,16
DA:141,12
DA:150,48
DA:156,16
DA:160,48
DA:169,48
DA:177,48
DA:185,48
DA:189,48
DA:195,48
DA:201,48
DA:204,48
DA:236,12
DA:253,12
DA:254,12
DA:255,12
DA:258,12
DA:262,0
DA:266,0
DA:274,0
DA:278,0
DA:282,0
DA:286,0
DA:293,0
DA:296,0
DA:300,0
DA:304,0
DA:308,0
DA:312,0
DA:316,0
DA:320,0
DA:324,0
DA:325,0
DA:327,0
DA:333,0
DA:334,0
DA:337,0
DA:341,0
DA:342,0
DA:346,0
DA:350,0
DA:354,0
DA:355,0
DA:361,0
DA:365,0
DA:371,12
DA:375,12
DA:376,4
DA:382,8
DA:386,12
DA:392,0
DA:396,0
DA:397,0
DA:398,0
DA:405,12
DA:409,0
DA:410,0
DA:411,0
DA:415,0
DA:419,0
DA:423,0
DA:426,12
LF:76
LH:30
BRDA:267,0,0,0
BRDA:267,0,1,0
BRDA:267,0,2,0
BRDA:324,1,0,0
BRDA:327,2,0,0
BRDA:327,2,1,0
BRDA:333,3,0,0
BRDA:337,4,0,0
BRDA:337,4,1,0
BRDA:341,5,0,0
BRDA:350,6,0,0
BRDA:350,6,1,0
BRDA:354,7,0,0
BRDA:365,8,0,0
BRDA:365,8,1,0
BRDA:375,9,0,4
BRDA:386,10,0,4
BRDA:386,10,1,8
BRDA:21,11,0,21
BRDA:21,11,1,12
BRDA:23,12,0,4
BRDA:51,13,0,0
BRDA:51,13,1,0
BRDA:97,14,0,12
BRDA:107,15,0,32
BRDA:107,15,1,8
BRDA:115,16,0,16
BRDA:115,16,1,4
BRDA:121,17,0,16
BRDA:121,17,1,4
BRDA:127,18,0,16
BRDA:127,18,1,4
BRDA:141,19,0,12
BRDA:141,19,1,12
BRF:34
BRH:17
end_of_record
TN:
SF:src/components/navigation/report-problem-modal.vue
FN:79,(anonymous_0)
FN:81,(anonymous_1)
FN:82,(anonymous_2)
FN:87,(anonymous_3)
FN:91,(anonymous_4)
FN:95,(anonymous_5)
FN:99,(anonymous_6)
FN:103,(anonymous_7)
FN:121,(anonymous_8)
FN:125,(anonymous_9)
FN:4,(anonymous_11)
FN:52,(anonymous_13)
FN:55,(anonymous_14)
FN:19,(anonymous_20)
FN:29,(anonymous_23)
FN:39,(anonymous_26)
FNF:16
FNH:1
FNDA:12,(anonymous_0)
FNDA:0,(anonymous_1)
FNDA:0,(anonymous_2)
FNDA:0,(anonymous_3)
FNDA:0,(anonymous_4)
FNDA:0,(anonymous_5)
FNDA:0,(anonymous_6)
FNDA:0,(anonymous_7)
FNDA:0,(anonymous_8)
FNDA:0,(anonymous_9)
FNDA:0,(anonymous_11)
FNDA:0,(anonymous_13)
FNDA:0,(anonymous_14)
FNDA:0,(anonymous_20)
FNDA:0,(anonymous_23)
FNDA:0,(anonymous_26)
DA:4,0
DA:19,0
DA:29,0
DA:39,0
DA:52,0
DA:55,0
DA:66,12
DA:71,12
DA:72,12
DA:73,12
DA:74,12
DA:75,12
DA:76,12
DA:80,12
DA:82,0
DA:83,0
DA:88,0
DA:92,0
DA:96,0
DA:100,0
DA:104,0
DA:105,0
DA:106,0
DA:108,0
DA:109,0
DA:111,0
DA:112,0
DA:118,0
DA:122,0
DA:126,0
DA:127,0
DA:128,0
DA:129,0
DA:130,0
DA:133,12
LF:35
LH:9
BRDA:96,0,0,0
BRDA:96,0,1,0
BRDA:96,0,2,0
BRDA:96,0,3,0
BRDA:105,1,0,0
BRDA:106,2,0,0
BRDA:106,2,1,0
BRDA:108,3,0,0
BRDA:128,4,0,0
BRDA:128,4,1,0
BRDA:129,5,0,0
BRDA:129,5,1,0
BRDA:4,6,0,12
BRDA:4,6,1,12
BRDA:54,7,0,0
BRDA:54,7,1,0
BRDA:55,8,0,0
BRDA:55,8,1,0
BRDA:19,9,0,0
BRDA:19,9,1,0
BRDA:29,10,0,0
BRDA:29,10,1,0
BRDA:39,11,0,0
BRDA:39,11,1,0
BRF:24
BRH:2
end_of_record
TN:
SF:src/components/polygons/boundary-drawer.vue
FN:58,(anonymous_0)
FN:59,(anonymous_1)
FN:63,(anonymous_2)
FN:67,(anonymous_3)
FN:74,(anonymous_4)
FN:78,(anonymous_5)
FN:88,(anonymous_6)
FN:106,(anonymous_7)
FN:127,(anonymous_8)
FN:167,(anonymous_9)
FN:185,(anonymous_10)
FN:190,(anonymous_11)
FN:201,(anonymous_12)
FN:208,(anonymous_13)
FN:218,(anonymous_14)
FN:231,(anonymous_15)
FN:235,(anonymous_16)
FN:241,(anonymous_17)
FN:246,(anonymous_18)
FN:5,(anonymous_20)
FN:6,(anonymous_21)
FN:7,(anonymous_22)
FN:8,(anonymous_23)
FN:9,(anonymous_24)
FNF:24
FNH:0
FNDA:0,(anonymous_0)
FNDA:0,(anonymous_1)
FNDA:0,(anonymous_2)
FNDA:0,(anonymous_3)
FNDA:0,(anonymous_4)
FNDA:0,(anonymous_5)
FNDA:0,(anonymous_6)
FNDA:0,(anonymous_7)
FNDA:0,(anonymous_8)
FNDA:0,(anonymous_9)
FNDA:0,(anonymous_10)
FNDA:0,(anonymous_11)
FNDA:0,(anonymous_12)
FNDA:0,(anonymous_13)
FNDA:0,(anonymous_14)
FNDA:0,(anonymous_15)
FNDA:0,(anonymous_16)
FNDA:0,(anonymous_17)
FNDA:0,(anonymous_18)
FNDA:0,(anonymous_20)
FNDA:0,(anonymous_21)
FNDA:0,(anonymous_22)
FNDA:0,(anonymous_23)
FNDA:0,(anonymous_24)
DA:5,0
DA:6,0
DA:7,0
DA:8,0
DA:9,0
DA:30,12
DA:34,12
DA:38,12
DA:42,12
DA:44,0
DA:45,0
DA:46,0
DA:53,0
DA:57,0
DA:59,0
DA:60,0
DA:64,0
DA:68,0
DA:72,0
DA:75,0
DA:78,12
DA:80,0
DA:81,0
DA:82,0
DA:83,0
DA:85,0
DA:89,0
DA:93,0
DA:95,0
DA:96,0
DA:99,0
DA:100,0
DA:103,0
DA:107,0
DA:108,0
DA:109,0
DA:110,0
DA:113,0
DA:114,0
DA:115,0
DA:116,0
DA:117,0
DA:118,0
DA:119,0
DA:122,0
DA:123,0
DA:124,0
DA:128,0
DA:129,0
DA:132,0
DA:133,0
DA:134,0
DA:135,0
DA:141,0
DA:142,0
DA:143,0
DA:146,0
DA:147,0
DA:149,0
DA:150,0
DA:152,0
DA:153,0
DA:155,0
DA:156,0
DA:159,0
DA:168,0
DA:170,0
DA:171,0
DA:172,0
DA:174,0
DA:175,0
DA:176,0
DA:180,0
DA:182,0
DA:186,0
DA:187,0
DA:191,0
DA:192,0
DA:193,0
DA:194,0
DA:195,0
DA:196,0
DA:198,0
DA:202,0
DA:203,0
DA:204,0
DA:209,0
DA:212,0
DA:213,0
DA:215,0
DA:221,0
DA:222,0
DA:223,0
DA:224,0
DA:228,0
DA:232,0
DA:236,0
DA:241,12
DA:243,0
DA:247,0
DA:249,0
DA:252,0
DA:255,0
DA:256,0
DA:260,0
DA:262,0
DA:263,0
DA:265,0
DA:266,0
DA:268,0
DA:269,0
DA:270,0
DA:273,0
DA:276,0
DA:278,0
DA:283,12
LF:116
LH:7
BRDA:80,0,0,0
BRDA:80,0,1,0
BRDA:82,1,0,0
BRDA:89,2,0,0
BRDA:90,3,0,0
BRDA:90,3,1,0
BRDA:95,4,0,0
BRDA:99,5,0,0
BRDA:108,6,0,0
BRDA:115,7,0,0
BRDA:115,7,1,0
BRDA:117,8,0,0
BRDA:128,9,0,0
BRDA:128,10,0,0
BRDA:128,10,1,0
BRDA:133,11,0,0
BRDA:133,11,1,0
BRDA:142,12,0,0
BRDA:146,13,0,0
BRDA:149,14,0,0
BRDA:152,15,0,0
BRDA:155,16,0,0
BRDA:193,17,0,0
BRDA:193,17,1,0
BRDA:195,18,0,0
BRDA:202,19,0,0
BRDA:212,20,0,0
BRDA:212,21,0,0
BRDA:212,21,1,0
BRDA:247,22,0,0
BRDA:265,23,0,0
BRDA:265,23,1,0
BRDA:3,24,0,0
BRDA:3,24,1,0
BRDA:5,25,0,0
BRDA:5,25,1,0
BRDA:6,26,0,0
BRDA:6,26,1,0
BRDA:7,27,0,0
BRDA:7,27,1,0
BRDA:8,28,0,0
BRDA:8,28,1,0
BRDA:9,29,0,0
BRDA:9,29,1,0
BRDA:12,30,0,0
BRDA:13,31,0,0
BRF:46
BRH:0
end_of_record
TN:
SF:src/components/sign-attributes/sign-attribute-badge.vue
FN:23,(anonymous_0)
FN:27,(anonymous_1)
FN:5,(anonymous_3)
FNF:3
FNH:0
FNDA:0,(anonymous_0)
FNDA:0,(anonymous_1)
FNDA:0,(anonymous_3)
DA:2,12
DA:5,0
DA:16,12
DA:20,12
DA:24,0
DA:28,0
DA:35,12
LF:7
LH:4
BRDA:29,0,0,0
BRDA:29,0,1,0
BRDA:29,0,2,0
BRF:3
BRH:0
end_of_record
TN:
SF:src/components/sign-attributes/sign-attribute-modal.vue
FN:74,(anonymous_0)
FN:78,(anonymous_1)
FN:84,(anonymous_2)
FN:88,(anonymous_3)
FN:92,(anonymous_4)
FN:99,(anonymous_5)
FN:123,(anonymous_6)
FN:127,(anonymous_7)
FN:135,(anonymous_8)
FN:144,(anonymous_9)
FN:155,(anonymous_10)
FN:158,(anonymous_11)
FN:165,(anonymous_12)
FN:171,(anonymous_13)
FN:195,(anonymous_14)
FN:210,(anonymous_15)
FN:213,(anonymous_16)
FN:233,(anonymous_17)
FN:239,(anonymous_18)
FN:244,(anonymous_19)
FN:39,(anonymous_22)
FN:12,(anonymous_25)
FN:27,(anonymous_26)
FN:17,(anonymous_27)
FN:18,(anonymous_28)
FN:35,(anonymous_31)
FNF:26
FNH:0
FNDA:0,(anonymous_0)
FNDA:0,(anonymous_1)
FNDA:0,(anonymous_2)
FNDA:0,(anonymous_3)
FNDA:0,(anonymous_4)
FNDA:0,(anonymous_5)
FNDA:0,(anonymous_6)
FNDA:0,(anonymous_7)
FNDA:0,(anonymous_8)
FNDA:0,(anonymous_9)
FNDA:0,(anonymous_10)
FNDA:0,(anonymous_11)
FNDA:0,(anonymous_12)
FNDA:0,(anonymous_13)
FNDA:0,(anonymous_14)
FNDA:0,(anonymous_15)
FNDA:0,(anonymous_16)
FNDA:0,(anonymous_17)
FNDA:0,(anonymous_18)
FNDA:0,(anonymous_19)
FNDA:0,(anonymous_22)
FNDA:0,(anonymous_25)
FNDA:0,(anonymous_26)
FNDA:0,(anonymous_27)
FNDA:0,(anonymous_28)
FNDA:0,(anonymous_31)
DA:12,12
DA:17,0
DA:18,0
DA:22,0
DA:27,0
DA:28,12
DA:29,12
DA:35,0
DA:39,0
DA:60,12
DA:68,0
DA:69,0
DA:75,0
DA:79,0
DA:80,0
DA:85,0
DA:89,0
DA:93,0
DA:94,0
DA:96,0
DA:100,0
DA:101,0
DA:102,0
DA:105,0
DA:106,0
DA:108,0
DA:113,0
DA:119,0
DA:120,0
DA:124,0
DA:128,0
DA:129,0
DA:131,0
DA:136,0
DA:137,0
DA:139,0
DA:145,0
DA:146,0
DA:149,0
DA:151,0
DA:154,0
DA:155,0
DA:156,0
DA:158,0
DA:162,0
DA:166,0
DA:172,0
DA:173,0
DA:175,0
DA:176,0
DA:179,0
DA:181,0
DA:183,0
DA:187,0
DA:188,0
DA:192,0
DA:196,0
DA:197,0
DA:198,0
DA:203,0
DA:204,0
DA:206,0
DA:207,0
DA:211,0
DA:212,0
DA:213,0
DA:214,0
DA:216,0
DA:217,0
DA:218,0
DA:219,0
DA:220,0
DA:225,0
DA:226,0
DA:229,0
DA:230,0
DA:235,0
DA:236,0
DA:240,0
DA:241,0
DA:244,12
DA:247,0
DA:248,0
DA:250,0
DA:252,0
DA:255,12
LF:86
LH:6
BRDA:79,0,0,0
BRDA:93,1,0,0
BRDA:96,2,0,0
BRDA:96,2,1,0
BRDA:100,3,0,0
BRDA:100,4,0,0
BRDA:100,4,1,0
BRDA:108,5,0,0
BRDA:108,5,1,0
BRDA:124,6,0,0
BRDA:124,6,1,0
BRDA:128,7,0,0
BRDA:128,7,1,0
BRDA:129,8,0,0
BRDA:129,8,1,0
BRDA:131,9,0,0
BRDA:131,9,1,0
BRDA:136,10,0,0
BRDA:145,11,0,0
BRDA:145,12,0,0
BRDA:145,12,1,0
BRDA:175,13,0,0
BRDA:179,14,0,0
BRDA:179,14,1,0
BRDA:181,15,0,0
BRDA:187,16,0,0
BRDA:187,17,0,0
BRDA:187,17,1,0
BRDA:247,18,0,0
BRDA:247,19,0,0
BRDA:247,19,1,0
BRDA:38,20,0,0
BRDA:38,20,1,0
BRDA:39,21,0,0
BRDA:39,21,1,0
BRDA:17,22,0,0
BRDA:17,22,1,0
BRDA:18,23,0,0
BRDA:18,23,1,0
BRDA:35,24,0,0
BRDA:35,24,1,0
BRF:41
BRH:0
end_of_record
TN:
SF:src/components/sign-attributes/sign-attribute-pane.vue
FN:99,(anonymous_0)
FN:102,(anonymous_1)
FN:106,(anonymous_2)
FN:110,(anonymous_3)
FN:114,(anonymous_4)
FN:118,(anonymous_5)
FN:119,(anonymous_6)
FN:128,(anonymous_7)
FN:136,(anonymous_8)
FN:152,(anonymous_9)
FN:158,(anonymous_10)
FN:170,(anonymous_11)
FN:175,(anonymous_12)
FN:183,(anonymous_13)
FN:189,(anonymous_14)
FN:196,(anonymous_15)
FN:202,(anonymous_16)
FN:220,(anonymous_17)
FN:235,(anonymous_18)
FN:238,(anonymous_19)
FN:244,(anonymous_20)
FN:259,(anonymous_21)
FN:263,(anonymous_22)
FN:311,(anonymous_23)
FN:324,(anonymous_24)
FN:328,(anonymous_25)
FN:333,(anonymous_26)
FN:8,(anonymous_28)
FN:19,(anonymous_29)
FN:24,(anonymous_31)
FN:35,(anonymous_34)
FN:36,(anonymous_35)
FN:38,(anonymous_36)
FN:46,(anonymous_39)
FN:47,(anonymous_40)
FN:59,(anonymous_42)
FN:63,(anonymous_43)
FNF:37
FNH:0
FNDA:0,(anonymous_0)
FNDA:0,(anonymous_1)
FNDA:0,(anonymous_2)
FNDA:0,(anonymous_3)
FNDA:0,(anonymous_4)
FNDA:0,(anonymous_5)
FNDA:0,(anonymous_6)
FNDA:0,(anonymous_7)
FNDA:0,(anonymous_8)
FNDA:0,(anonymous_9)
FNDA:0,(anonymous_10)
FNDA:0,(anonymous_11)
FNDA:0,(anonymous_12)
FNDA:0,(anonymous_13)
FNDA:0,(anonymous_14)
FNDA:0,(anonymous_15)
FNDA:0,(anonymous_16)
FNDA:0,(anonymous_17)
FNDA:0,(anonymous_18)
FNDA:0,(anonymous_19)
FNDA:0,(anonymous_20)
FNDA:0,(anonymous_21)
FNDA:0,(anonymous_22)
FNDA:0,(anonymous_23)
FNDA:0,(anonymous_24)
FNDA:0,(anonymous_25)
FNDA:0,(anonymous_26)
FNDA:0,(anonymous_28)
FNDA:0,(anonymous_29)
FNDA:0,(anonymous_31)
FNDA:0,(anonymous_34)
FNDA:0,(anonymous_35)
FNDA:0,(anonymous_36)
FNDA:0,(anonymous_39)
FNDA:0,(anonymous_40)
FNDA:0,(anonymous_42)
FNDA:0,(anonymous_43)
DA:2,12
DA:8,0
DA:10,12
DA:19,0
DA:24,0
DA:35,0
DA:36,0
DA:39,12
DA:41,0
DA:46,0
DA:47,0
DA:59,0
DA:63,0
DA:86,12
DA:95,0
DA:96,0
DA:97,0
DA:100,0
DA:103,0
DA:107,0
DA:111,0
DA:115,0
DA:116,0
DA:118,0
DA:119,0
DA:121,0
DA:129,0
DA:130,0
DA:133,0
DA:137,0
DA:138,0
DA:141,0
DA:144,0
DA:148,0
DA:149,0
DA:153,0
DA:161,0
DA:162,0
DA:164,0
DA:165,0
DA:169,0
DA:170,0
DA:171,0
DA:172,0
DA:173,0
DA:175,0
DA:176,0
DA:183,0
DA:184,0
DA:186,0
DA:190,0
DA:199,0
DA:203,0
DA:204,0
DA:206,0
DA:212,0
DA:213,0
DA:215,0
DA:216,0
DA:217,0
DA:221,0
DA:222,0
DA:224,0
DA:229,0
DA:230,0
DA:232,0
DA:238,0
DA:239,0
DA:241,0
DA:242,0
DA:244,0
DA:245,0
DA:246,0
DA:248,0
DA:249,0
DA:254,0
DA:260,0
DA:264,0
DA:265,0
DA:268,0
DA:269,0
DA:270,0
DA:272,0
DA:273,0
DA:274,0
DA:275,0
DA:278,0
DA:279,0
DA:281,0
DA:285,0
DA:289,0
DA:293,0
DA:297,0
DA:301,0
DA:305,0
DA:309,0
DA:310,0
DA:311,0
DA:312,0
DA:318,0
DA:321,0
DA:325,0
DA:329,0
DA:334,0
DA:335,0
DA:339,12
LF:106
LH:5
BRDA:115,0,0,0
BRDA:121,1,0,0
BRDA:121,1,1,0
BRDA:129,2,0,0
BRDA:133,3,0,0
BRDA:133,3,1,0
BRDA:137,4,0,0
BRDA:154,5,0,0
BRDA:154,5,1,0
BRDA:164,6,0,0
BRDA:171,7,0,0
BRDA:171,7,1,0
BRDA:241,8,0,0
BRDA:245,9,0,0
BRDA:248,10,0,0
BRDA:248,10,1,0
BRDA:264,11,0,0
BRDA:281,12,0,0
BRDA:282,13,0,0
BRDA:282,13,1,0
BRDA:289,14,0,0
BRDA:290,15,0,0
BRDA:290,15,1,0
BRDA:297,16,0,0
BRDA:298,17,0,0
BRDA:298,17,1,0
BRDA:305,18,0,0
BRDA:306,19,0,0
BRDA:306,19,1,0
BRDA:310,20,0,0
BRDA:334,21,0,0
BRDA:8,22,0,0
BRDA:8,22,1,0
BRDA:62,23,0,0
BRDA:62,23,1,0
BRDA:19,24,0,0
BRDA:19,24,1,0
BRDA:24,25,0,0
BRDA:24,25,1,0
BRDA:35,26,0,0
BRDA:35,26,1,0
BRDA:36,27,0,0
BRDA:36,27,1,0
BRDA:63,28,0,0
BRDA:63,28,1,0
BRF:45
BRH:0
end_of_record
TN:
SF:src/components/sign-attributes/sign-attribute.vue
FN:24,(anonymous_0)
FN:28,(anonymous_1)
FN:2,(anonymous_3)
FNF:3
FNH:0
FNDA:0,(anonymous_0)
FNDA:0,(anonymous_1)
FNDA:0,(anonymous_3)
DA:2,0
DA:12,12
DA:19,12
DA:21,12
DA:25,0
DA:28,12
DA:30,0
DA:33,12
LF:8
LH:5
BRDA:2,0,0,0
BRDA:2,0,1,0
BRDA:2,1,0,0
BRDA:2,1,1,0
BRF:4
BRH:0
end_of_record
TN:
SF:src/components/text/add-line-modal.vue
FN:69,(anonymous_0)
FN:73,(anonymous_1)
FN:76,(anonymous_2)
FN:79,(anonymous_3)
FN:82,(anonymous_4)
FN:85,(anonymous_5)
FN:86,(anonymous_6)
FN:90,(anonymous_7)
FN:93,(anonymous_8)
FN:98,(anonymous_9)
FN:101,(anonymous_10)
FN:103,(anonymous_11)
FN:109,(anonymous_12)
FN:158,(anonymous_13)
FN:231,(anonymous_14)
FN:4,(anonymous_16)
FN:25,(anonymous_18)
FN:25,(anonymous_19)
FN:13,(anonymous_21)
FN:17,(anonymous_22)
FNF:20
FNH:0
FNDA:0,(anonymous_0)
FNDA:0,(anonymous_1)
FNDA:0,(anonymous_2)
FNDA:0,(anonymous_3)
FNDA:0,(anonymous_4)
FNDA:0,(anonymous_5)
FNDA:0,(anonymous_6)
FNDA:0,(anonymous_7)
FNDA:0,(anonymous_8)
FNDA:0,(anonymous_9)
FNDA:0,(anonymous_10)
FNDA:0,(anonymous_11)
FNDA:0,(anonymous_12)
FNDA:0,(anonymous_13)
FNDA:0,(anonymous_14)
FNDA:0,(anonymous_16)
FNDA:0,(anonymous_18)
FNDA:0,(anonymous_19)
FNDA:0,(anonymous_21)
FNDA:0,(anonymous_22)
DA:4,0
DA:13,0
DA:17,0
DA:24,12
DA:25,0
DA:45,12
DA:52,0
DA:54,0
DA:55,0
DA:56,0
DA:62,0
DA:63,0
DA:64,0
DA:65,0
DA:66,0
DA:70,0
DA:72,0
DA:74,0
DA:77,0
DA:80,0
DA:83,0
DA:84,0
DA:86,0
DA:87,0
DA:91,0
DA:96,0
DA:99,0
DA:102,0
DA:105,0
DA:110,0
DA:111,0
DA:112,0
DA:113,0
DA:114,0
DA:115,0
DA:116,0
DA:117,0
DA:119,0
DA:121,0
DA:122,0
DA:123,0
DA:124,0
DA:125,0
DA:126,0
DA:127,0
DA:128,0
DA:129,0
DA:132,0
DA:136,0
DA:137,0
DA:138,0
DA:139,0
DA:140,0
DA:141,0
DA:142,0
DA:145,0
DA:150,0
DA:154,0
DA:156,0
DA:160,0
DA:161,0
DA:167,0
DA:170,0
DA:172,0
DA:174,0
DA:180,0
DA:181,0
DA:182,0
DA:188,0
DA:192,0
DA:193,0
DA:194,0
DA:197,0
DA:202,0
DA:205,0
DA:208,0
DA:209,0
DA:210,0
DA:213,0
DA:218,0
DA:219,0
DA:227,0
DA:234,0
DA:241,0
DA:248,0
DA:249,0
DA:253,12
LF:87
LH:3
BRDA:110,0,0,0
BRDA:113,1,0,0
BRDA:114,2,0,0
BRDA:114,2,1,0
BRDA:114,3,0,0
BRDA:114,3,1,0
BRDA:115,4,0,0
BRDA:115,4,1,0
BRDA:121,5,0,0
BRDA:121,5,1,0
BRDA:121,6,0,0
BRDA:121,6,1,0
BRDA:122,7,0,0
BRDA:122,7,1,0
BRDA:128,8,0,0
BRDA:128,8,1,0
BRDA:141,9,0,0
BRDA:141,9,1,0
BRDA:160,10,0,0
BRDA:160,10,1,0
BRDA:167,11,0,0
BRDA:167,11,1,0
BRDA:188,12,0,0
BRDA:192,13,0,0
BRDA:192,13,1,0
BRDA:193,14,0,0
BRDA:193,14,1,0
BRDA:208,15,0,0
BRDA:209,16,0,0
BRDA:209,16,1,0
BRDA:227,17,0,0
BRDA:227,17,1,0
BRDA:4,18,0,0
BRDA:4,18,1,0
BRDA:25,19,0,0
BRDA:25,19,1,0
BRDA:25,20,0,0
BRDA:25,20,1,0
BRDA:11,21,0,0
BRDA:11,22,0,0
BRDA:11,22,1,0
BRDA:14,23,0,0
BRDA:14,23,1,0
BRDA:13,24,0,0
BRDA:13,24,1,0
BRDA:18,25,0,0
BRDA:18,25,1,0
BRDA:17,26,0,0
BRDA:17,26,1,0
BRF:49
BRH:0
end_of_record
TN:
SF:src/components/text/delete-line-modal.vue
FN:52,(anonymous_0)
FN:64,(anonymous_1)
FN:67,(anonymous_2)
FN:70,(anonymous_3)
FN:73,(anonymous_4)
FN:74,(anonymous_5)
FN:78,(anonymous_6)
FN:81,(anonymous_7)
FN:86,(anonymous_8)
FN:89,(anonymous_9)
FN:95,(anonymous_10)
FN:141,(anonymous_11)
FN:4,(anonymous_13)
FN:13,(anonymous_15)
FN:14,(anonymous_16)
FN:10,(anonymous_17)
FNF:16
FNH:0
FNDA:0,(anonymous_0)
FNDA:0,(anonymous_1)
FNDA:0,(anonymous_2)
FNDA:0,(anonymous_3)
FNDA:0,(anonymous_4)
FNDA:0,(anonymous_5)
FNDA:0,(anonymous_6)
FNDA:0,(anonymous_7)
FNDA:0,(anonymous_8)
FNDA:0,(anonymous_9)
FNDA:0,(anonymous_10)
FNDA:0,(anonymous_11)
FNDA:0,(anonymous_13)
FNDA:0,(anonymous_15)
FNDA:0,(anonymous_16)
FNDA:0,(anonymous_17)
DA:4,0
DA:10,0
DA:12,12
DA:13,0
DA:14,0
DA:35,12
DA:42,0
DA:45,0
DA:46,0
DA:53,0
DA:55,0
DA:56,0
DA:57,0
DA:58,0
DA:59,0
DA:60,0
DA:63,0
DA:65,0
DA:68,0
DA:71,0
DA:72,0
DA:74,0
DA:75,0
DA:79,0
DA:84,0
DA:88,0
DA:91,0
DA:97,0
DA:98,0
DA:104,0
DA:106,0
DA:108,0
DA:110,0
DA:116,0
DA:117,0
DA:118,0
DA:124,0
DA:130,0
DA:133,0
DA:138,0
DA:143,0
DA:144,0
DA:151,0
DA:152,0
DA:156,12
LF:45
LH:3
BRDA:97,0,0,0
BRDA:97,0,1,0
BRDA:104,1,0,0
BRDA:104,1,1,0
BRDA:124,2,0,0
BRDA:138,3,0,0
BRDA:138,3,1,0
BRDA:4,4,0,0
BRDA:4,4,1,0
BRDA:13,5,0,0
BRDA:13,5,1,0
BRDA:14,6,0,0
BRDA:14,6,1,0
BRDA:8,7,0,0
BRDA:8,7,1,0
BRF:15
BRH:0
end_of_record
TN:
SF:src/components/text/edit-line-modal.vue
FN:71,(anonymous_0)
FN:74,(anonymous_1)
FN:80,(anonymous_2)
FN:83,(anonymous_3)
FN:87,(anonymous_4)
FN:88,(anonymous_5)
FN:95,(anonymous_6)
FN:101,(anonymous_7)
FN:104,(anonymous_8)
FN:107,(anonymous_9)
FN:108,(anonymous_10)
FN:125,(anonymous_11)
FN:130,(anonymous_12)
FN:139,(anonymous_13)
FN:156,(anonymous_14)
FN:160,(anonymous_15)
FN:165,(anonymous_16)
FN:181,(anonymous_17)
FN:184,(anonymous_18)
FN:185,(anonymous_19)
FN:189,(anonymous_20)
FN:192,(anonymous_21)
FN:194,(anonymous_22)
FN:200,(anonymous_23)
FN:4,(anonymous_25)
FN:24,(anonymous_27)
FN:25,(anonymous_28)
FN:29,(anonymous_29)
FN:31,(anonymous_30)
FN:17,(anonymous_32)
FNF:30
FNH:0
FNDA:0,(anonymous_0)
FNDA:0,(anonymous_1)
FNDA:0,(anonymous_2)
FNDA:0,(anonymous_3)
FNDA:0,(anonymous_4)
FNDA:0,(anonymous_5)
FNDA:0,(anonymous_6)
FNDA:0,(anonymous_7)
FNDA:0,(anonymous_8)
FNDA:0,(anonymous_9)
FNDA:0,(anonymous_10)
FNDA:0,(anonymous_11)
FNDA:0,(anonymous_12)
FNDA:0,(anonymous_13)
FNDA:0,(anonymous_14)
FNDA:0,(anonymous_15)
FNDA:0,(anonymous_16)
FNDA:0,(anonymous_17)
FNDA:0,(anonymous_18)
FNDA:0,(anonymous_19)
FNDA:0,(anonymous_20)
FNDA:0,(anonymous_21)
FNDA:0,(anonymous_22)
FNDA:0,(anonymous_23)
FNDA:0,(anonymous_25)
FNDA:0,(anonymous_27)
FNDA:0,(anonymous_28)
FNDA:0,(anonymous_29)
FNDA:0,(anonymous_30)
FNDA:0,(anonymous_32)
DA:4,0
DA:9,12
DA:17,0
DA:21,12
DA:24,0
DA:25,0
DA:29,0
DA:31,0
DA:55,12
DA:62,0
DA:64,0
DA:65,0
DA:68,0
DA:69,0
DA:70,0
DA:72,0
DA:77,0
DA:81,0
DA:84,0
DA:85,0
DA:87,0
DA:88,0
DA:90,0
DA:96,0
DA:102,0
DA:105,0
DA:108,0
DA:109,0
DA:110,0
DA:111,0
DA:112,0
DA:113,0
DA:114,0
DA:115,0
DA:116,0
DA:118,0
DA:119,0
DA:120,0
DA:122,0
DA:126,0
DA:132,0
DA:134,0
DA:135,0
DA:141,0
DA:143,0
DA:144,0
DA:145,0
DA:157,0
DA:160,0
DA:161,0
DA:163,0
DA:164,0
DA:165,0
DA:166,0
DA:168,0
DA:169,0
DA:171,0
DA:172,0
DA:177,0
DA:182,0
DA:183,0
DA:185,0
DA:186,0
DA:190,0
DA:193,0
DA:196,0
DA:201,0
DA:202,0
DA:205,0
DA:206,0
DA:207,0
DA:208,0
DA:209,0
DA:210,0
DA:211,0
DA:218,0
DA:219,0
DA:225,0
DA:229,12
LF:79
LH:4
BRDA:84,0,0,0
BRDA:90,1,0,0
BRDA:90,1,1,0
BRDA:97,2,0,0
BRDA:97,2,1,0
BRDA:110,3,0,0
BRDA:110,3,1,0
BRDA:112,4,0,0
BRDA:127,5,0,0
BRDA:127,5,1,0
BRDA:163,6,0,0
BRDA:168,7,0,0
BRDA:171,8,0,0
BRDA:171,8,1,0
BRDA:206,9,0,0
BRDA:206,9,1,0
BRDA:4,10,0,0
BRDA:4,10,1,0
BRDA:24,11,0,0
BRDA:24,11,1,0
BRDA:25,12,0,0
BRDA:25,12,1,0
BRDA:29,13,0,0
BRDA:29,13,1,0
BRDA:31,14,0,0
BRDA:31,14,1,0
BRDA:15,15,0,0
BRDA:15,15,1,0
BRDA:17,16,0,0
BRDA:17,16,1,0
BRF:30
BRH:0
end_of_record
TN:
SF:src/components/text/edit-sign-modal.vue
FN:84,(anonymous_0)
FN:86,(anonymous_1)
FN:87,(anonymous_2)
FN:92,(anonymous_3)
FN:100,(anonymous_4)
FN:103,(anonymous_5)
FN:107,(anonymous_6)
FN:111,(anonymous_7)
FN:125,(anonymous_8)
FN:126,(anonymous_9)
FN:131,(anonymous_10)
FN:134,(anonymous_11)
FN:138,(anonymous_12)
FN:145,(anonymous_13)
FN:150,(anonymous_14)
FN:158,(anonymous_15)
FN:163,(anonymous_16)
FN:172,(anonymous_17)
FN:182,(anonymous_18)
FN:183,(anonymous_19)
FN:191,(anonymous_20)
FN:195,(anonymous_21)
FN:196,(anonymous_22)
FN:200,(anonymous_23)
FN:201,(anonymous_24)
FN:4,(anonymous_26)
FN:16,(anonymous_30)
FN:17,(anonymous_31)
FN:26,(anonymous_33)
FN:26,(anonymous_34)
FN:38,(anonymous_37)
FN:43,(anonymous_38)
FN:50,(anonymous_40)
FN:51,(anonymous_41)
FNF:34
FNH:0
FNDA:0,(anonymous_0)
FNDA:0,(anonymous_1)
FNDA:0,(anonymous_2)
FNDA:0,(anonymous_3)
FNDA:0,(anonymous_4)
FNDA:0,(anonymous_5)
FNDA:0,(anonymous_6)
FNDA:0,(anonymous_7)
FNDA:0,(anonymous_8)
FNDA:0,(anonymous_9)
FNDA:0,(anonymous_10)
FNDA:0,(anonymous_11)
FNDA:0,(anonymous_12)
FNDA:0,(anonymous_13)
FNDA:0,(anonymous_14)
FNDA:0,(anonymous_15)
FNDA:0,(anonymous_16)
FNDA:0,(anonymous_17)
FNDA:0,(anonymous_18)
FNDA:0,(anonymous_19)
FNDA:0,(anonymous_20)
FNDA:0,(anonymous_21)
FNDA:0,(anonymous_22)
FNDA:0,(anonymous_23)
FNDA:0,(anonymous_24)
FNDA:0,(anonymous_26)
FNDA:0,(anonymous_30)
FNDA:0,(anonymous_31)
FNDA:0,(anonymous_33)
FNDA:0,(anonymous_34)
FNDA:0,(anonymous_37)
FNDA:0,(anonymous_38)
FNDA:0,(anonymous_40)
FNDA:0,(anonymous_41)
DA:4,0
DA:13,12
DA:16,0
DA:17,0
DA:26,0
DA:30,0
DA:38,0
DA:43,0
DA:50,0
DA:51,0
DA:77,12
DA:81,0
DA:85,0
DA:87,0
DA:88,0
DA:93,0
DA:95,0
DA:96,0
DA:97,0
DA:98,0
DA:101,0
DA:104,0
DA:108,0
DA:112,0
DA:114,0
DA:115,0
DA:116,0
DA:117,0
DA:118,0
DA:119,0
DA:120,0
DA:126,0
DA:127,0
DA:132,0
DA:133,0
DA:134,0
DA:135,0
DA:138,0
DA:139,0
DA:141,0
DA:146,0
DA:151,0
DA:154,0
DA:155,0
DA:159,0
DA:164,0
DA:168,0
DA:169,0
DA:173,0
DA:174,0
DA:175,0
DA:177,0
DA:178,0
DA:183,0
DA:184,0
DA:186,0
DA:187,0
DA:192,0
DA:195,0
DA:197,0
DA:201,0
DA:203,0
DA:205,0
DA:210,0
DA:212,0
DA:218,12
LF:66
LH:3
BRDA:104,0,0,0
BRDA:104,0,1,0
BRDA:114,1,0,0
BRDA:114,1,1,0
BRDA:117,2,0,0
BRDA:133,3,0,0
BRDA:133,3,1,0
BRDA:173,4,0,0
BRDA:173,4,1,0
BRDA:186,5,0,0
BRDA:186,6,0,0
BRDA:186,6,1,0
BRDA:193,7,0,0
BRDA:193,7,1,0
BRDA:197,8,0,0
BRDA:197,8,1,0
BRDA:205,9,0,0
BRDA:205,9,1,0
BRDA:206,10,0,0
BRDA:206,10,1,0
BRDA:206,10,2,0
BRDA:4,11,0,0
BRDA:4,11,1,0
BRDA:6,12,0,0
BRDA:6,12,1,0
BRDA:10,13,0,0
BRDA:10,13,1,0
BRDA:16,14,0,0
BRDA:16,14,1,0
BRDA:17,15,0,0
BRDA:17,15,1,0
BRDA:26,16,0,0
BRDA:26,16,1,0
BRDA:26,17,0,0
BRDA:26,17,1,0
BRDA:38,18,0,0
BRDA:38,18,1,0
BRDA:43,19,0,0
BRDA:43,19,1,0
BRDA:50,20,0,0
BRDA:50,20,1,0
BRDA:51,21,0,0
BRDA:51,21,1,0
BRF:43
BRH:0
end_of_record
TN:
SF:src/components/text/edit-virtual-artefact-text.vue
FN:54,(anonymous_0)
FN:58,(anonymous_1)
FN:72,(anonymous_2)
FN:86,(anonymous_3)
FN:90,(anonymous_4)
FN:100,(anonymous_5)
FN:105,(anonymous_6)
FN:7,(anonymous_9)
FN:10,(anonymous_11)
FN:13,(anonymous_12)
FN:26,(anonymous_15)
FNF:11
FNH:0
FNDA:0,(anonymous_0)
FNDA:0,(anonymous_1)
FNDA:0,(anonymous_2)
FNDA:0,(anonymous_3)
FNDA:0,(anonymous_4)
FNDA:0,(anonymous_5)
FNDA:0,(anonymous_6)
FNDA:0,(anonymous_9)
FNDA:0,(anonymous_11)
FNDA:0,(anonymous_12)
FNDA:0,(anonymous_15)
DA:2,12
DA:7,0
DA:10,0
DA:13,0
DA:20,12
DA:26,0
DA:45,12
DA:49,0
DA:50,0
DA:55,0
DA:60,0
DA:61,0
DA:63,0
DA:65,0
DA:68,0
DA:69,0
DA:74,0
DA:75,0
DA:78,0
DA:80,0
DA:81,0
DA:83,0
DA:87,0
DA:93,0
DA:94,0
DA:97,0
DA:98,0
DA:100,0
DA:101,0
DA:106,0
DA:107,0
DA:109,0
DA:110,0
DA:111,0
DA:115,0
DA:119,12
LF:36
LH:4
BRDA:60,0,0,0
BRDA:74,1,0,0
BRDA:93,2,0,0
BRDA:110,3,0,0
BRDA:7,4,0,0
BRDA:7,4,1,0
BRDA:10,5,0,0
BRDA:10,5,1,0
BRDA:13,6,0,0
BRDA:13,6,1,0
BRDA:26,7,0,0
BRDA:26,7,1,0
BRF:12
BRH:0
end_of_record
TN:
SF:src/components/text/text-fragment.vue
FNF:0
FNH:0
DA:4,12
DA:22,12
DA:29,12
DA:30,12
DA:33,12
LF:5
LH:5
BRF:0
BRH:0
end_of_record
TN:
SF:src/components/text/text-line.vue
FN:199,(anonymous_0)
FN:202,(anonymous_1)
FN:206,(anonymous_2)
FN:207,(anonymous_3)
FN:227,(anonymous_4)
FN:232,(anonymous_5)
FN:236,(anonymous_6)
FN:242,(anonymous_7)
FN:249,(anonymous_8)
FN:258,(anonymous_9)
FN:266,(anonymous_10)
FN:282,(anonymous_11)
FN:291,(anonymous_12)
FN:321,(anonymous_13)
FN:331,(anonymous_14)
FN:335,(anonymous_15)
FN:6,(anonymous_17)
FN:12,(anonymous_18)
FN:13,(anonymous_19)
FN:14,(anonymous_20)
FN:45,(anonymous_22)
FN:51,(anonymous_24)
FN:55,(anonymous_25)
FN:60,(anonymous_26)
FN:65,(anonymous_27)
FN:70,(anonymous_28)
FN:75,(anonymous_29)
FN:78,(anonymous_30)
FN:85,(anonymous_31)
FN:121,(anonymous_36)
FN:151,(anonymous_41)
FNF:31
FNH:0
FNDA:0,(anonymous_0)
FNDA:0,(anonymous_1)
FNDA:0,(anonymous_2)
FNDA:0,(anonymous_3)
FNDA:0,(anonymous_4)
FNDA:0,(anonymous_5)
FNDA:0,(anonymous_6)
FNDA:0,(anonymous_7)
FNDA:0,(anonymous_8)
FNDA:0,(anonymous_9)
FNDA:0,(anonymous_10)
FNDA:0,(anonymous_11)
FNDA:0,(anonymous_12)
FNDA:0,(anonymous_13)
FNDA:0,(anonymous_14)
FNDA:0,(anonymous_15)
FNDA:0,(anonymous_17)
FNDA:0,(anonymous_18)
FNDA:0,(anonymous_19)
FNDA:0,(anonymous_20)
FNDA:0,(anonymous_22)
FNDA:0,(anonymous_24)
FNDA:0,(anonymous_25)
FNDA:0,(anonymous_26)
FNDA:0,(anonymous_27)
FNDA:0,(anonymous_28)
FNDA:0,(anonymous_29)
FNDA:0,(anonymous_30)
FNDA:0,(anonymous_31)
FNDA:0,(anonymous_36)
FNDA:0,(anonymous_41)
DA:6,0
DA:12,0
DA:13,0
DA:14,0
DA:45,0
DA:51,0
DA:55,0
DA:60,0
DA:65,0
DA:70,0
DA:75,0
DA:78,0
DA:85,0
DA:89,12
DA:107,0
DA:109,12
DA:121,0
DA:125,12
DA:151,0
DA:179,12
DA:187,12
DA:188,12
DA:189,12
DA:193,0
DA:194,0
DA:195,0
DA:196,0
DA:197,0
DA:200,0
DA:203,0
DA:204,0
DA:205,0
DA:206,0
DA:207,0
DA:209,0
DA:210,0
DA:211,0
DA:212,0
DA:217,0
DA:218,0
DA:227,12
DA:229,0
DA:233,0
DA:234,0
DA:237,0
DA:240,0
DA:243,0
DA:244,0
DA:247,0
DA:250,0
DA:253,0
DA:259,0
DA:260,0
DA:263,0
DA:267,0
DA:270,0
DA:271,0
DA:272,0
DA:273,0
DA:275,0
DA:276,0
DA:279,0
DA:283,0
DA:284,0
DA:285,0
DA:286,0
DA:287,0
DA:288,0
DA:291,0
DA:292,0
DA:294,0
DA:295,0
DA:296,0
DA:297,0
DA:298,0
DA:302,0
DA:303,0
DA:304,0
DA:306,0
DA:322,0
DA:323,0
DA:326,0
DA:328,0
DA:329,0
DA:333,0
DA:336,0
DA:339,12
LF:87
LH:9
BRDA:205,0,0,0
BRDA:209,1,0,0
BRDA:212,2,0,0
BRDA:213,3,0,0
BRDA:213,3,1,0
BRDA:213,3,2,0
BRDA:268,4,0,0
BRDA:268,4,1,0
BRDA:271,5,0,0
BRDA:272,6,0,0
BRDA:285,7,0,0
BRDA:296,8,0,0
BRDA:322,9,0,0
BRDA:6,10,0,0
BRDA:6,10,1,0
BRDA:12,11,0,0
BRDA:12,11,1,0
BRDA:13,12,0,0
BRDA:13,12,1,0
BRDA:14,13,0,0
BRDA:14,13,1,0
BRDA:45,14,0,0
BRDA:45,14,1,0
BRDA:51,15,0,0
BRDA:51,15,1,0
BRDA:55,16,0,0
BRDA:55,16,1,0
BRDA:60,17,0,0
BRDA:60,17,1,0
BRDA:65,18,0,0
BRDA:65,18,1,0
BRDA:70,19,0,0
BRDA:70,19,1,0
BRDA:75,20,0,0
BRDA:75,20,1,0
BRDA:78,21,0,0
BRDA:78,21,1,0
BRDA:85,22,0,0
BRDA:85,22,1,0
BRDA:102,23,0,0
BRDA:102,23,1,0
BRDA:103,24,0,0
BRDA:103,24,1,0
BRDA:103,25,0,0
BRDA:103,25,1,0
BRDA:115,26,0,0
BRDA:115,26,1,0
BRDA:115,27,0,0
BRDA:115,27,1,0
BRDA:115,28,0,0
BRDA:115,28,1,0
BRDA:117,29,0,0
BRDA:117,29,1,0
BRDA:121,30,0,0
BRDA:121,30,1,0
BRDA:138,31,0,0
BRDA:138,31,1,0
BRDA:151,32,0,0
BRDA:151,32,1,0
BRDA:156,33,0,0
BRDA:156,33,1,0
BRDA:158,34,0,0
BRDA:158,34,1,0
BRF:63
BRH:0
end_of_record
TN:
SF:src/components/text/text-sign.vue
FN:124,(anonymous_0)
FN:128,(anonymous_1)
FN:133,(anonymous_2)
FN:137,(anonymous_3)
FN:141,(anonymous_4)
FN:145,(anonymous_5)
FN:149,(anonymous_6)
FN:151,(anonymous_7)
FN:159,(anonymous_8)
FN:172,(anonymous_9)
FN:173,(anonymous_10)
FN:178,(anonymous_11)
FN:182,(anonymous_12)
FN:183,(anonymous_13)
FN:196,(anonymous_14)
FN:212,(anonymous_15)
FN:217,(anonymous_16)
FN:222,(anonymous_17)
FN:231,(anonymous_18)
FN:241,(anonymous_19)
FN:251,(anonymous_20)
FN:268,(anonymous_21)
FN:273,(anonymous_22)
FN:278,(anonymous_23)
FN:9,(anonymous_25)
FN:10,(anonymous_26)
FN:67,(anonymous_27)
FN:92,(anonymous_31)
FN:93,(anonymous_32)
FNF:29
FNH:0
FNDA:0,(anonymous_0)
FNDA:0,(anonymous_1)
FNDA:0,(anonymous_2)
FNDA:0,(anonymous_3)
FNDA:0,(anonymous_4)
FNDA:0,(anonymous_5)
FNDA:0,(anonymous_6)
FNDA:0,(anonymous_7)
FNDA:0,(anonymous_8)
FNDA:0,(anonymous_9)
FNDA:0,(anonymous_10)
FNDA:0,(anonymous_11)
FNDA:0,(anonymous_12)
FNDA:0,(anonymous_13)
FNDA:0,(anonymous_14)
FNDA:0,(anonymous_15)
FNDA:0,(anonymous_16)
FNDA:0,(anonymous_17)
FNDA:0,(anonymous_18)
FNDA:0,(anonymous_19)
FNDA:0,(anonymous_20)
FNDA:0,(anonymous_21)
FNDA:0,(anonymous_22)
FNDA:0,(anonymous_23)
FNDA:0,(anonymous_25)
FNDA:0,(anonymous_26)
FNDA:0,(anonymous_27)
FNDA:0,(anonymous_31)
FNDA:0,(anonymous_32)
DA:2,12
DA:9,0
DA:10,0
DA:67,0
DA:80,0
DA:92,0
DA:93,0
DA:113,12
DA:117,12
DA:118,12
DA:119,0
DA:120,0
DA:121,0
DA:122,0
DA:125,0
DA:129,0
DA:134,0
DA:138,0
DA:142,0
DA:145,0
DA:150,0
DA:152,0
DA:160,0
DA:161,0
DA:164,0
DA:165,0
DA:166,0
DA:169,0
DA:173,0
DA:174,0
DA:176,0
DA:179,0
DA:183,0
DA:184,0
DA:186,0
DA:188,0
DA:189,0
DA:191,0
DA:193,0
DA:197,0
DA:198,0
DA:200,0
DA:213,0
DA:214,0
DA:218,0
DA:219,0
DA:223,0
DA:225,0
DA:227,0
DA:228,0
DA:232,0
DA:233,0
DA:234,0
DA:235,0
DA:237,0
DA:243,0
DA:244,0
DA:247,0
DA:248,0
DA:252,0
DA:253,0
DA:256,0
DA:258,0
DA:261,0
DA:268,12
DA:270,0
DA:275,0
DA:279,0
DA:282,12
LF:69
LH:6
BRDA:143,0,0,0
BRDA:143,0,1,0
BRDA:143,0,2,0
BRDA:160,1,0,0
BRDA:165,2,0,0
BRDA:169,3,0,0
BRDA:169,3,1,0
BRDA:176,4,0,0
BRDA:176,4,1,0
BRDA:197,5,0,0
BRDA:197,5,1,0
BRDA:197,6,0,0
BRDA:197,6,1,0
BRDA:232,7,0,0
BRDA:233,8,0,0
BRDA:233,9,0,0
BRDA:233,9,1,0
BRDA:252,10,0,0
BRDA:9,11,0,0
BRDA:9,11,1,0
BRDA:10,12,0,0
BRDA:10,12,1,0
BRDA:67,13,0,0
BRDA:67,13,1,0
BRDA:72,14,0,0
BRDA:72,14,1,0
BRDA:72,15,0,0
BRDA:72,15,1,0
BRDA:72,16,0,0
BRDA:72,16,1,0
BRDA:75,17,0,0
BRDA:75,17,1,0
BRDA:79,18,0,0
BRDA:79,18,1,0
BRDA:84,19,0,0
BRDA:84,19,1,0
BRDA:92,20,0,0
BRDA:92,20,1,0
BRDA:93,21,0,0
BRDA:93,21,1,0
BRF:40
BRH:0
end_of_record
TN:
SF:src/components/toolbars/adjust-image-toolbox.vue
FN:45,(anonymous_0)
FN:5,(anonymous_3)
FNF:2
FNH:0
FNDA:0,(anonymous_0)
FNDA:0,(anonymous_3)
DA:5,0
DA:33,12
DA:41,12
DA:42,12
DA:43,12
DA:48,0
DA:51,12
LF:7
LH:5
BRDA:5,0,0,0
BRDA:5,0,1,0
BRF:2
BRH:0
end_of_record
TN:
SF:src/components/toolbars/copy-edition-toolbox.vue
FN:50,(anonymous_0)
FN:54,(anonymous_1)
FN:60,(anonymous_2)
FN:67,(anonymous_3)
FN:68,(anonymous_4)
FN:69,(anonymous_5)
FN:6,(anonymous_8)
FN:8,(anonymous_9)
FN:21,(anonymous_13)
FN:25,(anonymous_14)
FN:27,(anonymous_15)
FNF:11
FNH:3
FNDA:2,(anonymous_0)
FNDA:0,(anonymous_1)
FNDA:2,(anonymous_2)
FNDA:0,(anonymous_3)
FNDA:0,(anonymous_4)
FNDA:0,(anonymous_5)
FNDA:0,(anonymous_8)
FNDA:2,(anonymous_9)
FNDA:0,(anonymous_13)
FNDA:0,(anonymous_14)
FNDA:0,(anonymous_15)
DA:6,0
DA:8,2
DA:21,0
DA:25,0
DA:27,0
DA:39,12
DA:47,2
DA:48,2
DA:51,2
DA:57,0
DA:61,2
DA:63,2
DA:66,0
DA:67,0
DA:68,0
DA:69,0
DA:73,12
LF:17
LH:8
BRDA:61,0,0,2
BRDA:68,1,0,0
BRDA:68,1,1,0
BRDA:68,1,2,0
BRDA:6,2,0,2
BRDA:6,2,1,2
BRDA:25,3,0,0
BRDA:25,3,1,0
BRF:8
BRH:3
end_of_record
TN:
SF:src/components/toolbars/edition-toolbox.vue
FN:28,(anonymous_0)
FN:32,(anonymous_1)
FN:3,(anonymous_4)
FN:4,(anonymous_5)
FN:6,(anonymous_6)
FN:7,(anonymous_7)
FNF:6
FNH:0
FNDA:0,(anonymous_0)
FNDA:0,(anonymous_1)
FNDA:0,(anonymous_4)
FNDA:0,(anonymous_5)
FNDA:0,(anonymous_6)
FNDA:0,(anonymous_7)
DA:3,0
DA:4,0
DA:6,0
DA:7,0
DA:19,12
DA:29,0
DA:30,0
DA:33,0
DA:34,0
DA:37,12
LF:10
LH:2
BRDA:3,0,0,0
BRDA:3,0,1,0
BRDA:4,1,0,0
BRDA:4,1,1,0
BRDA:6,2,0,0
BRDA:6,2,1,0
BRDA:7,3,0,0
BRDA:7,3,1,0
BRF:8
BRH:0
end_of_record
TN:
SF:src/components/toolbars/font-size-button-toolbox.vue
FN:36,(anonymous_0)
FN:43,(anonymous_1)
FN:50,(anonymous_2)
FN:54,(anonymous_3)
FN:5,(anonymous_6)
FN:11,(anonymous_7)
FNF:6
FNH:0
FNDA:0,(anonymous_0)
FNDA:0,(anonymous_1)
FNDA:0,(anonymous_2)
FNDA:0,(anonymous_3)
FNDA:0,(anonymous_6)
FNDA:0,(anonymous_7)
DA:5,0
DA:11,0
DA:20,12
DA:28,12
DA:30,12
DA:31,12
DA:32,12
DA:34,0
DA:37,0
DA:44,0
DA:51,0
DA:55,0
DA:56,0
DA:59,0
DA:62,12
LF:15
LH:6
BRDA:38,0,0,0
BRDA:38,0,1,0
BRDA:45,1,0,0
BRDA:45,1,1,0
BRDA:5,2,0,0
BRDA:5,2,1,0
BRDA:11,3,0,0
BRDA:11,3,1,0
BRF:8
BRH:0
end_of_record
TN:
SF:src/components/toolbars/rotate-button.vue
FN:27,(anonymous_0)
FN:32,(anonymous_1)
FN:40,(anonymous_2)
FN:48,(anonymous_3)
FN:55,(anonymous_4)
FN:59,(anonymous_5)
FN:63,(anonymous_6)
FN:67,(anonymous_7)
FN:79,(anonymous_8)
FNF:9
FNH:0
FNDA:0,(anonymous_0)
FNDA:0,(anonymous_1)
FNDA:0,(anonymous_2)
FNDA:0,(anonymous_3)
FNDA:0,(anonymous_4)
FNDA:0,(anonymous_5)
FNDA:0,(anonymous_6)
FNDA:0,(anonymous_7)
FNDA:0,(anonymous_8)
DA:17,12
DA:22,12
DA:23,12
DA:24,0
DA:28,0
DA:29,0
DA:33,0
DA:34,0
DA:36,0
DA:41,0
DA:42,0
DA:44,0
DA:49,0
DA:50,0
DA:51,0
DA:54,0
DA:55,0
DA:56,0
DA:60,0
DA:64,0
DA:68,0
DA:71,0
DA:74,0
DA:75,0
DA:76,0
DA:79,12
DA:85,12
LF:27
LH:5
BRDA:33,0,0,0
BRDA:33,0,1,0
BRDA:41,1,0,0
BRDA:41,1,1,0
BRDA:49,2,0,0
BRDA:68,3,0,0
BRF:6
BRH:0
end_of_record
TN:
SF:src/components/toolbars/rotation-toolbox.vue
FN:42,(anonymous_0)
FN:48,(anonymous_1)
FN:52,(anonymous_2)
FN:56,(anonymous_3)
FN:16,(anonymous_5)
FN:6,(anonymous_7)
FN:12,(anonymous_8)
FN:15,(anonymous_9)
FNF:8
FNH:0
FNDA:0,(anonymous_0)
FNDA:0,(anonymous_1)
FNDA:0,(anonymous_2)
FNDA:0,(anonymous_3)
FNDA:0,(anonymous_5)
FNDA:0,(anonymous_7)
FNDA:0,(anonymous_8)
FNDA:0,(anonymous_9)
DA:6,0
DA:12,0
DA:15,0
DA:16,0
DA:27,12
DA:35,12
DA:36,12
DA:37,12
DA:38,12
DA:40,0
DA:43,0
DA:45,0
DA:49,0
DA:53,0
DA:57,0
DA:58,0
DA:60,0
DA:61,0
DA:64,12
LF:19
LH:6
BRDA:40,0,0,0
BRDA:40,0,1,0
BRDA:57,1,0,0
BRDA:6,2,0,0
BRDA:6,2,1,0
BRDA:12,3,0,0
BRDA:12,3,1,0
BRDA:15,4,0,0
BRDA:15,4,1,0
BRF:9
BRH:0
end_of_record
TN:
SF:src/components/toolbars/toolbar-icon-button.vue
FN:27,(anonymous_0)
FN:31,(anonymous_1)
FN:7,(anonymous_3)
FNF:3
FNH:2
FNDA:0,(anonymous_0)
FNDA:32,(anonymous_1)
FNDA:32,(anonymous_3)
DA:7,32
DA:15,12
DA:20,12
DA:21,12
DA:22,12
DA:23,12
DA:24,12
DA:25,12
DA:28,0
DA:32,32
DA:33,32
DA:34,24
DA:36,8
DA:37,8
DA:38,8
DA:42,32
DA:45,12
LF:17
LH:16
BRDA:33,0,0,24
BRDA:33,0,1,8
BRDA:36,1,0,8
BRDA:7,2,0,24
BRDA:7,2,1,8
BRF:5
BRH:5
end_of_record
TN:
SF:src/components/toolbars/toolbar.vue
FN:3,(anonymous_1)
FNF:1
FNH:1
FNDA:2,(anonymous_1)
DA:3,2
DA:9,12
DA:13,12
DA:16,12
LF:4
LH:4
BRF:0
BRH:0
end_of_record
TN:
SF:src/components/toolbars/toolbox.vue
FN:25,(anonymous_0)
FNF:1
FNH:1
FNDA:14,(anonymous_0)
DA:3,12
DA:6,12
DA:16,12
DA:20,12
DA:21,12
DA:22,12
DA:23,12
DA:26,14
DA:27,14
DA:28,14
DA:30,0
DA:33,14
DA:34,0
DA:37,14
DA:40,12
LF:15
LH:13
BRDA:27,0,0,14
BRDA:27,0,1,0
BRDA:33,1,0,0
BRDA:7,2,0,14
BRDA:7,2,1,2
BRF:5
BRH:3
end_of_record
TN:
SF:src/components/toolbars/undo-redo-toolbox.vue
FN:22,(anonymous_0)
FN:26,(anonymous_1)
FN:30,(anonymous_2)
FN:34,(anonymous_3)
FNF:4
FNH:2
FNDA:2,(anonymous_0)
FNDA:2,(anonymous_1)
FNDA:0,(anonymous_2)
FNDA:0,(anonymous_3)
DA:12,12
DA:20,12
DA:23,2
DA:27,2
DA:31,0
DA:35,0
DA:38,12
LF:7
LH:5
BRDA:23,0,0,2
BRDA:23,0,1,2
BRDA:27,1,0,2
BRDA:27,1,1,2
BRF:4
BRH:4
end_of_record
TN:
SF:src/components/toolbars/zoom-toolbox.vue
FN:65,(anonymous_0)
FN:69,(anonymous_1)
FN:79,(anonymous_2)
FN:91,(anonymous_3)
FN:96,(anonymous_4)
FN:101,(anonymous_5)
FN:106,(anonymous_6)
FN:8,(anonymous_10)
FN:14,(anonymous_11)
FN:23,(anonymous_12)
FN:24,(anonymous_13)
FNF:11
FNH:3
FNDA:2,(anonymous_0)
FNDA:0,(anonymous_1)
FNDA:0,(anonymous_2)
FNDA:0,(anonymous_3)
FNDA:2,(anonymous_4)
FNDA:2,(anonymous_5)
FNDA:0,(anonymous_6)
FNDA:0,(anonymous_10)
FNDA:0,(anonymous_11)
FNDA:0,(anonymous_12)
FNDA:0,(anonymous_13)
DA:8,0
DA:14,0
DA:23,0
DA:24,0
DA:34,12
DA:42,12
DA:44,12
DA:45,12
DA:46,12
DA:48,12
DA:50,2
DA:66,2
DA:70,0
DA:71,0
DA:74,0
DA:76,0
DA:80,0
DA:81,0
DA:82,0
DA:83,0
DA:85,0
DA:88,0
DA:92,0
DA:93,0
DA:97,2
DA:102,2
DA:107,0
DA:110,12
LF:28
LH:11
BRDA:50,0,0,2
BRDA:50,0,1,2
BRDA:70,1,0,0
BRDA:80,2,0,0
BRDA:80,2,1,0
BRDA:82,3,0,0
BRDA:82,3,1,0
BRDA:8,4,0,2
BRDA:8,4,1,2
BRDA:9,5,0,2
BRDA:9,5,1,2
BRDA:14,6,0,2
BRDA:14,6,1,2
BRDA:22,7,0,2
BRDA:22,7,1,2
BRDA:23,8,0,2
BRDA:23,8,1,2
BRDA:24,9,0,0
BRDA:24,9,1,0
BRF:19
BRH:12
end_of_record
TN:
SF:src/components/welcome/welcome.vue
FN:142,(anonymous_0)
FN:145,(anonymous_1)
FN:148,(anonymous_2)
FN:159,(anonymous_3)
FN:163,(anonymous_4)
FN:169,(anonymous_5)
FN:12,(anonymous_9)
FN:21,(anonymous_11)
FN:28,(anonymous_12)
FN:31,(anonymous_13)
FN:55,(anonymous_14)
FN:60,(anonymous_15)
FNF:12
FNH:9
FNDA:4,(anonymous_0)
FNDA:0,(anonymous_1)
FNDA:9,(anonymous_2)
FNDA:0,(anonymous_3)
FNDA:0,(anonymous_4)
FNDA:9,(anonymous_5)
FNDA:7,(anonymous_9)
FNDA:7,(anonymous_11)
FNDA:7,(anonymous_12)
FNDA:2,(anonymous_13)
FNDA:9,(anonymous_14)
FNDA:9,(anonymous_15)
DA:2,12
DA:3,12
DA:4,12
DA:5,12
DA:12,7
DA:21,7
DA:25,12
DA:28,7
DA:31,2
DA:35,12
DA:36,12
DA:37,12
DA:53,12
DA:54,12
DA:55,9
DA:57,12
DA:60,9
DA:65,12
DA:66,12
DA:67,12
DA:68,12
DA:77,12
DA:85,12
DA:94,12
DA:95,12
DA:103,12
DA:111,12
DA:120,12
DA:121,12
DA:137,12
DA:141,9
DA:143,4
DA:146,0
DA:149,9
DA:150,2
DA:156,7
DA:160,0
DA:164,0
DA:165,0
DA:166,0
DA:170,9
DA:171,9
DA:172,9
DA:175,0
DA:178,12
LF:45
LH:39
BRDA:149,0,0,2
BRDA:171,1,0,9
BRDA:6,2,0,14
BRDA:6,2,1,9
BRDA:14,3,0,7
BRDA:14,3,1,2
BRDA:32,4,0,12
BRDA:32,4,1,2
BRDA:28,5,0,7
BRDA:28,5,1,7
BRDA:31,6,0,2
BRDA:31,6,1,2
BRDA:38,7,0,14
BRDA:38,7,1,9
BRDA:39,8,0,14
BRDA:39,8,1,9
BRDA:45,9,0,14
BRDA:45,9,1,9
BRDA:55,10,0,9
BRDA:55,10,1,9
BRDA:60,11,0,9
BRDA:60,11,1,9
BRDA:74,12,0,9
BRDA:82,13,0,9
BRDA:90,14,0,9
BRDA:100,15,0,9
BRDA:108,16,0,9
BRDA:116,17,0,9
BRDA:122,18,0,14
BRDA:122,18,1,9
BRF:30
BRH:30
end_of_record
TN:
SF:src/dtos/sqe-signalr.ts
FN:174,(anonymous_0)
FN:194,(anonymous_1)
FN:205,(anonymous_2)
FN:217,(anonymous_3)
FN:228,(anonymous_4)
FN:239,(anonymous_5)
FN:253,(anonymous_6)
FN:274,(anonymous_7)
FN:285,(anonymous_8)
FN:295,(anonymous_9)
FN:306,(anonymous_10)
FN:319,(anonymous_11)
FN:333,(anonymous_12)
FN:344,(anonymous_13)
FN:360,(anonymous_14)
FN:370,(anonymous_15)
FN:380,(anonymous_16)
FN:390,(anonymous_17)
FN:400,(anonymous_18)
FN:410,(anonymous_19)
FN:420,(anonymous_20)
FN:430,(anonymous_21)
FN:440,(anonymous_22)
FN:451,(anonymous_23)
FN:462,(anonymous_24)
FN:472,(anonymous_25)
FN:482,(anonymous_26)
FN:494,(anonymous_27)
FN:505,(anonymous_28)
FN:519,(anonymous_29)
FN:529,(anonymous_30)
FN:539,(anonymous_31)
FN:550,(anonymous_32)
FN:560,(anonymous_33)
FN:571,(anonymous_34)
FN:582,(anonymous_35)
FN:587,(anonymous_36)
FN:597,(anonymous_37)
FN:610,(anonymous_38)
FN:621,(anonymous_39)
FN:633,(anonymous_40)
FN:645,(anonymous_41)
FN:655,(anonymous_42)
FN:665,(anonymous_43)
FN:675,(anonymous_44)
FN:687,(anonymous_45)
FN:698,(anonymous_46)
FN:709,(anonymous_47)
FN:719,(anonymous_48)
FN:730,(anonymous_49)
FN:741,(anonymous_50)
FN:752,(anonymous_51)
FN:763,(anonymous_52)
FN:775,(anonymous_53)
FN:786,(anonymous_54)
FN:797,(anonymous_55)
FN:808,(anonymous_56)
FN:819,(anonymous_57)
FN:831,(anonymous_58)
FN:842,(anonymous_59)
FN:856,(anonymous_60)
FN:869,(anonymous_61)
FN:883,(anonymous_62)
FN:895,(anonymous_63)
FN:906,(anonymous_64)
FN:916,(anonymous_65)
FN:927,(anonymous_66)
FN:938,(anonymous_67)
FN:949,(anonymous_68)
FN:961,(anonymous_69)
FN:974,(anonymous_70)
FN:992,(anonymous_71)
FN:1010,(anonymous_72)
FN:1031,(anonymous_73)
FN:1043,(anonymous_74)
FN:1055,(anonymous_75)
FN:1067,(anonymous_76)
FN:1079,(anonymous_77)
FN:1093,(anonymous_78)
FN:1105,(anonymous_79)
FN:1122,(anonymous_80)
FN:1133,(anonymous_81)
FN:1145,(anonymous_82)
FN:1155,(anonymous_83)
FN:1166,(anonymous_84)
FN:1177,(anonymous_85)
FN:1191,(anonymous_86)
FN:1204,(anonymous_87)
FN:1218,(anonymous_88)
FN:1232,(anonymous_89)
FN:1245,(anonymous_90)
FN:1262,(anonymous_91)
FN:1279,(anonymous_92)
FN:1292,(anonymous_93)
FN:1303,(anonymous_94)
FN:1313,(anonymous_95)
FN:1323,(anonymous_96)
FN:1337,(anonymous_97)
FN:1347,(anonymous_98)
FN:1357,(anonymous_99)
FN:1367,(anonymous_100)
FN:1377,(anonymous_101)
FN:1388,(anonymous_102)
FN:1398,(anonymous_103)
FN:1408,(anonymous_104)
FN:1420,(anonymous_105)
FN:1431,(anonymous_106)
FN:1442,(anonymous_107)
FN:1454,(anonymous_108)
FN:1464,(anonymous_109)
FN:1474,(anonymous_110)
FN:1484,(anonymous_111)
FN:1496,(anonymous_112)
FN:1504,(anonymous_113)
FN:1513,(anonymous_114)
FN:1521,(anonymous_115)
FN:1530,(anonymous_116)
FN:1538,(anonymous_117)
FN:1547,(anonymous_118)
FN:1555,(anonymous_119)
FN:1564,(anonymous_120)
FN:1572,(anonymous_121)
FN:1581,(anonymous_122)
FN:1589,(anonymous_123)
FN:1598,(anonymous_124)
FN:1606,(anonymous_125)
FN:1615,(anonymous_126)
FN:1623,(anonymous_127)
FN:1632,(anonymous_128)
FN:1640,(anonymous_129)
FN:1649,(anonymous_130)
FN:1657,(anonymous_131)
FN:1666,(anonymous_132)
FN:1674,(anonymous_133)
FN:1683,(anonymous_134)
FN:1691,(anonymous_135)
FN:1700,(anonymous_136)
FN:1708,(anonymous_137)
FN:1717,(anonymous_138)
FN:1725,(anonymous_139)
FN:1734,(anonymous_140)
FN:1742,(anonymous_141)
FN:1751,(anonymous_142)
FN:1759,(anonymous_143)
FN:1768,(anonymous_144)
FN:1776,(anonymous_145)
FN:1785,(anonymous_146)
FN:1793,(anonymous_147)
FN:1802,(anonymous_148)
FN:1810,(anonymous_149)
FN:1819,(anonymous_150)
FN:1827,(anonymous_151)
FN:1836,(anonymous_152)
FN:1844,(anonymous_153)
FN:1853,(anonymous_154)
FN:1861,(anonymous_155)
FN:1870,(anonymous_156)
FN:1878,(anonymous_157)
FN:1887,(anonymous_158)
FN:1895,(anonymous_159)
FN:1904,(anonymous_160)
FN:1912,(anonymous_161)
FN:1921,(anonymous_162)
FN:1929,(anonymous_163)
FN:1938,(anonymous_164)
FN:1946,(anonymous_165)
FN:1955,(anonymous_166)
FN:1963,(anonymous_167)
FN:1972,(anonymous_168)
FN:1980,(anonymous_169)
FN:1989,(anonymous_170)
FN:1997,(anonymous_171)
FN:2006,(anonymous_172)
FN:2014,(anonymous_173)
FN:2023,(anonymous_174)
FN:2031,(anonymous_175)
FN:2040,(anonymous_176)
FN:2048,(anonymous_177)
FN:2057,(anonymous_178)
FN:2065,(anonymous_179)
FN:2074,(anonymous_180)
FN:2082,(anonymous_181)
FN:2091,(anonymous_182)
FN:2099,(anonymous_183)
FN:2108,(anonymous_184)
FN:2116,(anonymous_185)
FN:2125,(anonymous_186)
FN:2133,(anonymous_187)
FN:2142,(anonymous_188)
FN:2150,(anonymous_189)
FN:2159,(anonymous_190)
FN:2167,(anonymous_191)
FNF:192
FNH:2
FNDA:4,(anonymous_0)
FNDA:0,(anonymous_1)
FNDA:0,(anonymous_2)
FNDA:0,(anonymous_3)
FNDA:0,(anonymous_4)
FNDA:0,(anonymous_5)
FNDA:0,(anonymous_6)
FNDA:0,(anonymous_7)
FNDA:0,(anonymous_8)
FNDA:0,(anonymous_9)
FNDA:0,(anonymous_10)
FNDA:0,(anonymous_11)
FNDA:0,(anonymous_12)
FNDA:0,(anonymous_13)
FNDA:0,(anonymous_14)
FNDA:0,(anonymous_15)
FNDA:0,(anonymous_16)
FNDA:0,(anonymous_17)
FNDA:0,(anonymous_18)
FNDA:0,(anonymous_19)
FNDA:0,(anonymous_20)
FNDA:0,(anonymous_21)
FNDA:0,(anonymous_22)
FNDA:0,(anonymous_23)
FNDA:0,(anonymous_24)
FNDA:0,(anonymous_25)
FNDA:0,(anonymous_26)
FNDA:0,(anonymous_27)
FNDA:0,(anonymous_28)
FNDA:0,(anonymous_29)
FNDA:0,(anonymous_30)
FNDA:0,(anonymous_31)
FNDA:0,(anonymous_32)
FNDA:0,(anonymous_33)
FNDA:0,(anonymous_34)
FNDA:0,(anonymous_35)
FNDA:0,(anonymous_36)
FNDA:0,(anonymous_37)
FNDA:0,(anonymous_38)
FNDA:0,(anonymous_39)
FNDA:0,(anonymous_40)
FNDA:0,(anonymous_41)
FNDA:0,(anonymous_42)
FNDA:0,(anonymous_43)
FNDA:0,(anonymous_44)
FNDA:0,(anonymous_45)
FNDA:0,(anonymous_46)
FNDA:0,(anonymous_47)
FNDA:0,(anonymous_48)
FNDA:0,(anonymous_49)
FNDA:0,(anonymous_50)
FNDA:0,(anonymous_51)
FNDA:0,(anonymous_52)
FNDA:0,(anonymous_53)
FNDA:0,(anonymous_54)
FNDA:0,(anonymous_55)
FNDA:0,(anonymous_56)
FNDA:0,(anonymous_57)
FNDA:0,(anonymous_58)
FNDA:0,(anonymous_59)
FNDA:0,(anonymous_60)
FNDA:0,(anonymous_61)
FNDA:0,(anonymous_62)
FNDA:0,(anonymous_63)
FNDA:0,(anonymous_64)
FNDA:0,(anonymous_65)
FNDA:0,(anonymous_66)
FNDA:0,(anonymous_67)
FNDA:0,(anonymous_68)
FNDA:0,(anonymous_69)
FNDA:0,(anonymous_70)
FNDA:0,(anonymous_71)
FNDA:0,(anonymous_72)
FNDA:0,(anonymous_73)
FNDA:0,(anonymous_74)
FNDA:0,(anonymous_75)
FNDA:0,(anonymous_76)
FNDA:0,(anonymous_77)
FNDA:0,(anonymous_78)
FNDA:0,(anonymous_79)
FNDA:0,(anonymous_80)
FNDA:0,(anonymous_81)
FNDA:0,(anonymous_82)
FNDA:0,(anonymous_83)
FNDA:0,(anonymous_84)
FNDA:0,(anonymous_85)
FNDA:0,(anonymous_86)
FNDA:0,(anonymous_87)
FNDA:0,(anonymous_88)
FNDA:0,(anonymous_89)
FNDA:0,(anonymous_90)
FNDA:0,(anonymous_91)
FNDA:0,(anonymous_92)
FNDA:0,(anonymous_93)
FNDA:0,(anonymous_94)
FNDA:0,(anonymous_95)
FNDA:0,(anonymous_96)
FNDA:0,(anonymous_97)
FNDA:0,(anonymous_98)
FNDA:0,(anonymous_99)
FNDA:0,(anonymous_100)
FNDA:0,(anonymous_101)
FNDA:0,(anonymous_102)
FNDA:0,(anonymous_103)
FNDA:0,(anonymous_104)
FNDA:0,(anonymous_105)
FNDA:0,(anonymous_106)
FNDA:0,(anonymous_107)
FNDA:0,(anonymous_108)
FNDA:2,(anonymous_109)
FNDA:0,(anonymous_110)
FNDA:0,(anonymous_111)
FNDA:0,(anonymous_112)
FNDA:0,(anonymous_113)
FNDA:0,(anonymous_114)
FNDA:0,(anonymous_115)
FNDA:0,(anonymous_116)
FNDA:0,(anonymous_117)
FNDA:0,(anonymous_118)
FNDA:0,(anonymous_119)
FNDA:0,(anonymous_120)
FNDA:0,(anonymous_121)
FNDA:0,(anonymous_122)
FNDA:0,(anonymous_123)
FNDA:0,(anonymous_124)
FNDA:0,(anonymous_125)
FNDA:0,(anonymous_126)
FNDA:0,(anonymous_127)
FNDA:0,(anonymous_128)
FNDA:0,(anonymous_129)
FNDA:0,(anonymous_130)
FNDA:0,(anonymous_131)
FNDA:0,(anonymous_132)
FNDA:0,(anonymous_133)
FNDA:0,(anonymous_134)
FNDA:0,(anonymous_135)
FNDA:0,(anonymous_136)
FNDA:0,(anonymous_137)
FNDA:0,(anonymous_138)
FNDA:0,(anonymous_139)
FNDA:0,(anonymous_140)
FNDA:0,(anonymous_141)
FNDA:0,(anonymous_142)
FNDA:0,(anonymous_143)
FNDA:0,(anonymous_144)
FNDA:0,(anonymous_145)
FNDA:0,(anonymous_146)
FNDA:0,(anonymous_147)
FNDA:0,(anonymous_148)
FNDA:0,(anonymous_149)
FNDA:0,(anonymous_150)
FNDA:0,(anonymous_151)
FNDA:0,(anonymous_152)
FNDA:0,(anonymous_153)
FNDA:0,(anonymous_154)
FNDA:0,(anonymous_155)
FNDA:0,(anonymous_156)
FNDA:0,(anonymous_157)
FNDA:0,(anonymous_158)
FNDA:0,(anonymous_159)
FNDA:0,(anonymous_160)
FNDA:0,(anonymous_161)
FNDA:0,(anonymous_162)
FNDA:0,(anonymous_163)
FNDA:0,(anonymous_164)
FNDA:0,(anonymous_165)
FNDA:0,(anonymous_166)
FNDA:0,(anonymous_167)
FNDA:0,(anonymous_168)
FNDA:0,(anonymous_169)
FNDA:0,(anonymous_170)
FNDA:0,(anonymous_171)
FNDA:0,(anonymous_172)
FNDA:0,(anonymous_173)
FNDA:0,(anonymous_174)
FNDA:0,(anonymous_175)
FNDA:0,(anonymous_176)
FNDA:0,(anonymous_177)
FNDA:0,(anonymous_178)
FNDA:0,(anonymous_179)
FNDA:0,(anonymous_180)
FNDA:0,(anonymous_181)
FNDA:0,(anonymous_182)
FNDA:0,(anonymous_183)
FNDA:0,(anonymous_184)
FNDA:0,(anonymous_185)
FNDA:0,(anonymous_186)
FNDA:0,(anonymous_187)
FNDA:0,(anonymous_188)
FNDA:0,(anonymous_189)
FNDA:0,(anonymous_190)
FNDA:0,(anonymous_191)
DA:175,4
DA:195,0
DA:206,0
DA:218,0
DA:229,0
DA:240,0
DA:254,0
DA:275,0
DA:286,0
DA:296,0
DA:307,0
DA:320,0
DA:334,0
DA:345,0
DA:361,0
DA:371,0
DA:381,0
DA:391,0
DA:401,0
DA:411,0
DA:421,0
DA:431,0
DA:441,0
DA:452,0
DA:463,0
DA:473,0
DA:483,0
DA:495,0
DA:506,0
DA:520,0
DA:530,0
DA:540,0
DA:551,0
DA:561,0
DA:572,0
DA:583,0
DA:588,0
DA:598,0
DA:611,0
DA:622,0
DA:634,0
DA:646,0
DA:656,0
DA:666,0
DA:676,0
DA:688,0
DA:699,0
DA:710,0
DA:720,0
DA:731,0
DA:742,0
DA:753,0
DA:764,0
DA:776,0
DA:787,0
DA:798,0
DA:809,0
DA:820,0
DA:832,0
DA:843,0
DA:857,0
DA:870,0
DA:884,0
DA:896,0
DA:907,0
DA:917,0
DA:928,0
DA:939,0
DA:950,0
DA:962,0
DA:975,0
DA:993,0
DA:1011,0
DA:1032,0
DA:1044,0
DA:1056,0
DA:1068,0
DA:1080,0
DA:1094,0
DA:1106,0
DA:1123,0
DA:1134,0
DA:1146,0
DA:1156,0
DA:1167,0
DA:1178,0
DA:1192,0
DA:1205,0
DA:1219,0
DA:1233,0
DA:1246,0
DA:1263,0
DA:1280,0
DA:1293,0
DA:1304,0
DA:1314,0
DA:1324,0
DA:1338,0
DA:1348,0
DA:1358,0
DA:1368,0
DA:1378,0
DA:1389,0
DA:1399,0
DA:1409,0
DA:1421,0
DA:1432,0
DA:1443,0
DA:1455,0
DA:1465,2
DA:1475,0
DA:1485,0
DA:1497,0
DA:1505,0
DA:1514,0
DA:1522,0
DA:1531,0
DA:1539,0
DA:1548,0
DA:1556,0
DA:1565,0
DA:1573,0
DA:1582,0
DA:1590,0
DA:1599,0
DA:1607,0
DA:1616,0
DA:1624,0
DA:1633,0
DA:1641,0
DA:1650,0
DA:1658,0
DA:1667,0
DA:1675,0
DA:1684,0
DA:1692,0
DA:1701,0
DA:1709,0
DA:1718,0
DA:1726,0
DA:1735,0
DA:1743,0
DA:1752,0
DA:1760,0
DA:1769,0
DA:1777,0
DA:1786,0
DA:1794,0
DA:1803,0
DA:1811,0
DA:1820,0
DA:1828,0
DA:1837,0
DA:1845,0
DA:1854,0
DA:1862,0
DA:1871,0
DA:1879,0
DA:1888,0
DA:1896,0
DA:1905,0
DA:1913,0
DA:1922,0
DA:1930,0
DA:1939,0
DA:1947,0
DA:1956,0
DA:1964,0
DA:1973,0
DA:1981,0
DA:1990,0
DA:1998,0
DA:2007,0
DA:2015,0
DA:2024,0
DA:2032,0
DA:2041,0
DA:2049,0
DA:2058,0
DA:2066,0
DA:2075,0
DA:2083,0
DA:2092,0
DA:2100,0
DA:2109,0
DA:2117,0
DA:2126,0
DA:2134,0
DA:2143,0
DA:2151,0
DA:2160,0
DA:2168,0
LF:192
LH:2
BRF:0
BRH:0
end_of_record
TN:
SF:src/i18n/index.ts
FNF:0
FNH:0
DA:4,12
LF:1
LH:1
BRF:0
BRH:0
end_of_record
TN:
SF:src/models/artefact.ts
FN:41,(anonymous_0)
FN:58,(anonymous_1)
FN:64,(anonymous_2)
FN:69,(anonymous_3)
FN:87,(anonymous_4)
FN:119,(anonymous_5)
FN:130,(anonymous_6)
FN:186,(anonymous_7)
FN:191,(anonymous_8)
FN:195,(anonymous_9)
FN:199,(anonymous_10)
FN:210,(anonymous_11)
FNF:12
FNH:4
FNDA:32,(anonymous_0)
FNDA:48,(anonymous_1)
FNDA:16,(anonymous_2)
FNDA:32,(anonymous_3)
FNDA:0,(anonymous_4)
FNDA:0,(anonymous_5)
FNDA:0,(anonymous_6)
FNDA:0,(anonymous_7)
FNDA:0,(anonymous_8)
FNDA:0,(anonymous_9)
FNDA:0,(anonymous_10)
FNDA:0,(anonymous_11)
DA:15,32
DA:16,32
DA:17,32
DA:18,32
DA:19,32
DA:23,32
DA:24,32
DA:25,32
DA:26,32
DA:28,32
DA:35,32
DA:37,32
DA:38,32
DA:39,32
DA:42,32
DA:43,32
DA:44,32
DA:45,32
DA:46,32
DA:50,32
DA:51,32
DA:52,32
DA:53,32
DA:54,32
DA:55,32
DA:59,48
DA:65,16
DA:66,16
DA:71,32
DA:72,0
DA:75,32
DA:76,32
DA:77,32
DA:80,0
DA:82,0
DA:84,0
DA:85,0
DA:87,0
DA:88,0
DA:93,0
DA:94,0
DA:98,0
DA:100,0
DA:104,0
DA:106,0
DA:110,0
DA:112,0
DA:115,0
DA:121,0
DA:123,0
DA:126,0
DA:132,0
DA:135,0
DA:138,0
DA:147,0
DA:157,0
DA:158,0
DA:159,0
DA:160,0
DA:162,0
DA:163,0
DA:168,0
DA:177,0
DA:178,0
DA:180,0
DA:187,0
DA:188,0
DA:192,0
DA:196,0
DA:201,0
DA:202,0
DA:205,0
DA:206,0
DA:211,0
DA:212,0
DA:213,0
DA:214,0
DA:215,0
DA:216,0
DA:217,0
DA:218,0
DA:219,0
DA:220,0
DA:221,0
DA:223,0
LF:85
LH:32
BRDA:44,0,0,32
BRDA:44,0,1,0
BRDA:46,1,0,32
BRDA:46,1,1,32
BRDA:50,2,0,32
BRDA:50,2,1,0
BRDA:55,3,0,16
BRDA:55,3,1,16
BRDA:65,4,0,16
BRDA:65,4,1,0
BRDA:71,5,0,0
BRDA:76,6,0,32
BRDA:88,7,0,0
BRDA:88,7,1,0
BRDA:88,7,2,0
BRDA:88,7,3,0
BRDA:93,8,0,0
BRDA:98,9,0,0
BRDA:104,10,0,0
BRDA:110,11,0,0
BRDA:201,12,0,0
BRDA:205,13,0,0
BRF:22
BRH:8
end_of_record
TN:
SF:src/models/edition.ts
FN:24,(anonymous_0)
FN:32,(anonymous_1)
FN:67,(anonymous_2)
FN:73,(anonymous_3)
FN:77,(anonymous_4)
FN:92,(anonymous_5)
FN:99,(anonymous_6)
FN:104,(anonymous_7)
FN:112,(anonymous_8)
FN:116,(anonymous_9)
FN:120,(anonymous_10)
FN:121,(anonymous_11)
FN:124,(anonymous_12)
FN:125,(anonymous_13)
FN:130,(anonymous_14)
FN:135,(anonymous_15)
FN:170,(anonymous_16)
FN:175,(anonymous_17)
FN:196,(anonymous_18)
FN:205,(anonymous_19)
FN:219,(anonymous_20)
FN:229,(anonymous_21)
FN:243,(anonymous_22)
FN:248,(anonymous_23)
FN:255,(anonymous_24)
FNF:25
FNH:10
FNDA:4128,(anonymous_0)
FNDA:0,(anonymous_1)
FNDA:8367,(anonymous_2)
FNDA:1369,(anonymous_3)
FNDA:0,(anonymous_4)
FNDA:4239,(anonymous_5)
FNDA:4239,(anonymous_6)
FNDA:0,(anonymous_7)
FNDA:2,(anonymous_8)
FNDA:0,(anonymous_9)
FNDA:0,(anonymous_10)
FNDA:0,(anonymous_11)
FNDA:0,(anonymous_12)
FNDA:0,(anonymous_13)
FNDA:0,(anonymous_14)
FNDA:0,(anonymous_15)
FNDA:44,(anonymous_16)
FNDA:4128,(anonymous_17)
FNDA:4239,(anonymous_18)
FNDA:0,(anonymous_19)
FNDA:4128,(anonymous_20)
FNDA:0,(anonymous_21)
FNDA:0,(anonymous_22)
FNDA:0,(anonymous_23)
FNDA:0,(anonymous_24)
DA:25,4128
DA:26,4128
DA:27,4128
DA:35,0
DA:45,0
DA:47,0
DA:48,0
DA:49,0
DA:50,0
DA:52,0
DA:53,0
DA:54,0
DA:56,0
DA:57,0
DA:60,0
DA:68,8367
DA:69,8367
DA:70,8367
DA:74,1369
DA:78,0
DA:79,0
DA:81,0
DA:82,0
DA:84,0
DA:85,0
DA:87,0
DA:93,4239
DA:100,4239
DA:101,4239
DA:105,0
DA:113,2
DA:117,0
DA:121,0
DA:125,0
DA:126,0
DA:131,0
DA:132,0
DA:133,0
DA:135,0
DA:136,0
DA:138,0
DA:160,4128
DA:161,4128
DA:162,4128
DA:165,4128
DA:167,4128
DA:168,4128
DA:172,44
DA:176,4128
DA:177,4128
DA:178,4128
DA:179,4128
DA:180,4128
DA:181,4128
DA:182,4128
DA:185,4128
DA:186,4128
DA:188,4128
DA:189,4128
DA:192,4128
DA:193,3219
DA:195,4128
DA:196,4239
DA:198,4128
DA:199,4128
DA:200,4128
DA:201,4128
DA:202,4128
DA:206,0
DA:207,0
DA:208,0
DA:209,0
DA:210,0
DA:211,0
DA:212,0
DA:213,0
DA:214,0
DA:215,0
DA:216,0
DA:220,4128
DA:221,4106
DA:223,22
DA:228,12
DA:230,0
DA:235,0
DA:238,0
DA:239,0
DA:240,0
DA:241,0
DA:245,0
DA:249,0
DA:250,0
DA:251,0
DA:252,0
DA:256,0
DA:261,0
LF:96
LH:42
BRDA:45,0,0,0
BRDA:45,0,1,0
BRDA:45,0,2,0
BRDA:78,1,0,0
BRDA:81,2,0,0
BRDA:84,3,0,0
BRDA:132,4,0,0
BRDA:185,5,0,4128
BRDA:188,6,0,4128
BRDA:192,7,0,3219
BRDA:195,8,0,4128
BRDA:195,8,1,0
BRDA:220,9,0,4106
BRDA:220,9,1,22
BRF:14
BRH:6
end_of_record
TN:
SF:src/models/image.ts
FN:52,(anonymous_0)
FN:65,(anonymous_1)
FN:69,(anonymous_2)
FN:73,(anonymous_3)
FN:77,(anonymous_4)
FN:81,(anonymous_5)
FN:85,(anonymous_6)
FN:94,(anonymous_7)
FN:123,(anonymous_8)
FN:131,(anonymous_9)
FN:139,(anonymous_10)
FN:155,(anonymous_11)
FN:179,(anonymous_12)
FN:186,(anonymous_13)
FN:203,(anonymous_14)
FN:207,(anonymous_15)
FN:214,(anonymous_16)
FNF:17
FNH:8
FNDA:3255,(anonymous_0)
FNDA:0,(anonymous_1)
FNDA:1066,(anonymous_2)
FNDA:1066,(anonymous_3)
FNDA:0,(anonymous_4)
FNDA:0,(anonymous_5)
FNDA:0,(anonymous_6)
FNDA:0,(anonymous_7)
FNDA:0,(anonymous_8)
FNDA:0,(anonymous_9)
FNDA:1066,(anonymous_10)
FNDA:36,(anonymous_11)
FNDA:36,(anonymous_12)
FNDA:36,(anonymous_13)
FNDA:0,(anonymous_14)
FNDA:0,(anonymous_15)
FNDA:32,(anonymous_16)
DA:53,3255
DA:54,36
DA:55,36
DA:56,36
DA:58,0
DA:61,3255
DA:62,3255
DA:66,0
DA:70,1066
DA:74,1066
DA:78,0
DA:82,0
DA:86,0
DA:95,0
DA:96,0
DA:97,0
DA:100,0
DA:101,0
DA:103,0
DA:104,0
DA:105,0
DA:107,0
DA:109,0
DA:110,0
DA:112,0
DA:113,0
DA:119,0
DA:120,0
DA:124,0
DA:125,0
DA:128,0
DA:132,0
DA:133,0
DA:136,0
DA:140,1066
DA:156,36
DA:157,36
DA:158,36
DA:159,36
DA:160,36
DA:161,36
DA:162,36
DA:163,36
DA:164,36
DA:165,36
DA:168,36
DA:180,36
DA:182,0
DA:184,36
DA:185,36
DA:186,36
DA:188,36
DA:189,0
DA:192,36
DA:193,36
DA:194,36
DA:195,36
DA:196,0
DA:198,36
DA:199,36
DA:204,0
DA:208,0
DA:222,32
DA:235,32
LF:64
LH:33
BRDA:53,0,0,36
BRDA:81,1,0,0
BRDA:85,2,0,0
BRDA:86,3,0,0
BRDA:86,3,1,0
BRDA:95,4,0,0
BRDA:100,5,0,0
BRDA:100,5,1,0
BRDA:101,6,0,0
BRDA:101,6,1,0
BRDA:103,7,0,0
BRDA:109,8,0,0
BRDA:112,9,0,0
BRDA:124,10,0,0
BRDA:132,11,0,0
BRDA:160,12,0,0
BRDA:160,12,1,36
BRDA:161,13,0,0
BRDA:161,13,1,36
BRDA:180,14,0,0
BRDA:180,15,0,36
BRDA:180,15,1,36
BRDA:188,16,0,0
BRDA:195,17,0,0
BRF:24
BRH:5
end_of_record
TN:
SF:src/models/imaged-object.ts
FN:14,(anonymous_0)
FN:18,(anonymous_1)
FN:31,(anonymous_2)
FN:38,(anonymous_3)
FN:39,(anonymous_4)
FNF:5
FNH:1
FNDA:2,(anonymous_0)
FNDA:0,(anonymous_1)
FNDA:0,(anonymous_2)
FNDA:0,(anonymous_3)
FNDA:0,(anonymous_4)
DA:15,2
DA:17,2
DA:18,0
DA:20,2
DA:23,2
DA:24,2
DA:26,2
DA:27,2
DA:32,0
DA:33,0
DA:35,0
DA:39,0
DA:40,0
DA:41,0
LF:14
LH:7
BRDA:17,0,0,0
BRDA:17,0,1,2
BRDA:23,1,0,2
BRDA:23,2,0,2
BRDA:23,2,1,2
BRDA:26,3,0,2
BRDA:26,4,0,2
BRDA:26,4,1,2
BRDA:32,5,0,0
BRF:9
BRH:7
end_of_record
TN:
SF:src/models/misc.ts
FN:10,integrifyPosition
FNF:1
FNH:0
FNDA:0,integrifyPosition
DA:11,0
LF:1
LH:0
BRF:0
BRH:0
end_of_record
TN:
SF:src/models/script.ts
FN:15,(anonymous_0)
FN:29,(anonymous_1)
FN:33,(anonymous_2)
FN:53,(anonymous_3)
FNF:4
FNH:0
FNDA:0,(anonymous_0)
FNDA:0,(anonymous_1)
FNDA:0,(anonymous_2)
FNDA:0,(anonymous_3)
DA:16,0
DA:17,0
DA:18,0
DA:19,0
DA:24,0
DA:25,0
DA:30,0
DA:34,0
DA:35,0
DA:38,0
DA:39,0
DA:42,0
DA:43,0
DA:44,0
DA:45,0
DA:49,0
DA:50,0
DA:54,0
DA:56,0
LF:19
LH:0
BRDA:34,0,0,0
BRDA:42,1,0,0
BRF:2
BRH:0
end_of_record
TN:
SF:src/models/text.ts
FN:26,(anonymous_0)
FN:37,(anonymous_1)
FN:48,(anonymous_2)
FN:63,(anonymous_3)
FN:68,(anonymous_4)
FN:76,(anonymous_5)
FN:94,(anonymous_6)
FN:117,(anonymous_7)
FN:122,(anonymous_8)
FN:128,(anonymous_9)
FN:142,(anonymous_10)
FN:154,(anonymous_11)
FN:162,(anonymous_12)
FN:177,(anonymous_13)
FN:179,(anonymous_14)
FN:192,(anonymous_15)
FN:208,(anonymous_16)
FN:218,(anonymous_17)
FN:226,(anonymous_18)
FN:227,(anonymous_19)
FN:230,(anonymous_20)
FN:234,(anonymous_21)
FN:235,(anonymous_22)
FN:241,(anonymous_23)
FN:242,(anonymous_24)
FN:245,(anonymous_25)
FN:246,(anonymous_26)
FN:251,(anonymous_27)
FN:253,(anonymous_28)
FN:269,(anonymous_29)
FN:278,(anonymous_30)
FN:279,(anonymous_31)
FN:286,(anonymous_32)
FN:287,(anonymous_33)
FN:308,(anonymous_34)
FN:348,(anonymous_35)
FN:367,(anonymous_36)
FN:371,(anonymous_37)
FN:389,(anonymous_38)
FN:393,(anonymous_39)
FNF:40
FNH:12
FNDA:8,(anonymous_0)
FNDA:0,(anonymous_1)
FNDA:0,(anonymous_2)
FNDA:32,(anonymous_3)
FNDA:2066,(anonymous_4)
FNDA:0,(anonymous_5)
FNDA:0,(anonymous_6)
FNDA:8,(anonymous_7)
FNDA:32,(anonymous_8)
FNDA:8,(anonymous_9)
FNDA:2,(anonymous_10)
FNDA:8,(anonymous_11)
FNDA:0,(anonymous_12)
FNDA:2066,(anonymous_13)
FNDA:2066,(anonymous_14)
FNDA:0,(anonymous_15)
FNDA:2066,(anonymous_16)
FNDA:0,(anonymous_17)
FNDA:0,(anonymous_18)
FNDA:0,(anonymous_19)
FNDA:2066,(anonymous_20)
FNDA:0,(anonymous_21)
FNDA:0,(anonymous_22)
FNDA:0,(anonymous_23)
FNDA:0,(anonymous_24)
FNDA:0,(anonymous_25)
FNDA:0,(anonymous_26)
FNDA:0,(anonymous_27)
FNDA:0,(anonymous_28)
FNDA:0,(anonymous_29)
FNDA:0,(anonymous_30)
FNDA:0,(anonymous_31)
FNDA:0,(anonymous_32)
FNDA:0,(anonymous_33)
FNDA:0,(anonymous_34)
FNDA:0,(anonymous_35)
FNDA:0,(anonymous_36)
FNDA:0,(anonymous_37)
FNDA:0,(anonymous_38)
FNDA:0,(anonymous_39)
DA:27,8
DA:28,8
DA:29,8
DA:38,0
DA:44,0
DA:45,0
DA:49,0
DA:50,0
DA:51,0
DA:56,32
DA:57,32
DA:58,32
DA:59,32
DA:64,32
DA:65,32
DA:66,32
DA:67,32
DA:68,2066
DA:70,0
DA:73,32
DA:77,0
DA:78,0
DA:80,0
DA:81,0
DA:82,0
DA:84,0
DA:85,0
DA:88,0
DA:89,0
DA:90,0
DA:95,0
DA:96,0
DA:99,0
DA:100,0
DA:101,0
DA:104,0
DA:105,0
DA:106,0
DA:112,8
DA:113,8
DA:114,8
DA:115,8
DA:118,8
DA:119,8
DA:120,8
DA:121,8
DA:122,32
DA:124,0
DA:130,8
DA:135,2
DA:136,2
DA:137,2
DA:138,2
DA:139,2
DA:140,2
DA:143,2
DA:144,0
DA:145,0
DA:148,2
DA:149,2
DA:150,2
DA:151,2
DA:153,2
DA:154,2
DA:155,8
DA:158,0
DA:163,0
DA:164,0
DA:165,0
DA:166,0
DA:167,0
DA:168,0
DA:173,2066
DA:178,2066
DA:179,2066
DA:180,2066
DA:183,0
DA:185,2066
DA:186,2066
DA:191,12
DA:193,0
DA:194,0
DA:209,2066
DA:210,2066
DA:211,2066
DA:212,2066
DA:213,2066
DA:214,2066
DA:215,2066
DA:217,2066
DA:218,2066
DA:220,0
DA:223,2066
DA:227,0
DA:231,2066
DA:235,0
DA:236,0
DA:237,0
DA:242,0
DA:246,0
DA:253,0
DA:254,0
DA:255,0
DA:265,0
DA:270,0
DA:271,0
DA:274,0
DA:279,0
DA:280,0
DA:281,0
DA:283,0
DA:287,0
DA:288,0
DA:289,0
DA:299,0
DA:300,0
DA:315,0
DA:324,0
DA:325,0
DA:326,0
DA:328,0
DA:331,12
DA:344,0
DA:349,0
DA:350,0
DA:351,0
DA:352,0
DA:353,0
DA:354,0
DA:355,0
DA:360,0
DA:361,0
DA:364,0
DA:368,0
DA:372,0
DA:383,0
DA:384,0
DA:386,0
DA:390,0
DA:394,0
DA:395,0
DA:397,0
DA:399,0
DA:400,0
DA:402,0
DA:405,0
LF:146
LH:56
BRDA:67,0,0,32
BRDA:67,0,1,0
BRDA:77,1,0,0
BRDA:81,2,0,0
BRDA:84,3,0,0
BRDA:95,4,0,0
BRDA:100,5,0,0
BRDA:100,6,0,0
BRDA:100,6,1,0
BRDA:121,7,0,8
BRDA:121,7,1,0
BRDA:143,8,0,0
BRDA:153,9,0,2
BRDA:153,9,1,0
BRDA:178,10,0,2066
BRDA:178,10,1,0
BRDA:213,11,0,2066
BRDA:213,11,1,2066
BRDA:214,12,0,2066
BRDA:214,12,1,0
BRDA:215,13,0,2066
BRDA:215,13,1,0
BRDA:217,14,0,2066
BRDA:217,14,1,0
BRDA:236,15,0,0
BRDA:254,16,0,0
BRDA:270,17,0,0
BRDA:270,18,0,0
BRDA:270,18,1,0
BRDA:270,18,2,0
BRDA:280,19,0,0
BRDA:281,20,0,0
BRDA:281,20,1,0
BRDA:281,21,0,0
BRDA:281,21,1,0
BRDA:288,22,0,0
BRDA:288,22,1,0
BRDA:313,23,0,0
BRDA:360,24,0,0
BRDA:368,25,0,0
BRDA:368,25,1,0
BRDA:394,26,0,0
BRDA:397,27,0,0
BRDA:397,27,1,0
BRDA:400,28,0,0
BRF:45
BRH:9
end_of_record
TN:
SF:src/plugins/rendering-optimization.ts
FN:4,(anonymous_0)
FN:8,(anonymous_1)
FN:19,(anonymous_2)
FNF:3
FNH:2
FNDA:12,(anonymous_0)
FNDA:0,(anonymous_1)
FNDA:12,(anonymous_2)
DA:4,12
DA:9,0
DA:21,12
LF:3
LH:2
BRF:0
BRH:0
end_of_record
TN:
SF:src/services/api-routes.ts
FN:20,allEditionsUrl
FN:24,manuscriptEditions
FN:28,editionUrl
FN:46,editionArtefactUrl
FN:55,allEditionArtefactMasksUrl
FN:59,editionMetadataUrl
FN:63,editionFullTextUrl
FN:67,editionRequestEditor
FN:71,confirmAddEditionEditorUrl
FN:75,editionUpdateEditor
FN:79,listInvitationEditionUrl
FN:83,allEditionArtefactsUrl
FN:93,editionImagedObjectUrl
FN:104,allEditionImagedObjectsUrl
FN:114,loginUrl
FN:118,usersUrl
FN:122,forgotPasswordUrl
FN:126,changePasswordUrl
FN:130,changeForgottenPasswordUrl
FN:134,confirmRegistartionUrl
FN:138,allEditionTextFragmentsUrl
FN:142,artefactTextFragmentsUrl
FN:152,editionTextFragmentUrl
FN:159,batchCreateRoisUrl
FN:163,createLine
FN:166,deleteLine
FN:170,batchEditRoisUrl
FN:174,roiUrl
FN:178,repairPolygonUrl
FN:182,batchUpdateArtefactDTOs
FN:186,artefactGroupUrl
FN:195,editionAttributeMetadataUrl
FN:199,attributeUrl
FN:213,signInterpretationCommentaryUrl
FN:222,signInterpretationUrl
FN:234,signInterpretationCharacterUrl
FN:243,searchUrl
FN:247,lineText
FN:253,qwbWordVariantUrl
FN:259,qwbParallelTextUrl
FN:268,qwbBibliographyUrl
FN:274,editionScirbalFontUrl
FN:280,diffReplaceTranscription
FN:289,diffReplaceText
FN:295,reportProblemUrl
FNF:45
FNH:13
FNDA:5,allEditionsUrl
FNDA:2,manuscriptEditions
FNDA:0,editionUrl
FNDA:16,editionArtefactUrl
FNDA:0,allEditionArtefactMasksUrl
FNDA:2,editionMetadataUrl
FNDA:2,editionFullTextUrl
FNDA:0,editionRequestEditor
FNDA:0,confirmAddEditionEditorUrl
FNDA:0,editionUpdateEditor
FNDA:0,listInvitationEditionUrl
FNDA:2,allEditionArtefactsUrl
FNDA:0,editionImagedObjectUrl
FNDA:2,allEditionImagedObjectsUrl
FNDA:4,loginUrl
FNDA:4,usersUrl
FNDA:0,forgotPasswordUrl
FNDA:0,changePasswordUrl
FNDA:0,changeForgottenPasswordUrl
FNDA:0,confirmRegistartionUrl
FNDA:2,allEditionTextFragmentsUrl
FNDA:0,artefactTextFragmentsUrl
FNDA:0,editionTextFragmentUrl
FNDA:0,batchCreateRoisUrl
FNDA:0,createLine
FNDA:0,deleteLine
FNDA:0,batchEditRoisUrl
FNDA:0,roiUrl
FNDA:0,repairPolygonUrl
FNDA:0,batchUpdateArtefactDTOs
FNDA:2,artefactGroupUrl
FNDA:2,editionAttributeMetadataUrl
FNDA:0,attributeUrl
FNDA:0,signInterpretationCommentaryUrl
FNDA:0,signInterpretationUrl
FNDA:0,signInterpretationCharacterUrl
FNDA:0,searchUrl
FNDA:0,lineText
FNDA:0,qwbWordVariantUrl
FNDA:0,qwbParallelTextUrl
FNDA:0,qwbBibliographyUrl
FNDA:2,editionScirbalFontUrl
FNDA:0,diffReplaceTranscription
FNDA:0,diffReplaceText
FNDA:0,reportProblemUrl
DA:2,12
DA:3,12
DA:4,12
DA:5,12
DA:6,12
DA:7,12
DA:8,12
DA:9,12
DA:10,12
DA:11,12
DA:12,12
DA:13,12
DA:14,12
DA:15,12
DA:16,12
DA:17,12
DA:18,12
DA:21,5
DA:25,2
DA:33,0
DA:34,0
DA:35,0
DA:36,0
DA:38,0
DA:39,0
DA:41,0
DA:51,16
DA:52,16
DA:56,0
[...]
BRDA:660,41,0,0
BRDA:660,41,1,0
BRDA:681,42,0,0
BRDA:692,43,0,0
BRDA:704,44,0,0
BRDA:715,45,0,0
BRDA:736,46,0,0
BRDA:747,47,0,0
BRDA:747,47,1,0
BRDA:751,48,0,0
BRDA:751,48,1,0
BRDA:752,49,0,0
BRDA:752,49,1,0
BRDA:753,50,0,0
BRDA:753,50,1,0
BRDA:762,51,0,0
BRDA:772,52,0,0
BRDA:797,53,0,0
BRDA:804,54,0,0
BRDA:809,55,0,0
BRDA:820,56,0,0
BRDA:820,56,1,0
BRDA:825,57,0,0
BRDA:825,57,1,0
BRDA:825,57,2,0
BRDA:825,57,3,0
BRDA:825,57,4,0
BRDA:825,57,5,0
BRDA:825,57,6,0
BRDA:825,57,7,0
BRDA:825,57,8,0
BRDA:854,58,0,0
BRDA:861,59,0,0
BRDA:867,60,0,0
BRDA:3,61,0,2
BRDA:3,61,1,4
BRDA:6,62,0,4
BRDA:6,62,1,2
BRDA:6,63,0,0
BRDA:6,63,1,0
BRDA:6,64,0,4
BRDA:6,64,1,2
BRDA:6,65,0,0
BRDA:6,65,1,0
BRDA:6,66,0,4
BRDA:6,66,1,2
BRDA:6,67,0,0
BRDA:6,67,1,0
BRDA:11,68,0,4
BRDA:11,68,1,2
BRDA:12,69,0,4
BRDA:12,69,1,2
BRDA:13,70,0,4
BRDA:13,70,1,2
BRDA:20,71,0,4
BRDA:20,71,1,2
BRDA:20,72,0,0
BRDA:20,72,1,0
BRDA:33,73,0,4
BRDA:33,73,1,2
BRDA:34,74,0,4
BRDA:34,74,1,2
BRDA:35,75,0,4
BRDA:35,75,1,2
BRDA:36,76,0,4
BRDA:36,76,1,2
BRDA:60,77,0,0
BRDA:61,78,0,0
BRDA:61,78,1,0
BRDA:71,79,0,4
BRDA:71,79,1,2
BRDA:72,80,0,4
BRDA:72,80,1,2
BRDA:73,81,0,4
BRDA:73,81,1,2
BRF:143
BRH:36
end_of_record
TN:
SF:src/views/scroll-editor/scroll-map.vue
FN:48,(anonymous_0)
FN:49,(anonymous_1)
FN:53,(anonymous_2)
FN:59,(anonymous_3)
FN:63,(anonymous_4)
FN:67,(anonymous_5)
FN:71,(anonymous_6)
FN:79,(anonymous_7)
FN:83,(anonymous_8)
FN:88,(anonymous_9)
FN:92,(anonymous_10)
FN:98,(anonymous_11)
FN:102,(anonymous_12)
FN:106,(anonymous_13)
FN:112,(anonymous_14)
FN:118,(anonymous_15)
FN:121,(anonymous_16)
FN:122,(anonymous_17)
FN:125,(anonymous_18)
FN:130,(anonymous_19)
FN:143,(anonymous_20)
FN:9,(anonymous_22)
FNF:22
FNH:15
FNDA:2,(anonymous_0)
FNDA:2,(anonymous_1)
FNDA:2,(anonymous_2)
FNDA:0,(anonymous_3)
FNDA:2,(anonymous_4)
FNDA:2,(anonymous_5)
FNDA:6,(anonymous_6)
FNDA:4,(anonymous_7)
FNDA:2,(anonymous_8)
FNDA:4,(anonymous_9)
FNDA:2,(anonymous_10)
FNDA:0,(anonymous_11)
FNDA:0,(anonymous_12)
FNDA:2,(anonymous_13)
FNDA:2,(anonymous_14)
FNDA:2,(anonymous_15)
FNDA:32,(anonymous_16)
FNDA:33,(anonymous_17)
FNDA:0,(anonymous_18)
FNDA:0,(anonymous_19)
FNDA:0,(anonymous_20)
FNDA:0,(anonymous_22)
DA:9,0
DA:36,12
DA:43,2
DA:44,2
DA:46,2
DA:49,2
DA:50,2
DA:54,2
DA:55,2
DA:56,2
DA:60,0
DA:64,2
DA:68,2
DA:71,12
DA:73,6
DA:74,6
DA:76,6
DA:80,4
DA:84,2
DA:89,4
DA:93,2
DA:99,0
DA:103,0
DA:107,2
DA:113,2
DA:119,2
DA:120,2
DA:121,32
DA:122,33
DA:126,0
DA:127,0
DA:133,0
DA:134,0
DA:135,0
DA:136,0
DA:137,0
DA:138,0
DA:140,0
DA:143,12
DA:145,0
DA:148,12
LF:41
LH:27
BRDA:122,0,0,15
BRDA:122,0,1,18
BRDA:9,1,0,2
BRDA:9,1,1,2
BRDA:9,2,0,0
BRDA:9,2,1,0
BRDA:13,3,0,0
BRDA:13,3,1,2
BRF:8
BRH:5
end_of_record
TN:
SF:src/views/scroll-editor/scroll-ruler.vue
FN:69,(anonymous_0)
FN:73,(anonymous_1)
FNF:2
FNH:2
FNDA:2,(anonymous_0)
FNDA:2,(anonymous_1)
DA:3,12
DA:4,12
DA:26,12
DA:27,12
DA:44,12
DA:48,12
DA:53,12
DA:56,12
DA:59,12
DA:62,12
DA:65,12
DA:70,2
DA:74,2
DA:77,12
LF:14
LH:14
BRDA:11,0,0,200
BRDA:11,0,1,1800
BRDA:34,1,0,100
BRDA:34,1,1,900
BRF:4
BRH:4
end_of_record
TN:
SF:src/views/scroll-editor/scroll-top-toolbar.vue
FN:175,(anonymous_0)
FN:182,(anonymous_1)
FN:187,(anonymous_2)
FN:194,(anonymous_3)
FN:198,(anonymous_4)
FN:205,(anonymous_5)
FN:209,(anonymous_6)
FN:215,(anonymous_7)
FN:221,(anonymous_8)
FN:225,(anonymous_9)
FN:257,(anonymous_10)
FN:261,(anonymous_11)
FN:265,(anonymous_12)
FN:269,(anonymous_13)
FN:273,(anonymous_14)
FN:277,(anonymous_15)
FN:281,(anonymous_16)
FN:282,(anonymous_17)
FN:285,(anonymous_18)
FN:289,(anonymous_19)
FN:293,(anonymous_20)
FN:297,(anonymous_21)
FN:315,(anonymous_22)
FN:332,(anonymous_23)
FN:334,(anonymous_24)
FN:337,(anonymous_25)
FN:340,(anonymous_26)
FN:345,(anonymous_27)
FN:356,(anonymous_28)
FN:364,(anonymous_29)
FN:380,(anonymous_30)
FN:398,(anonymous_31)
FN:422,(anonymous_32)
FN:445,(anonymous_33)
FN:468,(anonymous_34)
FN:489,(anonymous_35)
FN:516,(anonymous_36)
FN:527,(anonymous_37)
FN:546,(anonymous_38)
FN:559,(anonymous_39)
FN:6,(anonymous_44)
FN:8,(anonymous_45)
FN:13,(anonymous_46)
FN:14,(anonymous_47)
FN:22,(anonymous_48)
FN:24,(anonymous_49)
FN:32,(anonymous_52)
FN:38,(anonymous_53)
FN:51,(anonymous_55)
FN:63,(anonymous_58)
FN:69,(anonymous_59)
FN:76,(anonymous_61)
FN:95,(anonymous_64)
FN:101,(anonymous_65)
FN:107,(anonymous_66)
FN:113,(anonymous_67)
FN:120,(anonymous_69)
FNF:57
FNH:7
FNDA:0,(anonymous_0)
FNDA:0,(anonymous_1)
FNDA:2,(anonymous_2)
FNDA:0,(anonymous_3)
FNDA:2,(anonymous_4)
FNDA:0,(anonymous_5)
FNDA:0,(anonymous_6)
FNDA:0,(anonymous_7)
FNDA:0,(anonymous_8)
FNDA:0,(anonymous_9)
FNDA:0,(anonymous_10)
FNDA:2,(anonymous_11)
FNDA:2,(anonymous_12)
FNDA:0,(anonymous_13)
FNDA:0,(anonymous_14)
FNDA:2,(anonymous_15)
FNDA:2,(anonymous_16)
FNDA:0,(anonymous_17)
FNDA:2,(anonymous_18)
FNDA:0,(anonymous_19)
FNDA:0,(anonymous_20)
FNDA:0,(anonymous_21)
FNDA:0,(anonymous_22)
FNDA:0,(anonymous_23)
FNDA:0,(anonymous_24)
FNDA:0,(anonymous_25)
FNDA:0,(anonymous_26)
FNDA:0,(anonymous_27)
FNDA:0,(anonymous_28)
FNDA:0,(anonymous_29)
FNDA:0,(anonymous_30)
FNDA:0,(anonymous_31)
FNDA:0,(anonymous_32)
FNDA:0,(anonymous_33)
FNDA:0,(anonymous_34)
FNDA:0,(anonymous_35)
FNDA:0,(anonymous_36)
FNDA:0,(anonymous_37)
FNDA:0,(anonymous_38)
FNDA:0,(anonymous_39)
FNDA:0,(anonymous_44)
FNDA:0,(anonymous_45)
FNDA:0,(anonymous_46)
FNDA:0,(anonymous_47)
FNDA:0,(anonymous_48)
FNDA:0,(anonymous_49)
FNDA:0,(anonymous_52)
FNDA:0,(anonymous_53)
FNDA:0,(anonymous_55)
FNDA:0,(anonymous_58)
FNDA:0,(anonymous_59)
FNDA:0,(anonymous_61)
FNDA:0,(anonymous_64)
FNDA:0,(anonymous_65)
FNDA:0,(anonymous_66)
FNDA:0,(anonymous_67)
FNDA:0,(anonymous_69)
DA:6,0
DA:8,0
DA:13,0
DA:14,0
DA:22,0
DA:24,0
DA:32,0
DA:38,0
DA:51,0
DA:63,0
DA:69,0
DA:76,0
DA:95,0
DA:101,0
DA:107,0
DA:113,0
DA:120,0
DA:160,12
DA:173,12
DA:175,12
DA:177,0
DA:180,2
DA:183,0
DA:184,0
DA:188,2
DA:195,0
DA:199,2
DA:206,0
DA:210,0
DA:216,0
DA:222,0
DA:226,0
DA:228,0
DA:229,0
DA:231,0
DA:232,0
DA:234,0
DA:235,0
DA:237,0
DA:238,0
DA:241,0
DA:242,0
DA:245,0
DA:246,0
DA:249,0
DA:250,0
DA:252,0
DA:253,0
DA:258,0
DA:262,2
DA:266,2
DA:270,0
DA:274,0
DA:278,2
DA:282,2
DA:286,2
DA:290,0
DA:294,0
DA:298,0
DA:301,0
DA:302,0
DA:304,0
DA:305,0
DA:311,0
DA:314,0
DA:315,0
DA:316,0
DA:317,0
DA:318,0
DA:322,0
DA:329,0
DA:333,0
DA:334,0
DA:336,0
DA:337,0
DA:339,0
DA:341,0
DA:344,0
DA:346,0
DA:350,0
DA:351,0
DA:353,0
DA:358,0
DA:359,0
DA:361,0
DA:365,0
DA:366,0
DA:367,0
DA:368,0
DA:370,0
DA:371,0
DA:372,0
DA:373,0
DA:379,0
DA:380,0
DA:381,0
DA:383,0
DA:384,0
DA:385,0
DA:386,0
DA:390,0
DA:395,0
DA:403,0
DA:404,0
DA:405,0
DA:407,0
DA:408,0
DA:410,0
DA:411,0
DA:413,0
DA:414,0
DA:416,0
DA:424,0
DA:425,0
DA:426,0
DA:427,0
DA:428,0
DA:429,0
DA:431,0
DA:433,0
DA:434,0
DA:436,0
DA:437,0
DA:438,0
DA:444,0
DA:445,0
DA:446,0
DA:447,0
DA:448,0
DA:450,0
DA:452,0
DA:453,0
DA:455,0
DA:456,0
DA:457,0
DA:460,0
DA:465,0
DA:469,0
DA:470,0
DA:471,0
DA:473,0
DA:474,0
DA:475,0
DA:476,0
DA:480,0
DA:481,0
DA:482,0
DA:488,0
DA:489,0
DA:491,0
DA:494,0
DA:500,0
DA:501,0
DA:502,0
DA:504,0
DA:508,0
DA:513,0
DA:520,0
DA:522,0
DA:523,0
DA:524,0
DA:533,0
DA:541,0
DA:543,0
DA:547,0
DA:548,0
DA:549,0
DA:550,0
DA:551,0
DA:552,0
DA:558,0
DA:559,0
DA:560,0
DA:561,0
DA:562,0
DA:564,0
DA:569,0
DA:572,12
LF:178
LH:12
BRDA:180,0,0,2
BRDA:180,0,1,2
BRDA:210,1,0,0
BRDA:210,1,1,0
BRDA:216,2,0,0
BRDA:216,2,1,0
BRDA:226,3,0,0
BRDA:226,3,1,0
BRDA:226,3,2,0
BRDA:226,3,3,0
BRDA:226,3,4,0
BRDA:226,3,5,0
BRDA:226,3,6,0
BRDA:226,3,7,0
BRDA:226,3,8,0
BRDA:226,3,9,0
BRDA:226,3,10,0
BRDA:258,4,0,0
BRDA:258,4,1,0
BRDA:266,5,0,2
BRDA:266,5,1,0
BRDA:274,6,0,0
BRDA:274,6,1,0
BRDA:286,7,0,2
BRDA:286,7,1,2
BRDA:301,8,0,0
BRDA:314,9,0,0
BRDA:367,10,0,0
BRDA:379,11,0,0
BRDA:426,12,0,0
BRDA:428,13,0,0
BRDA:428,13,1,0
BRDA:433,14,0,0
BRDA:444,15,0,0
BRDA:447,16,0,0
BRDA:447,16,1,0
BRDA:452,17,0,0
BRDA:475,18,0,0
BRDA:488,19,0,0
BRDA:531,20,0,0
BRDA:549,21,0,0
BRDA:558,22,0,0
BRDA:6,23,0,2
BRDA:6,23,1,2
BRDA:8,24,0,2
BRDA:8,24,1,2
BRDA:13,25,0,2
BRDA:13,25,1,2
BRDA:14,26,0,2
BRDA:14,26,1,2
BRDA:22,27,0,2
BRDA:22,27,1,2
BRDA:24,28,0,2
BRDA:24,28,1,2
BRDA:32,29,0,2
BRDA:32,29,1,2
BRDA:38,30,0,2
BRDA:38,30,1,2
BRDA:51,31,0,2
BRDA:51,31,1,2
BRDA:63,32,0,2
BRDA:63,32,1,2
BRDA:69,33,0,2
BRDA:69,33,1,2
BRDA:76,34,0,2
BRDA:76,34,1,2
BRDA:95,35,0,2
BRDA:95,35,1,2
BRDA:101,36,0,2
BRDA:101,36,1,2
BRDA:107,37,0,2
BRDA:107,37,1,2
BRDA:113,38,0,2
BRDA:113,38,1,2
BRDA:120,39,0,2
BRDA:120,39,1,2
BRF:76
BRH:39
end_of_record
TN:
SF:src/views/scroll-editor/text-toolbar.vue
FN:44,(anonymous_0)
FN:48,(anonymous_1)
FN:52,(anonymous_2)
FN:17,(anonymous_5)
FNF:4
FNH:0
FNDA:0,(anonymous_0)
FNDA:0,(anonymous_1)
FNDA:0,(anonymous_2)
FNDA:0,(anonymous_5)
DA:17,0
DA:32,12
DA:45,0
DA:49,0
DA:53,0
DA:55,0
DA:56,0
DA:61,12
LF:8
LH:2
BRDA:55,0,0,0
BRDA:11,1,0,0
BRDA:11,1,1,0
BRDA:17,2,0,0
BRDA:17,2,1,0
BRF:5
BRH:0
end_of_record
TN:
SF:src/views/search/artefact-results.vue
FN:63,(anonymous_0)
FN:69,(anonymous_1)
FN:118,(anonymous_2)
FN:138,(anonymous_3)
FN:20,(anonymous_8)
FNF:5
FNH:0
FNDA:0,(anonymous_0)
FNDA:0,(anonymous_1)
FNDA:0,(anonymous_2)
FNDA:0,(anonymous_3)
FNDA:0,(anonymous_8)
DA:3,12
DA:20,0
DA:21,12
DA:49,12
DA:59,12
DA:61,0
DA:64,0
DA:65,0
DA:66,0
DA:73,0
DA:74,0
DA:75,0
DA:81,0
DA:94,0
DA:100,0
DA:101,0
DA:102,0
DA:108,0
DA:115,0
DA:119,0
DA:121,0
DA:122,0
DA:125,0
DA:126,0
DA:127,0
DA:128,0
DA:129,0
DA:130,0
DA:131,0
DA:135,0
DA:139,0
DA:142,12
LF:32
LH:5
BRDA:73,0,0,0
BRDA:121,1,0,0
BRDA:127,2,0,0
BRDA:130,3,0,0
BRDA:130,3,1,0
BRDA:139,4,0,0
BRDA:139,4,1,0
BRDA:4,5,0,0
BRDA:4,5,1,0
BRF:9
BRH:0
end_of_record
TN:
SF:src/views/search/edition-results.vue
FN:44,(anonymous_0)
FN:50,(anonymous_1)
FN:56,(anonymous_2)
FN:56,(anonymous_3)
FN:59,(anonymous_4)
FN:14,(anonymous_8)
FNF:6
FNH:0
FNDA:0,(anonymous_0)
FNDA:0,(anonymous_1)
FNDA:0,(anonymous_2)
FNDA:0,(anonymous_3)
FNDA:0,(anonymous_4)
FNDA:0,(anonymous_8)
DA:3,12
DA:14,0
DA:30,12
DA:40,12
DA:42,0
DA:45,0
DA:46,0
DA:47,0
DA:52,0
DA:53,0
DA:56,0
DA:60,0
DA:63,12
LF:13
LH:4
BRDA:52,0,0,0
BRDA:60,1,0,0
BRDA:60,1,1,0
BRDA:2,2,0,0
BRDA:2,2,1,0
BRDA:4,3,0,0
BRDA:4,3,1,0
BRF:7
BRH:0
end_of_record
TN:
SF:src/views/search/form.vue
FN:117,(anonymous_0)
FN:121,(anonymous_1)
FN:125,(anonymous_2)
FN:129,(anonymous_3)
FN:139,(anonymous_4)
FN:5,(anonymous_7)
FN:9,(anonymous_9)
FN:15,(anonymous_11)
FN:23,(anonymous_13)
FN:27,(anonymous_15)
FN:33,(anonymous_17)
FN:41,(anonymous_19)
FN:46,(anonymous_21)
FN:54,(anonymous_23)
FN:62,(anonymous_25)
FN:67,(anonymous_27)
FN:75,(anonymous_29)
FN:88,(anonymous_32)
FN:91,(anonymous_33)
FNF:19
FNH:0
FNDA:0,(anonymous_0)
FNDA:0,(anonymous_1)
FNDA:0,(anonymous_2)
FNDA:0,(anonymous_3)
FNDA:0,(anonymous_4)
FNDA:0,(anonymous_7)
FNDA:0,(anonymous_9)
FNDA:0,(anonymous_11)
FNDA:0,(anonymous_13)
FNDA:0,(anonymous_15)
FNDA:0,(anonymous_17)
FNDA:0,(anonymous_19)
FNDA:0,(anonymous_21)
FNDA:0,(anonymous_23)
FNDA:0,(anonymous_25)
FNDA:0,(anonymous_27)
FNDA:0,(anonymous_29)
FNDA:0,(anonymous_32)
FNDA:0,(anonymous_33)
DA:5,0
DA:9,0
DA:15,0
DA:23,0
DA:27,0
DA:33,0
DA:41,0
DA:46,0
DA:54,0
DA:62,0
DA:67,0
DA:75,0
DA:88,0
DA:91,0
DA:105,12
DA:112,0
DA:113,0
DA:114,12
DA:118,0
DA:125,0
DA:126,0
DA:130,0
DA:139,12
DA:141,0
DA:144,12
LF:25
LH:4
BRDA:131,0,0,0
BRDA:131,0,1,0
BRDA:131,0,2,0
BRDA:131,0,3,0
BRDA:131,0,4,0
BRDA:5,1,0,0
BRDA:5,1,1,0
BRDA:9,2,0,0
BRDA:9,2,1,0
BRDA:15,3,0,0
BRDA:15,3,1,0
BRDA:23,4,0,0
BRDA:23,4,1,0
BRDA:27,5,0,0
BRDA:27,5,1,0
BRDA:33,6,0,0
BRDA:33,6,1,0
BRDA:41,7,0,0
BRDA:41,7,1,0
BRDA:46,8,0,0
BRDA:46,8,1,0
BRDA:54,9,0,0
BRDA:54,9,1,0
BRDA:62,10,0,0
BRDA:62,10,1,0
BRDA:67,11,0,0
BRDA:67,11,1,0
BRDA:75,12,0,0
BRDA:75,12,1,0
BRDA:88,13,0,0
BRDA:88,13,1,0
BRDA:91,14,0,0
BRDA:91,14,1,0
BRF:33
BRH:0
end_of_record
TN:
SF:src/views/search/imaged-object-results.vue
FN:57,(anonymous_0)
FN:82,(anonymous_1)
FN:88,(anonymous_2)
FN:27,(anonymous_6)
FN:20,(anonymous_8)
FNF:5
FNH:0
FNDA:0,(anonymous_0)
FNDA:0,(anonymous_1)
FNDA:0,(anonymous_2)
FNDA:0,(anonymous_6)
FNDA:0,(anonymous_8)
DA:3,12
DA:14,12
DA:15,12
DA:16,12
DA:20,0
DA:24,12
DA:27,0
DA:48,12
DA:55,12
DA:58,0
DA:60,0
DA:61,0
DA:62,0
DA:63,0
DA:64,0
DA:65,0
DA:66,0
DA:68,0
DA:69,0
DA:71,0
DA:75,0
DA:78,0
DA:80,0
DA:83,0
DA:84,0
DA:85,0
DA:89,0
DA:92,12
LF:28
LH:8
BRDA:60,0,0,0
BRDA:60,0,1,0
BRDA:62,1,0,0
BRDA:65,2,0,0
BRDA:65,2,1,0
BRDA:68,3,0,0
BRDA:89,4,0,0
BRDA:89,4,1,0
BRDA:4,5,0,0
BRDA:4,5,1,0
BRDA:17,6,0,0
BRDA:17,6,1,0
BRDA:25,7,0,0
BRDA:25,7,1,0
BRDA:25,8,0,0
BRDA:25,8,1,0
BRDA:25,9,0,0
BRDA:25,9,1,0
BRF:18
BRH:0
end_of_record
TN:
SF:src/views/search/main.vue
FN:39,(anonymous_0)
FN:43,(anonymous_1)
FN:3,(anonymous_3)
FNF:3
FNH:0
FNDA:0,(anonymous_0)
FNDA:0,(anonymous_1)
FNDA:0,(anonymous_3)
DA:2,12
DA:3,0
DA:25,12
DA:34,0
DA:35,0
DA:36,0
DA:37,0
DA:40,0
DA:44,0
DA:45,0
DA:46,0
DA:47,0
DA:48,0
DA:50,0
DA:54,12
LF:15
LH:3
BRDA:3,0,0,0
BRDA:3,0,1,0
BRF:2
BRH:0
end_of_record
TN:
SF:src/views/search/results.vue
FN:39,(anonymous_0)
FN:40,items
FN:61,(anonymous_2)
FNF:3
FNH:0
FNDA:0,(anonymous_0)
FNDA:0,items
FNDA:0,(anonymous_2)
DA:26,12
DA:36,12
DA:41,0
DA:42,0
DA:45,0
DA:48,0
DA:49,0
DA:53,0
DA:58,0
DA:62,0
DA:63,0
DA:66,0
DA:69,12
LF:13
LH:3
BRDA:41,0,0,0
BRDA:48,1,0,0
BRDA:62,2,0,0
BRDA:3,3,0,0
BRF:4
BRH:0
end_of_record
TN:
SF:src/views/search/text-fragment-results.vue
FN:47,(anonymous_0)
FN:15,(anonymous_5)
FNF:2
FNH:0
FNDA:0,(anonymous_0)
FNDA:0,(anonymous_5)
DA:3,12
DA:15,0
DA:37,12
DA:44,12
DA:48,0
DA:51,12
LF:6
LH:4
BRDA:48,0,0,0
BRDA:48,0,1,0
BRDA:4,1,0,0
BRDA:4,1,1,0
BRF:4
BRH:0
end_of_record
TN:
SF:src/views/search/types.ts
FNF:0
FNH:0
DA:5,0
DA:8,0
DA:11,0
DA:14,0
LF:4
LH:0
BRF:0
BRH:0
end_of_record
TN:
SF:src/views/user/Activation.vue
FN:46,(anonymous_0)
FN:56,(anonymous_1)
FN:5,(anonymous_3)
FN:16,(anonymous_6)
FNF:4
FNH:0
FNDA:0,(anonymous_0)
FNDA:0,(anonymous_1)
FNDA:0,(anonymous_3)
FNDA:0,(anonymous_6)
DA:5,0
DA:16,0
DA:33,12
DA:40,0
DA:41,0
DA:42,0
DA:43,0
DA:44,0
DA:47,0
DA:48,0
DA:49,0
DA:50,0
DA:57,0
DA:60,0
DA:61,0
DA:62,0
DA:63,0
DA:65,0
DA:67,0
DA:72,12
LF:20
LH:2
BRDA:49,0,0,0
BRF:1
BRH:0
end_of_record
TN:
SF:src/views/user/ChangeForgottenPassword.vue
FN:63,(anonymous_0)
FN:68,(anonymous_1)
FN:75,(anonymous_2)
FN:85,(anonymous_3)
FN:5,(anonymous_5)
FN:9,(anonymous_7)
FN:10,(anonymous_9)
FN:14,(anonymous_11)
FN:15,(anonymous_13)
FN:19,(anonymous_15)
FN:30,(anonymous_18)
FNF:11
FNH:0
FNDA:0,(anonymous_0)
FNDA:0,(anonymous_1)
FNDA:0,(anonymous_2)
FNDA:0,(anonymous_3)
FNDA:0,(anonymous_5)
FNDA:0,(anonymous_7)
FNDA:0,(anonymous_9)
FNDA:0,(anonymous_11)
FNDA:0,(anonymous_13)
FNDA:0,(anonymous_15)
FNDA:0,(anonymous_18)
DA:5,0
DA:9,0
DA:10,0
DA:14,0
DA:15,0
DA:19,0
DA:30,0
DA:48,12
DA:54,0
DA:55,0
DA:56,0
DA:57,0
DA:58,0
DA:59,0
DA:60,0
DA:64,0
DA:69,0
DA:70,0
DA:72,0
DA:76,0
DA:77,0
DA:78,0
DA:79,0
DA:80,0
DA:86,0
DA:90,0
DA:91,0
DA:92,0
DA:93,0
DA:95,0
DA:97,0
DA:101,12
LF:32
LH:2
BRDA:64,0,0,0
BRDA:64,0,1,0
BRDA:64,0,2,0
BRDA:64,0,3,0
BRDA:69,1,0,0
BRDA:69,2,0,0
BRDA:69,2,1,0
BRDA:69,2,2,0
BRDA:78,3,0,0
BRDA:10,4,0,0
BRDA:10,4,1,0
BRDA:15,5,0,0
BRDA:15,5,1,0
BRF:13
BRH:0
end_of_record
TN:
SF:src/views/user/ChangePassword.vue
FN:81,(anonymous_0)
FN:91,(anonymous_1)
FN:103,(anonymous_2)
FN:5,(anonymous_4)
FN:8,(anonymous_6)
FN:11,(anonymous_8)
FN:17,(anonymous_10)
FN:20,(anonymous_12)
FN:27,(anonymous_14)
FN:30,(anonymous_16)
FN:37,(anonymous_18)
FN:52,(anonymous_21)
FNF:12
FNH:0
FNDA:0,(anonymous_0)
FNDA:0,(anonymous_1)
FNDA:0,(anonymous_2)
FNDA:0,(anonymous_4)
FNDA:0,(anonymous_6)
FNDA:0,(anonymous_8)
FNDA:0,(anonymous_10)
FNDA:0,(anonymous_12)
FNDA:0,(anonymous_14)
FNDA:0,(anonymous_16)
FNDA:0,(anonymous_18)
FNDA:0,(anonymous_21)
DA:5,0
DA:8,0
DA:11,0
DA:17,0
DA:20,0
DA:27,0
DA:30,0
DA:37,0
DA:52,0
DA:66,12
DA:72,0
DA:73,0
DA:74,0
DA:75,0
DA:76,0
DA:77,0
DA:78,0
DA:82,0
DA:92,0
DA:97,0
DA:99,0
DA:104,0
DA:108,0
DA:110,0
DA:111,0
DA:112,0
DA:114,0
DA:120,0
DA:124,0
DA:128,12
LF:30
LH:2
BRDA:83,0,0,0
BRDA:83,0,1,0
BRDA:83,0,2,0
BRDA:83,0,3,0
BRDA:83,0,4,0
BRDA:92,1,0,0
BRDA:93,2,0,0
BRDA:93,2,1,0
BRDA:93,2,2,0
BRDA:11,3,0,0
BRDA:11,3,1,0
BRDA:20,4,0,0
BRDA:20,4,1,0
BRDA:30,5,0,0
BRDA:30,5,1,0
BRF:15
BRH:0
end_of_record
TN:
SF:src/views/user/ForgotPassword.vue
FN:77,(anonymous_0)
FN:79,(anonymous_1)
FN:80,(anonymous_2)
FN:85,(anonymous_3)
FN:90,(anonymous_4)
FN:96,(anonymous_5)
FN:100,(anonymous_6)
FN:126,(anonymous_7)
FN:130,(anonymous_8)
FN:4,(anonymous_10)
FN:12,(anonymous_13)
FN:19,(anonymous_20)
FN:29,(anonymous_22)
FNF:13
FNH:7
FNDA:12,(anonymous_0)
FNDA:1,(anonymous_1)
FNDA:0,(anonymous_2)
FNDA:0,(anonymous_3)
FNDA:11,(anonymous_4)
FNDA:0,(anonymous_5)
FNDA:0,(anonymous_6)
FNDA:0,(anonymous_7)
FNDA:2,(anonymous_8)
FNDA:0,(anonymous_10)
FNDA:6,(anonymous_13)
FNDA:10,(anonymous_20)
FNDA:6,(anonymous_22)
DA:4,0
DA:12,6
DA:19,10
DA:29,6
DA:33,12
DA:62,12
DA:69,12
DA:70,12
DA:71,12
DA:72,12
DA:73,12
DA:74,12
DA:78,12
DA:80,1
DA:81,0
DA:86,0
DA:91,11
DA:97,0
DA:101,0
DA:103,0
DA:106,0
DA:107,0
DA:108,0
DA:109,0
DA:112,0
DA:118,0
DA:122,0
DA:127,0
DA:131,2
DA:132,2
DA:133,2
DA:137,12
LF:32
LH:18
BRDA:91,0,0,11
BRDA:91,0,1,10
BRDA:101,1,0,0
BRDA:4,2,0,13
BRDA:4,2,1,12
BRDA:12,3,0,6
BRDA:12,3,1,1
BRDA:19,4,0,15
BRDA:19,4,1,1
BRF:9
BRH:8
end_of_record
TN:
SF:src/views/user/Registration.vue
FN:135,(anonymous_0)
FN:137,(anonymous_1)
FN:138,(anonymous_2)
FN:143,(anonymous_3)
FN:150,(anonymous_4)
FN:163,(anonymous_5)
FN:174,(anonymous_6)
FN:178,(anonymous_7)
FN:183,(anonymous_8)
FN:6,(anonymous_10)
FN:11,(anonymous_13)
FN:18,(anonymous_20)
FN:28,(anonymous_23)
FN:38,(anonymous_26)
FN:48,(anonymous_29)
FN:59,(anonymous_32)
FN:70,(anonymous_35)
FN:78,(anonymous_38)
FN:78,(anonymous_40)
FNF:19
FNH:1
FNDA:12,(anonymous_0)
FNDA:0,(anonymous_1)
FNDA:0,(anonymous_2)
FNDA:0,(anonymous_3)
FNDA:0,(anonymous_4)
FNDA:0,(anonymous_5)
FNDA:0,(anonymous_6)
FNDA:0,(anonymous_7)
FNDA:0,(anonymous_8)
FNDA:0,(anonymous_10)
FNDA:0,(anonymous_13)
FNDA:0,(anonymous_20)
FNDA:0,(anonymous_23)
FNDA:0,(anonymous_26)
FNDA:0,(anonymous_29)
FNDA:0,(anonymous_32)
FNDA:0,(anonymous_35)
FNDA:0,(anonymous_38)
FNDA:0,(anonymous_40)
DA:6,0
DA:11,0
DA:18,0
DA:28,0
DA:38,0
DA:48,0
DA:59,0
DA:70,0
DA:78,0
DA:84,12
DA:114,12
DA:121,12
DA:122,12
DA:123,12
DA:124,12
DA:125,12
DA:126,12
DA:127,12
DA:128,12
DA:129,12
DA:130,12
DA:131,12
DA:132,12
DA:136,12
DA:138,0
DA:139,0
DA:144,0
DA:151,0
DA:164,0
DA:169,0
DA:171,0
DA:175,0
DA:179,0
DA:184,0
DA:191,0
DA:193,0
DA:194,0
DA:197,0
DA:203,0
DA:207,0
DA:211,0
DA:216,12
LF:42
LH:16
BRDA:152,0,0,0
BRDA:152,0,1,0
BRDA:152,0,2,0
BRDA:152,0,3,0
BRDA:152,0,4,0
BRDA:152,0,5,0
BRDA:152,0,6,0
BRDA:152,0,7,0
BRDA:164,1,0,0
BRDA:165,2,0,0
BRDA:165,2,1,0
BRDA:165,2,2,0
BRDA:6,3,0,12
BRDA:6,3,1,12
BRDA:11,4,0,0
BRDA:11,4,1,0
BRDA:18,5,0,0
BRDA:18,5,1,0
BRDA:28,6,0,0
BRDA:28,6,1,0
BRDA:38,7,0,0
BRDA:38,7,1,0
BRDA:48,8,0,0
BRDA:48,8,1,0
BRDA:59,9,0,0
BRDA:59,9,1,0
BRDA:70,10,0,0
BRDA:70,10,1,0
BRDA:78,11,0,0
BRDA:78,11,1,0
BRDA:78,12,0,0
BRDA:78,12,1,0
BRF:32
BRH:2
end_of_record
TN:
SF:src/views/user/UpdateUser.vue
FN:90,(anonymous_0)
FN:102,(anonymous_1)
FN:5,(anonymous_3)
FN:9,(anonymous_5)
FN:12,(anonymous_7)
FN:19,(anonymous_9)
FN:21,(anonymous_11)
FN:26,(anonymous_13)
FN:28,(anonymous_15)
FN:33,(anonymous_17)
FN:35,(anonymous_19)
FN:40,(anonymous_21)
FN:42,(anonymous_23)
FN:58,(anonymous_26)
FNF:14
FNH:0
FNDA:0,(anonymous_0)
FNDA:0,(anonymous_1)
FNDA:0,(anonymous_3)
FNDA:0,(anonymous_5)
FNDA:0,(anonymous_7)
FNDA:0,(anonymous_9)
FNDA:0,(anonymous_11)
FNDA:0,(anonymous_13)
FNDA:0,(anonymous_15)
FNDA:0,(anonymous_17)
FNDA:0,(anonymous_19)
FNDA:0,(anonymous_21)
FNDA:0,(anonymous_23)
FNDA:0,(anonymous_26)
DA:5,0
DA:9,0
DA:12,0
DA:19,0
DA:21,0
DA:26,0
DA:28,0
DA:33,0
DA:35,0
DA:40,0
DA:42,0
DA:58,0
DA:72,12
DA:77,0
DA:78,0
DA:79,0
DA:80,0
DA:82,0
DA:83,0
DA:84,0
DA:85,0
DA:86,0
DA:91,0
DA:103,0
DA:104,0
DA:105,0
DA:107,0
DA:115,0
DA:117,0
DA:118,0
DA:119,0
DA:122,0
DA:127,0
DA:128,0
DA:135,0
DA:137,0
DA:141,0
DA:145,12
LF:38
LH:2
BRDA:92,0,0,0
BRDA:92,0,1,0
BRDA:92,0,2,0
BRDA:92,0,3,0
BRDA:92,0,4,0
BRDA:104,1,0,0
BRDA:127,2,0,0
BRDA:12,3,0,0
BRDA:12,3,1,0
BRDA:21,4,0,0
BRDA:21,4,1,0
BRDA:28,5,0,0
BRDA:28,5,1,0
BRDA:35,6,0,0
BRDA:35,6,1,0
BRDA:42,7,0,0
BRDA:42,7,1,0
BRF:17
BRH:0
end_of_record
